<!DOCTYPE html>
<html>
  <head>
    <meta charset="utf-8"/>
    <title id="head-title">report.html</title>
      <link href="assets\style.css" rel="stylesheet" type="text/css"/>
  </head>
  <body>
    <h1 id="title">report.html</h1>
    <p>Report generated on 26-Dec-2024 at 18:29:10 by <a href="https://pypi.python.org/pypi/pytest-html">pytest-html</a>
        v4.1.1</p>
    <div id="environment-header">
      <h2>Environment</h2>
    </div>
    <table id="environment"></table>
    <!-- TEMPLATES -->
      <template id="template_environment_row">
      <tr>
        <td></td>
        <td></td>
      </tr>
    </template>
    <template id="template_results-table__body--empty">
      <tbody class="results-table-row">
        <tr id="not-found-message">
          <td colspan="4">No results found. Check the filters.</th>
        </tr>
    </template>
    <template id="template_results-table__tbody">
      <tbody class="results-table-row">
        <tr class="collapsible">
        </tr>
        <tr class="extras-row">
          <td class="extra" colspan="4">
            <div class="extraHTML"></div>
            <div class="media">
              <div class="media-container">
                  <div class="media-container__nav--left"><</div>
                  <div class="media-container__viewport">
                    <img src="" />
                    <video controls>
                      <source src="" type="video/mp4">
                    </video>
                  </div>
                  <div class="media-container__nav--right">></div>
                </div>
                <div class="media__name"></div>
                <div class="media__counter"></div>
            </div>
            <div class="logwrapper">
              <div class="logexpander"></div>
              <div class="log"></div>
            </div>
          </td>
        </tr>
      </tbody>
    </template>
    <!-- END TEMPLATES -->
    <div class="summary">
      <div class="summary__data">
        <h2>Summary</h2>
        <div class="additional-summary prefix">
        </div>
        <p class="run-count">115 tests took 00:00:06.</p>
        <p class="filter">(Un)check the boxes to filter the results.</p>
        <div class="summary__reload">
          <div class="summary__reload__button hidden" onclick="location.reload()">
            <div>There are still tests running. <br />Reload this page to get the latest results!</div>
          </div>
        </div>
        <div class="summary__spacer"></div>
        <div class="controls">
          <div class="filters">
            <input checked="true" class="filter" name="filter_checkbox" type="checkbox" data-test-result="failed" />
            <span class="failed">5 Failed,</span>
            <input checked="true" class="filter" name="filter_checkbox" type="checkbox" data-test-result="passed" />
            <span class="passed">110 Passed,</span>
            <input checked="true" class="filter" name="filter_checkbox" type="checkbox" data-test-result="skipped" />
            <span class="skipped">3 Skipped,</span>
            <input checked="true" class="filter" name="filter_checkbox" type="checkbox" data-test-result="xfailed" disabled/>
            <span class="xfailed">0 Expected failures,</span>
            <input checked="true" class="filter" name="filter_checkbox" type="checkbox" data-test-result="xpassed" disabled/>
            <span class="xpassed">0 Unexpected passes,</span>
            <input checked="true" class="filter" name="filter_checkbox" type="checkbox" data-test-result="error" disabled/>
            <span class="error">0 Errors,</span>
            <input checked="true" class="filter" name="filter_checkbox" type="checkbox" data-test-result="rerun" disabled/>
            <span class="rerun">0 Reruns</span>
          </div>
          <div class="collapse">
            <button id="show_all_details">Show all details</button>&nbsp;/&nbsp;<button id="hide_all_details">Hide all details</button>
          </div>
        </div>
      </div>
      <div class="additional-summary summary">
      </div>
      <div class="additional-summary postfix">
      </div>
    </div>
    <table id="results-table">
      <thead id="results-table-head">
        <tr>
          <th class="sortable" data-column-type="result">Result</th>
          <th class="sortable" data-column-type="testId">Test</th>
          <th class="sortable" data-column-type="duration">Duration</th>
          <th>Links</th>
        </tr>
      </thead>
    </table>
  </body>
  <footer>
    <div id="data-container" data-jsonblob="{&#34;environment&#34;: {&#34;Python&#34;: &#34;3.13.0&#34;, &#34;Platform&#34;: &#34;Windows-11-10.0.22631-SP0&#34;, &#34;Packages&#34;: {&#34;pytest&#34;: &#34;8.3.4&#34;, &#34;pluggy&#34;: &#34;1.5.0&#34;}, &#34;Plugins&#34;: {&#34;anyio&#34;: &#34;4.7.0&#34;, &#34;asyncio&#34;: &#34;0.25.0&#34;, &#34;cov&#34;: &#34;6.0.0&#34;, &#34;html&#34;: &#34;4.1.1&#34;, &#34;metadata&#34;: &#34;3.1.1&#34;, &#34;xdist&#34;: &#34;3.6.1&#34;}}, &#34;tests&#34;: {&#34;src/tests/controller_tests/test_book_controller.py::TestBookHandler::test_create_book_success&#34;: [{&#34;extras&#34;: [], &#34;result&#34;: &#34;Passed&#34;, &#34;testId&#34;: &#34;src/tests/controller_tests/test_book_controller.py::TestBookHandler::test_create_book_success&#34;, &#34;duration&#34;: &#34;74 ms&#34;, &#34;resultsTableRow&#34;: [&#34;&lt;td class=\&#34;col-result\&#34;&gt;Passed&lt;/td&gt;&#34;, &#34;&lt;td class=\&#34;col-testId\&#34;&gt;src/tests/controller_tests/test_book_controller.py::TestBookHandler::test_create_book_success&lt;/td&gt;&#34;, &#34;&lt;td class=\&#34;col-duration\&#34;&gt;74 ms&lt;/td&gt;&#34;, &#34;&lt;td class=\&#34;col-links\&#34;&gt;&lt;/td&gt;&#34;], &#34;log&#34;: &#34;------------------------------ Captured log call -------------------------------\nDEBUG    ThreadSafeLogger:logger.py:88 Entering create_book\nUser Context:\n  - user_id: admin-id\n  - role: admin\nRequest Context:\n  - method: POST\n  - path: /\n  - client_ip: 127.0.0.1\n  - headers: {}\n  - body: {}\n\nINFO     ThreadSafeLogger:logger.py:79 Book added successfully\nINFO     ThreadSafeLogger:logger.py:79 create_book executed successfully.\nDEBUG    ThreadSafeLogger:logger.py:88 Exiting create_book\n\n&#34;}], &#34;src/tests/controller_tests/test_book_controller.py::TestBookHandler::test_create_book_error&#34;: [{&#34;extras&#34;: [], &#34;result&#34;: &#34;Passed&#34;, &#34;testId&#34;: &#34;src/tests/controller_tests/test_book_controller.py::TestBookHandler::test_create_book_error&#34;, &#34;duration&#34;: &#34;22 ms&#34;, &#34;resultsTableRow&#34;: [&#34;&lt;td class=\&#34;col-result\&#34;&gt;Passed&lt;/td&gt;&#34;, &#34;&lt;td class=\&#34;col-testId\&#34;&gt;src/tests/controller_tests/test_book_controller.py::TestBookHandler::test_create_book_error&lt;/td&gt;&#34;, &#34;&lt;td class=\&#34;col-duration\&#34;&gt;22 ms&lt;/td&gt;&#34;, &#34;&lt;td class=\&#34;col-links\&#34;&gt;&lt;/td&gt;&#34;], &#34;log&#34;: &#34;------------------------------ Captured log call -------------------------------\nDEBUG    ThreadSafeLogger:logger.py:88 Entering create_book\nUser Context:\n  - user_id: admin-id\n  - role: admin\nRequest Context:\n  - method: POST\n  - path: /\n  - client_ip: 127.0.0.1\n  - headers: {}\n  - body: {}\n\nERROR    ThreadSafeLogger:logger.py:82 Database error\nINFO     ThreadSafeLogger:logger.py:79 create_book executed successfully.\nDEBUG    ThreadSafeLogger:logger.py:88 Exiting create_book\n\n&#34;}], &#34;src/tests/controller_tests/test_book_controller.py::TestBookHandler::test_update_book_success&#34;: [{&#34;extras&#34;: [], &#34;result&#34;: &#34;Passed&#34;, &#34;testId&#34;: &#34;src/tests/controller_tests/test_book_controller.py::TestBookHandler::test_update_book_success&#34;, &#34;duration&#34;: &#34;22 ms&#34;, &#34;resultsTableRow&#34;: [&#34;&lt;td class=\&#34;col-result\&#34;&gt;Passed&lt;/td&gt;&#34;, &#34;&lt;td class=\&#34;col-testId\&#34;&gt;src/tests/controller_tests/test_book_controller.py::TestBookHandler::test_update_book_success&lt;/td&gt;&#34;, &#34;&lt;td class=\&#34;col-duration\&#34;&gt;22 ms&lt;/td&gt;&#34;, &#34;&lt;td class=\&#34;col-links\&#34;&gt;&lt;/td&gt;&#34;], &#34;log&#34;: &#34;------------------------------ Captured log call -------------------------------\nDEBUG    ThreadSafeLogger:logger.py:88 Entering update_book\nUser Context:\n  - user_id: admin-id\n  - role: admin\nRequest Context:\n  - method: POST\n  - path: /\n  - client_ip: 127.0.0.1\n  - headers: {}\n  - body: {}\n\nINFO     ThreadSafeLogger:logger.py:79 Book update successfully\nINFO     ThreadSafeLogger:logger.py:79 update_book executed successfully.\nDEBUG    ThreadSafeLogger:logger.py:88 Exiting update_book\n\n&#34;}], &#34;src/tests/controller_tests/test_book_controller.py::TestBookHandler::test_update_book_not_exists&#34;: [{&#34;extras&#34;: [], &#34;result&#34;: &#34;Passed&#34;, &#34;testId&#34;: &#34;src/tests/controller_tests/test_book_controller.py::TestBookHandler::test_update_book_not_exists&#34;, &#34;duration&#34;: &#34;21 ms&#34;, &#34;resultsTableRow&#34;: [&#34;&lt;td class=\&#34;col-result\&#34;&gt;Passed&lt;/td&gt;&#34;, &#34;&lt;td class=\&#34;col-testId\&#34;&gt;src/tests/controller_tests/test_book_controller.py::TestBookHandler::test_update_book_not_exists&lt;/td&gt;&#34;, &#34;&lt;td class=\&#34;col-duration\&#34;&gt;21 ms&lt;/td&gt;&#34;, &#34;&lt;td class=\&#34;col-links\&#34;&gt;&lt;/td&gt;&#34;], &#34;log&#34;: &#34;------------------------------ Captured log call -------------------------------\nDEBUG    ThreadSafeLogger:logger.py:88 Entering update_book\nUser Context:\n  - user_id: admin-id\n  - role: admin\nRequest Context:\n  - method: POST\n  - path: /\n  - client_ip: 127.0.0.1\n  - headers: {}\n  - body: {}\n\nINFO     ThreadSafeLogger:logger.py:79 update_book executed successfully.\nDEBUG    ThreadSafeLogger:logger.py:88 Exiting update_book\n\n&#34;}], &#34;src/tests/controller_tests/test_book_controller.py::TestBookHandler::test_update_book_error&#34;: [{&#34;extras&#34;: [], &#34;result&#34;: &#34;Passed&#34;, &#34;testId&#34;: &#34;src/tests/controller_tests/test_book_controller.py::TestBookHandler::test_update_book_error&#34;, &#34;duration&#34;: &#34;23 ms&#34;, &#34;resultsTableRow&#34;: [&#34;&lt;td class=\&#34;col-result\&#34;&gt;Passed&lt;/td&gt;&#34;, &#34;&lt;td class=\&#34;col-testId\&#34;&gt;src/tests/controller_tests/test_book_controller.py::TestBookHandler::test_update_book_error&lt;/td&gt;&#34;, &#34;&lt;td class=\&#34;col-duration\&#34;&gt;23 ms&lt;/td&gt;&#34;, &#34;&lt;td class=\&#34;col-links\&#34;&gt;&lt;/td&gt;&#34;], &#34;log&#34;: &#34;------------------------------ Captured log call -------------------------------\nDEBUG    ThreadSafeLogger:logger.py:88 Entering update_book\nUser Context:\n  - user_id: admin-id\n  - role: admin\nRequest Context:\n  - method: POST\n  - path: /\n  - client_ip: 127.0.0.1\n  - headers: {}\n  - body: {}\n\nERROR    ThreadSafeLogger:logger.py:82 Database error\nINFO     ThreadSafeLogger:logger.py:79 update_book executed successfully.\nDEBUG    ThreadSafeLogger:logger.py:88 Exiting update_book\n\n&#34;}], &#34;src/tests/controller_tests/test_book_controller.py::TestBookHandler::test_remove_book_success&#34;: [{&#34;extras&#34;: [], &#34;result&#34;: &#34;Passed&#34;, &#34;testId&#34;: &#34;src/tests/controller_tests/test_book_controller.py::TestBookHandler::test_remove_book_success&#34;, &#34;duration&#34;: &#34;21 ms&#34;, &#34;resultsTableRow&#34;: [&#34;&lt;td class=\&#34;col-result\&#34;&gt;Passed&lt;/td&gt;&#34;, &#34;&lt;td class=\&#34;col-testId\&#34;&gt;src/tests/controller_tests/test_book_controller.py::TestBookHandler::test_remove_book_success&lt;/td&gt;&#34;, &#34;&lt;td class=\&#34;col-duration\&#34;&gt;21 ms&lt;/td&gt;&#34;, &#34;&lt;td class=\&#34;col-links\&#34;&gt;&lt;/td&gt;&#34;], &#34;log&#34;: &#34;------------------------------ Captured log call -------------------------------\nDEBUG    ThreadSafeLogger:logger.py:88 Entering remove_book\nUser Context:\n  - user_id: admin-id\n  - role: admin\nRequest Context:\n  - method: POST\n  - path: /\n  - client_ip: 127.0.0.1\n  - headers: {}\n  - body: {}\n\nINFO     ThreadSafeLogger:logger.py:79 Book delete successfully\nINFO     ThreadSafeLogger:logger.py:79 remove_book executed successfully.\nDEBUG    ThreadSafeLogger:logger.py:88 Exiting remove_book\n\n&#34;}], &#34;src/tests/controller_tests/test_book_controller.py::TestBookHandler::test_remove_book_not_exists&#34;: [{&#34;extras&#34;: [], &#34;result&#34;: &#34;Passed&#34;, &#34;testId&#34;: &#34;src/tests/controller_tests/test_book_controller.py::TestBookHandler::test_remove_book_not_exists&#34;, &#34;duration&#34;: &#34;19 ms&#34;, &#34;resultsTableRow&#34;: [&#34;&lt;td class=\&#34;col-result\&#34;&gt;Passed&lt;/td&gt;&#34;, &#34;&lt;td class=\&#34;col-testId\&#34;&gt;src/tests/controller_tests/test_book_controller.py::TestBookHandler::test_remove_book_not_exists&lt;/td&gt;&#34;, &#34;&lt;td class=\&#34;col-duration\&#34;&gt;19 ms&lt;/td&gt;&#34;, &#34;&lt;td class=\&#34;col-links\&#34;&gt;&lt;/td&gt;&#34;], &#34;log&#34;: &#34;------------------------------ Captured log call -------------------------------\nDEBUG    ThreadSafeLogger:logger.py:88 Entering remove_book\nUser Context:\n  - user_id: admin-id\n  - role: admin\nRequest Context:\n  - method: POST\n  - path: /\n  - client_ip: 127.0.0.1\n  - headers: {}\n  - body: {}\n\nINFO     ThreadSafeLogger:logger.py:79 remove_book executed successfully.\nDEBUG    ThreadSafeLogger:logger.py:88 Exiting remove_book\n\n&#34;}], &#34;src/tests/controller_tests/test_book_controller.py::TestBookHandler::test_remove_book_error&#34;: [{&#34;extras&#34;: [], &#34;result&#34;: &#34;Passed&#34;, &#34;testId&#34;: &#34;src/tests/controller_tests/test_book_controller.py::TestBookHandler::test_remove_book_error&#34;, &#34;duration&#34;: &#34;21 ms&#34;, &#34;resultsTableRow&#34;: [&#34;&lt;td class=\&#34;col-result\&#34;&gt;Passed&lt;/td&gt;&#34;, &#34;&lt;td class=\&#34;col-testId\&#34;&gt;src/tests/controller_tests/test_book_controller.py::TestBookHandler::test_remove_book_error&lt;/td&gt;&#34;, &#34;&lt;td class=\&#34;col-duration\&#34;&gt;21 ms&lt;/td&gt;&#34;, &#34;&lt;td class=\&#34;col-links\&#34;&gt;&lt;/td&gt;&#34;], &#34;log&#34;: &#34;------------------------------ Captured log call -------------------------------\nDEBUG    ThreadSafeLogger:logger.py:88 Entering remove_book\nUser Context:\n  - user_id: admin-id\n  - role: admin\nRequest Context:\n  - method: POST\n  - path: /\n  - client_ip: 127.0.0.1\n  - headers: {}\n  - body: {}\n\nERROR    ThreadSafeLogger:logger.py:82 Database error\nINFO     ThreadSafeLogger:logger.py:79 remove_book executed successfully.\nDEBUG    ThreadSafeLogger:logger.py:88 Exiting remove_book\n\n&#34;}], &#34;src/tests/controller_tests/test_book_controller.py::TestBookHandler::test_delete_book_success&#34;: [{&#34;extras&#34;: [], &#34;result&#34;: &#34;Passed&#34;, &#34;testId&#34;: &#34;src/tests/controller_tests/test_book_controller.py::TestBookHandler::test_delete_book_success&#34;, &#34;duration&#34;: &#34;21 ms&#34;, &#34;resultsTableRow&#34;: [&#34;&lt;td class=\&#34;col-result\&#34;&gt;Passed&lt;/td&gt;&#34;, &#34;&lt;td class=\&#34;col-testId\&#34;&gt;src/tests/controller_tests/test_book_controller.py::TestBookHandler::test_delete_book_success&lt;/td&gt;&#34;, &#34;&lt;td class=\&#34;col-duration\&#34;&gt;21 ms&lt;/td&gt;&#34;, &#34;&lt;td class=\&#34;col-links\&#34;&gt;&lt;/td&gt;&#34;], &#34;log&#34;: &#34;------------------------------ Captured log call -------------------------------\nDEBUG    ThreadSafeLogger:logger.py:88 Entering delete_book\nUser Context:\n  - user_id: admin-id\n  - role: admin\nRequest Context:\n  - method: POST\n  - path: /\n  - client_ip: 127.0.0.1\n  - headers: {}\n  - body: {}\n\nINFO     ThreadSafeLogger:logger.py:79 Book delete successfully\nINFO     ThreadSafeLogger:logger.py:79 delete_book executed successfully.\nDEBUG    ThreadSafeLogger:logger.py:88 Exiting delete_book\n\n&#34;}], &#34;src/tests/controller_tests/test_book_controller.py::TestBookHandler::test_delete_book_not_exists&#34;: [{&#34;extras&#34;: [], &#34;result&#34;: &#34;Passed&#34;, &#34;testId&#34;: &#34;src/tests/controller_tests/test_book_controller.py::TestBookHandler::test_delete_book_not_exists&#34;, &#34;duration&#34;: &#34;20 ms&#34;, &#34;resultsTableRow&#34;: [&#34;&lt;td class=\&#34;col-result\&#34;&gt;Passed&lt;/td&gt;&#34;, &#34;&lt;td class=\&#34;col-testId\&#34;&gt;src/tests/controller_tests/test_book_controller.py::TestBookHandler::test_delete_book_not_exists&lt;/td&gt;&#34;, &#34;&lt;td class=\&#34;col-duration\&#34;&gt;20 ms&lt;/td&gt;&#34;, &#34;&lt;td class=\&#34;col-links\&#34;&gt;&lt;/td&gt;&#34;], &#34;log&#34;: &#34;------------------------------ Captured log call -------------------------------\nDEBUG    ThreadSafeLogger:logger.py:88 Entering delete_book\nUser Context:\n  - user_id: admin-id\n  - role: admin\nRequest Context:\n  - method: POST\n  - path: /\n  - client_ip: 127.0.0.1\n  - headers: {}\n  - body: {}\n\nINFO     ThreadSafeLogger:logger.py:79 delete_book executed successfully.\nDEBUG    ThreadSafeLogger:logger.py:88 Exiting delete_book\n\n&#34;}], &#34;src/tests/controller_tests/test_book_controller.py::TestBookHandler::test_delete_book_error&#34;: [{&#34;extras&#34;: [], &#34;result&#34;: &#34;Passed&#34;, &#34;testId&#34;: &#34;src/tests/controller_tests/test_book_controller.py::TestBookHandler::test_delete_book_error&#34;, &#34;duration&#34;: &#34;20 ms&#34;, &#34;resultsTableRow&#34;: [&#34;&lt;td class=\&#34;col-result\&#34;&gt;Passed&lt;/td&gt;&#34;, &#34;&lt;td class=\&#34;col-testId\&#34;&gt;src/tests/controller_tests/test_book_controller.py::TestBookHandler::test_delete_book_error&lt;/td&gt;&#34;, &#34;&lt;td class=\&#34;col-duration\&#34;&gt;20 ms&lt;/td&gt;&#34;, &#34;&lt;td class=\&#34;col-links\&#34;&gt;&lt;/td&gt;&#34;], &#34;log&#34;: &#34;------------------------------ Captured log call -------------------------------\nDEBUG    ThreadSafeLogger:logger.py:88 Entering delete_book\nUser Context:\n  - user_id: admin-id\n  - role: admin\nRequest Context:\n  - method: POST\n  - path: /\n  - client_ip: 127.0.0.1\n  - headers: {}\n  - body: {}\n\nERROR    ThreadSafeLogger:logger.py:82 Database error\nINFO     ThreadSafeLogger:logger.py:79 delete_book executed successfully.\nDEBUG    ThreadSafeLogger:logger.py:88 Exiting delete_book\n\n&#34;}], &#34;src/tests/controller_tests/test_book_controller.py::TestBookHandler::test_get_all_books_success&#34;: [{&#34;extras&#34;: [], &#34;result&#34;: &#34;Passed&#34;, &#34;testId&#34;: &#34;src/tests/controller_tests/test_book_controller.py::TestBookHandler::test_get_all_books_success&#34;, &#34;duration&#34;: &#34;21 ms&#34;, &#34;resultsTableRow&#34;: [&#34;&lt;td class=\&#34;col-result\&#34;&gt;Passed&lt;/td&gt;&#34;, &#34;&lt;td class=\&#34;col-testId\&#34;&gt;src/tests/controller_tests/test_book_controller.py::TestBookHandler::test_get_all_books_success&lt;/td&gt;&#34;, &#34;&lt;td class=\&#34;col-duration\&#34;&gt;21 ms&lt;/td&gt;&#34;, &#34;&lt;td class=\&#34;col-links\&#34;&gt;&lt;/td&gt;&#34;], &#34;log&#34;: &#34;------------------------------ Captured log call -------------------------------\nDEBUG    ThreadSafeLogger:logger.py:88 Entering get_all_books\nUser Context:\n  - user_id: admin-id\n  - role: admin\nRequest Context:\n  - method: POST\n  - path: /\n  - client_ip: 127.0.0.1\n  - headers: {}\n  - body: {}\n\nINFO     ThreadSafeLogger:logger.py:79 Book fetched successfully\nINFO     ThreadSafeLogger:logger.py:79 get_all_books executed successfully.\nDEBUG    ThreadSafeLogger:logger.py:88 Exiting get_all_books\n\n&#34;}], &#34;src/tests/controller_tests/test_book_controller.py::TestBookHandler::test_get_all_books_empty&#34;: [{&#34;extras&#34;: [], &#34;result&#34;: &#34;Passed&#34;, &#34;testId&#34;: &#34;src/tests/controller_tests/test_book_controller.py::TestBookHandler::test_get_all_books_empty&#34;, &#34;duration&#34;: &#34;22 ms&#34;, &#34;resultsTableRow&#34;: [&#34;&lt;td class=\&#34;col-result\&#34;&gt;Passed&lt;/td&gt;&#34;, &#34;&lt;td class=\&#34;col-testId\&#34;&gt;src/tests/controller_tests/test_book_controller.py::TestBookHandler::test_get_all_books_empty&lt;/td&gt;&#34;, &#34;&lt;td class=\&#34;col-duration\&#34;&gt;22 ms&lt;/td&gt;&#34;, &#34;&lt;td class=\&#34;col-links\&#34;&gt;&lt;/td&gt;&#34;], &#34;log&#34;: &#34;------------------------------ Captured log call -------------------------------\nDEBUG    ThreadSafeLogger:logger.py:88 Entering get_all_books\nUser Context:\n  - user_id: admin-id\n  - role: admin\nRequest Context:\n  - method: POST\n  - path: /\n  - client_ip: 127.0.0.1\n  - headers: {}\n  - body: {}\n\nINFO     ThreadSafeLogger:logger.py:79 Book fetched successfully\nINFO     ThreadSafeLogger:logger.py:79 get_all_books executed successfully.\nDEBUG    ThreadSafeLogger:logger.py:88 Exiting get_all_books\n\n&#34;}], &#34;src/tests/controller_tests/test_book_controller.py::TestBookHandler::test_get_all_books_error&#34;: [{&#34;extras&#34;: [], &#34;result&#34;: &#34;Passed&#34;, &#34;testId&#34;: &#34;src/tests/controller_tests/test_book_controller.py::TestBookHandler::test_get_all_books_error&#34;, &#34;duration&#34;: &#34;21 ms&#34;, &#34;resultsTableRow&#34;: [&#34;&lt;td class=\&#34;col-result\&#34;&gt;Passed&lt;/td&gt;&#34;, &#34;&lt;td class=\&#34;col-testId\&#34;&gt;src/tests/controller_tests/test_book_controller.py::TestBookHandler::test_get_all_books_error&lt;/td&gt;&#34;, &#34;&lt;td class=\&#34;col-duration\&#34;&gt;21 ms&lt;/td&gt;&#34;, &#34;&lt;td class=\&#34;col-links\&#34;&gt;&lt;/td&gt;&#34;], &#34;log&#34;: &#34;------------------------------ Captured log call -------------------------------\nDEBUG    ThreadSafeLogger:logger.py:88 Entering get_all_books\nUser Context:\n  - user_id: admin-id\n  - role: admin\nRequest Context:\n  - method: POST\n  - path: /\n  - client_ip: 127.0.0.1\n  - headers: {}\n  - body: {}\n\nERROR    ThreadSafeLogger:logger.py:82 Database error\nINFO     ThreadSafeLogger:logger.py:79 get_all_books executed successfully.\nDEBUG    ThreadSafeLogger:logger.py:88 Exiting get_all_books\n\n&#34;}], &#34;src/tests/controller_tests/test_book_controller.py::TestBookHandler::test_get_book_by_title_success&#34;: [{&#34;extras&#34;: [], &#34;result&#34;: &#34;Passed&#34;, &#34;testId&#34;: &#34;src/tests/controller_tests/test_book_controller.py::TestBookHandler::test_get_book_by_title_success&#34;, &#34;duration&#34;: &#34;21 ms&#34;, &#34;resultsTableRow&#34;: [&#34;&lt;td class=\&#34;col-result\&#34;&gt;Passed&lt;/td&gt;&#34;, &#34;&lt;td class=\&#34;col-testId\&#34;&gt;src/tests/controller_tests/test_book_controller.py::TestBookHandler::test_get_book_by_title_success&lt;/td&gt;&#34;, &#34;&lt;td class=\&#34;col-duration\&#34;&gt;21 ms&lt;/td&gt;&#34;, &#34;&lt;td class=\&#34;col-links\&#34;&gt;&lt;/td&gt;&#34;], &#34;log&#34;: &#34;------------------------------ Captured log call -------------------------------\nDEBUG    ThreadSafeLogger:logger.py:88 Entering get_all_books\nUser Context:\n  - user_id: Unknown\n  - role: Unknown\nRequest Context:\n  - method: GET\n  - path: /\n  - client_ip: 127.0.0.1\n  - headers: {}\n  - body: {}\n\nINFO     ThreadSafeLogger:logger.py:79 Book fetched successfully\nINFO     ThreadSafeLogger:logger.py:79 get_all_books executed successfully.\nDEBUG    ThreadSafeLogger:logger.py:88 Exiting get_all_books\n\n&#34;}], &#34;src/tests/controller_tests/test_book_controller.py::TestBookHandler::test_get_book_by_title_not_found&#34;: [{&#34;extras&#34;: [], &#34;result&#34;: &#34;Passed&#34;, &#34;testId&#34;: &#34;src/tests/controller_tests/test_book_controller.py::TestBookHandler::test_get_book_by_title_not_found&#34;, &#34;duration&#34;: &#34;21 ms&#34;, &#34;resultsTableRow&#34;: [&#34;&lt;td class=\&#34;col-result\&#34;&gt;Passed&lt;/td&gt;&#34;, &#34;&lt;td class=\&#34;col-testId\&#34;&gt;src/tests/controller_tests/test_book_controller.py::TestBookHandler::test_get_book_by_title_not_found&lt;/td&gt;&#34;, &#34;&lt;td class=\&#34;col-duration\&#34;&gt;21 ms&lt;/td&gt;&#34;, &#34;&lt;td class=\&#34;col-links\&#34;&gt;&lt;/td&gt;&#34;], &#34;log&#34;: &#34;------------------------------ Captured log call -------------------------------\nDEBUG    ThreadSafeLogger:logger.py:88 Entering get_all_books\nUser Context:\n  - user_id: Unknown\n  - role: Unknown\nRequest Context:\n  - method: GET\n  - path: /\n  - client_ip: 127.0.0.1\n  - headers: {}\n  - body: {}\n\nINFO     ThreadSafeLogger:logger.py:79 Book fetched successfully\nINFO     ThreadSafeLogger:logger.py:79 get_all_books executed successfully.\nDEBUG    ThreadSafeLogger:logger.py:88 Exiting get_all_books\n\n&#34;}], &#34;src/tests/controller_tests/test_book_controller.py::TestBookHandler::test_get_book_by_title_error&#34;: [{&#34;extras&#34;: [], &#34;result&#34;: &#34;Passed&#34;, &#34;testId&#34;: &#34;src/tests/controller_tests/test_book_controller.py::TestBookHandler::test_get_book_by_title_error&#34;, &#34;duration&#34;: &#34;20 ms&#34;, &#34;resultsTableRow&#34;: [&#34;&lt;td class=\&#34;col-result\&#34;&gt;Passed&lt;/td&gt;&#34;, &#34;&lt;td class=\&#34;col-testId\&#34;&gt;src/tests/controller_tests/test_book_controller.py::TestBookHandler::test_get_book_by_title_error&lt;/td&gt;&#34;, &#34;&lt;td class=\&#34;col-duration\&#34;&gt;20 ms&lt;/td&gt;&#34;, &#34;&lt;td class=\&#34;col-links\&#34;&gt;&lt;/td&gt;&#34;], &#34;log&#34;: &#34;------------------------------ Captured log call -------------------------------\nDEBUG    ThreadSafeLogger:logger.py:88 Entering get_all_books\nUser Context:\n  - user_id: Unknown\n  - role: Unknown\nRequest Context:\n  - method: GET\n  - path: /\n  - client_ip: 127.0.0.1\n  - headers: {}\n  - body: {}\n\nERROR    ThreadSafeLogger:logger.py:82 Database error\nINFO     ThreadSafeLogger:logger.py:79 get_all_books executed successfully.\nDEBUG    ThreadSafeLogger:logger.py:88 Exiting get_all_books\n\n&#34;}], &#34;src/tests/controller_tests/test_issue_book_controller.py::TestIssueBookHandler::test_issue_book_success&#34;: [{&#34;extras&#34;: [], &#34;result&#34;: &#34;Passed&#34;, &#34;testId&#34;: &#34;src/tests/controller_tests/test_issue_book_controller.py::TestIssueBookHandler::test_issue_book_success&#34;, &#34;duration&#34;: &#34;22 ms&#34;, &#34;resultsTableRow&#34;: [&#34;&lt;td class=\&#34;col-result\&#34;&gt;Passed&lt;/td&gt;&#34;, &#34;&lt;td class=\&#34;col-testId\&#34;&gt;src/tests/controller_tests/test_issue_book_controller.py::TestIssueBookHandler::test_issue_book_success&lt;/td&gt;&#34;, &#34;&lt;td class=\&#34;col-duration\&#34;&gt;22 ms&lt;/td&gt;&#34;, &#34;&lt;td class=\&#34;col-links\&#34;&gt;&lt;/td&gt;&#34;], &#34;log&#34;: &#34;------------------------------ Captured log call -------------------------------\nDEBUG    ThreadSafeLogger:logger.py:88 Entering issue_book_by_user\nUser Context:\n  - user_id: test-user-id\n  - role: user\nRequest Context:\n  - method: POST\n  - path: /\n  - client_ip: 127.0.0.1\n  - headers: {}\n  - body: {}\n\nINFO     ThreadSafeLogger:logger.py:79 Book issued successfully\nINFO     ThreadSafeLogger:logger.py:79 issue_book_by_user executed successfully.\nDEBUG    ThreadSafeLogger:logger.py:88 Exiting issue_book_by_user\n\n&#34;}], &#34;src/tests/controller_tests/test_issue_book_controller.py::TestIssueBookHandler::test_issue_book_not_exists&#34;: [{&#34;extras&#34;: [], &#34;result&#34;: &#34;Passed&#34;, &#34;testId&#34;: &#34;src/tests/controller_tests/test_issue_book_controller.py::TestIssueBookHandler::test_issue_book_not_exists&#34;, &#34;duration&#34;: &#34;21 ms&#34;, &#34;resultsTableRow&#34;: [&#34;&lt;td class=\&#34;col-result\&#34;&gt;Passed&lt;/td&gt;&#34;, &#34;&lt;td class=\&#34;col-testId\&#34;&gt;src/tests/controller_tests/test_issue_book_controller.py::TestIssueBookHandler::test_issue_book_not_exists&lt;/td&gt;&#34;, &#34;&lt;td class=\&#34;col-duration\&#34;&gt;21 ms&lt;/td&gt;&#34;, &#34;&lt;td class=\&#34;col-links\&#34;&gt;&lt;/td&gt;&#34;], &#34;log&#34;: &#34;------------------------------ Captured log call -------------------------------\nDEBUG    ThreadSafeLogger:logger.py:88 Entering issue_book_by_user\nUser Context:\n  - user_id: test-user-id\n  - role: user\nRequest Context:\n  - method: POST\n  - path: /\n  - client_ip: 127.0.0.1\n  - headers: {}\n  - body: {}\n\nINFO     ThreadSafeLogger:logger.py:79 issue_book_by_user executed successfully.\nDEBUG    ThreadSafeLogger:logger.py:88 Exiting issue_book_by_user\n\n&#34;}], &#34;src/tests/controller_tests/test_issue_book_controller.py::TestIssueBookHandler::test_return_book_success&#34;: [{&#34;extras&#34;: [], &#34;result&#34;: &#34;Passed&#34;, &#34;testId&#34;: &#34;src/tests/controller_tests/test_issue_book_controller.py::TestIssueBookHandler::test_return_book_success&#34;, &#34;duration&#34;: &#34;20 ms&#34;, &#34;resultsTableRow&#34;: [&#34;&lt;td class=\&#34;col-result\&#34;&gt;Passed&lt;/td&gt;&#34;, &#34;&lt;td class=\&#34;col-testId\&#34;&gt;src/tests/controller_tests/test_issue_book_controller.py::TestIssueBookHandler::test_return_book_success&lt;/td&gt;&#34;, &#34;&lt;td class=\&#34;col-duration\&#34;&gt;20 ms&lt;/td&gt;&#34;, &#34;&lt;td class=\&#34;col-links\&#34;&gt;&lt;/td&gt;&#34;], &#34;log&#34;: &#34;------------------------------ Captured log call -------------------------------\nDEBUG    ThreadSafeLogger:logger.py:88 Entering return_book_by_user\nUser Context:\n  - user_id: test-user-id\n  - role: user\nRequest Context:\n  - method: POST\n  - path: /\n  - client_ip: 127.0.0.1\n  - headers: {}\n  - body: {}\n\nINFO     ThreadSafeLogger:logger.py:79 Book returned successfully\nINFO     ThreadSafeLogger:logger.py:79 return_book_by_user executed successfully.\nDEBUG    ThreadSafeLogger:logger.py:88 Exiting return_book_by_user\n\n&#34;}], &#34;src/tests/controller_tests/test_issue_book_controller.py::TestIssueBookHandler::test_return_book_not_exists&#34;: [{&#34;extras&#34;: [], &#34;result&#34;: &#34;Passed&#34;, &#34;testId&#34;: &#34;src/tests/controller_tests/test_issue_book_controller.py::TestIssueBookHandler::test_return_book_not_exists&#34;, &#34;duration&#34;: &#34;19 ms&#34;, &#34;resultsTableRow&#34;: [&#34;&lt;td class=\&#34;col-result\&#34;&gt;Passed&lt;/td&gt;&#34;, &#34;&lt;td class=\&#34;col-testId\&#34;&gt;src/tests/controller_tests/test_issue_book_controller.py::TestIssueBookHandler::test_return_book_not_exists&lt;/td&gt;&#34;, &#34;&lt;td class=\&#34;col-duration\&#34;&gt;19 ms&lt;/td&gt;&#34;, &#34;&lt;td class=\&#34;col-links\&#34;&gt;&lt;/td&gt;&#34;], &#34;log&#34;: &#34;------------------------------ Captured log call -------------------------------\nDEBUG    ThreadSafeLogger:logger.py:88 Entering return_book_by_user\nUser Context:\n  - user_id: test-user-id\n  - role: user\nRequest Context:\n  - method: POST\n  - path: /\n  - client_ip: 127.0.0.1\n  - headers: {}\n  - body: {}\n\nINFO     ThreadSafeLogger:logger.py:79 return_book_by_user executed successfully.\nDEBUG    ThreadSafeLogger:logger.py:88 Exiting return_book_by_user\n\n&#34;}], &#34;src/tests/controller_tests/test_issue_book_controller.py::TestIssueBookHandler::test_get_issued_books_user&#34;: [{&#34;extras&#34;: [], &#34;result&#34;: &#34;Passed&#34;, &#34;testId&#34;: &#34;src/tests/controller_tests/test_issue_book_controller.py::TestIssueBookHandler::test_get_issued_books_user&#34;, &#34;duration&#34;: &#34;23 ms&#34;, &#34;resultsTableRow&#34;: [&#34;&lt;td class=\&#34;col-result\&#34;&gt;Passed&lt;/td&gt;&#34;, &#34;&lt;td class=\&#34;col-testId\&#34;&gt;src/tests/controller_tests/test_issue_book_controller.py::TestIssueBookHandler::test_get_issued_books_user&lt;/td&gt;&#34;, &#34;&lt;td class=\&#34;col-duration\&#34;&gt;23 ms&lt;/td&gt;&#34;, &#34;&lt;td class=\&#34;col-links\&#34;&gt;&lt;/td&gt;&#34;], &#34;log&#34;: &#34;------------------------------ Captured log call -------------------------------\nDEBUG    ThreadSafeLogger:logger.py:88 Entering get_issued_books\nUser Context:\n  - user_id: test-user-id\n  - role: user\nRequest Context:\n  - method: POST\n  - path: /\n  - client_ip: 127.0.0.1\n  - headers: {}\n  - body: {}\n\nINFO     ThreadSafeLogger:logger.py:79 Issue book fetched successfully\nINFO     ThreadSafeLogger:logger.py:79 get_issued_books executed successfully.\nDEBUG    ThreadSafeLogger:logger.py:88 Exiting get_issued_books\n\n&#34;}], &#34;src/tests/controller_tests/test_issue_book_controller.py::TestIssueBookHandler::test_get_issued_books_admin_all&#34;: [{&#34;extras&#34;: [], &#34;result&#34;: &#34;Passed&#34;, &#34;testId&#34;: &#34;src/tests/controller_tests/test_issue_book_controller.py::TestIssueBookHandler::test_get_issued_books_admin_all&#34;, &#34;duration&#34;: &#34;21 ms&#34;, &#34;resultsTableRow&#34;: [&#34;&lt;td class=\&#34;col-result\&#34;&gt;Passed&lt;/td&gt;&#34;, &#34;&lt;td class=\&#34;col-testId\&#34;&gt;src/tests/controller_tests/test_issue_book_controller.py::TestIssueBookHandler::test_get_issued_books_admin_all&lt;/td&gt;&#34;, &#34;&lt;td class=\&#34;col-duration\&#34;&gt;21 ms&lt;/td&gt;&#34;, &#34;&lt;td class=\&#34;col-links\&#34;&gt;&lt;/td&gt;&#34;], &#34;log&#34;: &#34;------------------------------ Captured log call -------------------------------\nDEBUG    ThreadSafeLogger:logger.py:88 Entering get_issued_books\nUser Context:\n  - user_id: admin-id\n  - role: admin\nRequest Context:\n  - method: GET\n  - path: /\n  - client_ip: 127.0.0.1\n  - headers: {}\n  - body: {}\n\nINFO     ThreadSafeLogger:logger.py:79 Issue book fetched successfully\nINFO     ThreadSafeLogger:logger.py:79 get_issued_books executed successfully.\nDEBUG    ThreadSafeLogger:logger.py:88 Exiting get_issued_books\n\n&#34;}], &#34;src/tests/controller_tests/test_issue_book_controller.py::TestIssueBookHandler::test_get_issued_books_admin_by_user&#34;: [{&#34;extras&#34;: [], &#34;result&#34;: &#34;Passed&#34;, &#34;testId&#34;: &#34;src/tests/controller_tests/test_issue_book_controller.py::TestIssueBookHandler::test_get_issued_books_admin_by_user&#34;, &#34;duration&#34;: &#34;21 ms&#34;, &#34;resultsTableRow&#34;: [&#34;&lt;td class=\&#34;col-result\&#34;&gt;Passed&lt;/td&gt;&#34;, &#34;&lt;td class=\&#34;col-testId\&#34;&gt;src/tests/controller_tests/test_issue_book_controller.py::TestIssueBookHandler::test_get_issued_books_admin_by_user&lt;/td&gt;&#34;, &#34;&lt;td class=\&#34;col-duration\&#34;&gt;21 ms&lt;/td&gt;&#34;, &#34;&lt;td class=\&#34;col-links\&#34;&gt;&lt;/td&gt;&#34;], &#34;log&#34;: &#34;------------------------------ Captured log call -------------------------------\nDEBUG    ThreadSafeLogger:logger.py:88 Entering get_issued_books\nUser Context:\n  - user_id: admin-id\n  - role: admin\nRequest Context:\n  - method: GET\n  - path: /\n  - client_ip: 127.0.0.1\n  - headers: {}\n  - body: {}\n\nINFO     ThreadSafeLogger:logger.py:79 Issue book fetched successfully\nINFO     ThreadSafeLogger:logger.py:79 get_issued_books executed successfully.\nDEBUG    ThreadSafeLogger:logger.py:88 Exiting get_issued_books\n\n&#34;}], &#34;src/tests/controller_tests/test_issue_book_controller.py::TestIssueBookHandler::test_invalid_token&#34;: [{&#34;extras&#34;: [], &#34;result&#34;: &#34;Passed&#34;, &#34;testId&#34;: &#34;src/tests/controller_tests/test_issue_book_controller.py::TestIssueBookHandler::test_invalid_token&#34;, &#34;duration&#34;: &#34;21 ms&#34;, &#34;resultsTableRow&#34;: [&#34;&lt;td class=\&#34;col-result\&#34;&gt;Passed&lt;/td&gt;&#34;, &#34;&lt;td class=\&#34;col-testId\&#34;&gt;src/tests/controller_tests/test_issue_book_controller.py::TestIssueBookHandler::test_invalid_token&lt;/td&gt;&#34;, &#34;&lt;td class=\&#34;col-duration\&#34;&gt;21 ms&lt;/td&gt;&#34;, &#34;&lt;td class=\&#34;col-links\&#34;&gt;&lt;/td&gt;&#34;], &#34;log&#34;: &#34;------------------------------ Captured log call -------------------------------\nDEBUG    ThreadSafeLogger:logger.py:88 Entering issue_book_by_user\nUser Context:\n  - user_id: Unknown\n  - role: user\nRequest Context:\n  - method: POST\n  - path: /\n  - client_ip: 127.0.0.1\n  - headers: {}\n  - body: {}\n\nERROR    ThreadSafeLogger:logger.py:82 Invalid token\nINFO     ThreadSafeLogger:logger.py:79 issue_book_by_user executed successfully.\nDEBUG    ThreadSafeLogger:logger.py:88 Exiting issue_book_by_user\n\n&#34;}], &#34;src/tests/controller_tests/test_issue_book_controller.py::TestIssueBookHandler::test_invalid_operation&#34;: [{&#34;extras&#34;: [], &#34;result&#34;: &#34;Passed&#34;, &#34;testId&#34;: &#34;src/tests/controller_tests/test_issue_book_controller.py::TestIssueBookHandler::test_invalid_operation&#34;, &#34;duration&#34;: &#34;20 ms&#34;, &#34;resultsTableRow&#34;: [&#34;&lt;td class=\&#34;col-result\&#34;&gt;Passed&lt;/td&gt;&#34;, &#34;&lt;td class=\&#34;col-testId\&#34;&gt;src/tests/controller_tests/test_issue_book_controller.py::TestIssueBookHandler::test_invalid_operation&lt;/td&gt;&#34;, &#34;&lt;td class=\&#34;col-duration\&#34;&gt;20 ms&lt;/td&gt;&#34;, &#34;&lt;td class=\&#34;col-links\&#34;&gt;&lt;/td&gt;&#34;], &#34;log&#34;: &#34;------------------------------ Captured log call -------------------------------\nDEBUG    ThreadSafeLogger:logger.py:88 Entering issue_book_by_user\nUser Context:\n  - user_id: test-user-id\n  - role: user\nRequest Context:\n  - method: POST\n  - path: /\n  - client_ip: 127.0.0.1\n  - headers: {}\n  - body: {}\n\nINFO     ThreadSafeLogger:logger.py:79 issue_book_by_user executed successfully.\nDEBUG    ThreadSafeLogger:logger.py:88 Exiting issue_book_by_user\n\n&#34;}], &#34;src/tests/controller_tests/test_issue_book_controller.py::TestIssueBookHandler::test_unexpected_error&#34;: [{&#34;extras&#34;: [], &#34;result&#34;: &#34;Passed&#34;, &#34;testId&#34;: &#34;src/tests/controller_tests/test_issue_book_controller.py::TestIssueBookHandler::test_unexpected_error&#34;, &#34;duration&#34;: &#34;24 ms&#34;, &#34;resultsTableRow&#34;: [&#34;&lt;td class=\&#34;col-result\&#34;&gt;Passed&lt;/td&gt;&#34;, &#34;&lt;td class=\&#34;col-testId\&#34;&gt;src/tests/controller_tests/test_issue_book_controller.py::TestIssueBookHandler::test_unexpected_error&lt;/td&gt;&#34;, &#34;&lt;td class=\&#34;col-duration\&#34;&gt;24 ms&lt;/td&gt;&#34;, &#34;&lt;td class=\&#34;col-links\&#34;&gt;&lt;/td&gt;&#34;], &#34;log&#34;: &#34;------------------------------ Captured log call -------------------------------\nDEBUG    ThreadSafeLogger:logger.py:88 Entering get_issued_books\nUser Context:\n  - user_id: test-user-id\n  - role: user\nRequest Context:\n  - method: POST\n  - path: /\n  - client_ip: 127.0.0.1\n  - headers: {}\n  - body: {}\n\nERROR    ThreadSafeLogger:logger.py:82 Unexpected error\nINFO     ThreadSafeLogger:logger.py:79 get_issued_books executed successfully.\nDEBUG    ThreadSafeLogger:logger.py:88 Exiting get_issued_books\n\n&#34;}], &#34;src/tests/controller_tests/test_user_controller.py::TestUserHandler::test_login_success&#34;: [{&#34;extras&#34;: [], &#34;result&#34;: &#34;Passed&#34;, &#34;testId&#34;: &#34;src/tests/controller_tests/test_user_controller.py::TestUserHandler::test_login_success&#34;, &#34;duration&#34;: &#34;26 ms&#34;, &#34;resultsTableRow&#34;: [&#34;&lt;td class=\&#34;col-result\&#34;&gt;Passed&lt;/td&gt;&#34;, &#34;&lt;td class=\&#34;col-testId\&#34;&gt;src/tests/controller_tests/test_user_controller.py::TestUserHandler::test_login_success&lt;/td&gt;&#34;, &#34;&lt;td class=\&#34;col-duration\&#34;&gt;26 ms&lt;/td&gt;&#34;, &#34;&lt;td class=\&#34;col-links\&#34;&gt;&lt;/td&gt;&#34;], &#34;log&#34;: &#34;------------------------------ Captured log call -------------------------------\nDEBUG    ThreadSafeLogger:logger.py:88 Entering login\nUser Context:\n  - user_id: Unknown\n  - role: Unknown\nRequest Context:\n  - method: POST\n  - path: /\n  - client_ip: 127.0.0.1\n  - headers: {}\n  - body: {}\n\nINFO     ThreadSafeLogger:logger.py:79 login executed successfully.\nDEBUG    ThreadSafeLogger:logger.py:88 Exiting login\n\n&#34;}], &#34;src/tests/controller_tests/test_user_controller.py::TestUserHandler::test_login_invalid_credentials&#34;: [{&#34;extras&#34;: [], &#34;result&#34;: &#34;Passed&#34;, &#34;testId&#34;: &#34;src/tests/controller_tests/test_user_controller.py::TestUserHandler::test_login_invalid_credentials&#34;, &#34;duration&#34;: &#34;19 ms&#34;, &#34;resultsTableRow&#34;: [&#34;&lt;td class=\&#34;col-result\&#34;&gt;Passed&lt;/td&gt;&#34;, &#34;&lt;td class=\&#34;col-testId\&#34;&gt;src/tests/controller_tests/test_user_controller.py::TestUserHandler::test_login_invalid_credentials&lt;/td&gt;&#34;, &#34;&lt;td class=\&#34;col-duration\&#34;&gt;19 ms&lt;/td&gt;&#34;, &#34;&lt;td class=\&#34;col-links\&#34;&gt;&lt;/td&gt;&#34;], &#34;log&#34;: &#34;------------------------------ Captured log call -------------------------------\nDEBUG    ThreadSafeLogger:logger.py:88 Entering login\nUser Context:\n  - user_id: Unknown\n  - role: Unknown\nRequest Context:\n  - method: POST\n  - path: /\n  - client_ip: 127.0.0.1\n  - headers: {}\n  - body: {}\n\nINFO     ThreadSafeLogger:logger.py:79 login executed successfully.\nDEBUG    ThreadSafeLogger:logger.py:88 Exiting login\n\n&#34;}], &#34;src/tests/controller_tests/test_user_controller.py::TestUserHandler::test_login_unexpected_error&#34;: [{&#34;extras&#34;: [], &#34;result&#34;: &#34;Passed&#34;, &#34;testId&#34;: &#34;src/tests/controller_tests/test_user_controller.py::TestUserHandler::test_login_unexpected_error&#34;, &#34;duration&#34;: &#34;22 ms&#34;, &#34;resultsTableRow&#34;: [&#34;&lt;td class=\&#34;col-result\&#34;&gt;Passed&lt;/td&gt;&#34;, &#34;&lt;td class=\&#34;col-testId\&#34;&gt;src/tests/controller_tests/test_user_controller.py::TestUserHandler::test_login_unexpected_error&lt;/td&gt;&#34;, &#34;&lt;td class=\&#34;col-duration\&#34;&gt;22 ms&lt;/td&gt;&#34;, &#34;&lt;td class=\&#34;col-links\&#34;&gt;&lt;/td&gt;&#34;], &#34;log&#34;: &#34;------------------------------ Captured log call -------------------------------\nDEBUG    ThreadSafeLogger:logger.py:88 Entering login\nUser Context:\n  - user_id: Unknown\n  - role: Unknown\nRequest Context:\n  - method: POST\n  - path: /\n  - client_ip: 127.0.0.1\n  - headers: {}\n  - body: {}\n\nERROR    ThreadSafeLogger:logger.py:82 Unexpected error\nINFO     ThreadSafeLogger:logger.py:79 login executed successfully.\nDEBUG    ThreadSafeLogger:logger.py:88 Exiting login\n\n&#34;}], &#34;src/tests/controller_tests/test_user_controller.py::TestUserHandler::test_signup_success&#34;: [{&#34;extras&#34;: [], &#34;result&#34;: &#34;Passed&#34;, &#34;testId&#34;: &#34;src/tests/controller_tests/test_user_controller.py::TestUserHandler::test_signup_success&#34;, &#34;duration&#34;: &#34;20 ms&#34;, &#34;resultsTableRow&#34;: [&#34;&lt;td class=\&#34;col-result\&#34;&gt;Passed&lt;/td&gt;&#34;, &#34;&lt;td class=\&#34;col-testId\&#34;&gt;src/tests/controller_tests/test_user_controller.py::TestUserHandler::test_signup_success&lt;/td&gt;&#34;, &#34;&lt;td class=\&#34;col-duration\&#34;&gt;20 ms&lt;/td&gt;&#34;, &#34;&lt;td class=\&#34;col-links\&#34;&gt;&lt;/td&gt;&#34;], &#34;log&#34;: &#34;------------------------------ Captured log call -------------------------------\nDEBUG    ThreadSafeLogger:logger.py:88 Entering signup\nUser Context:\n  - user_id: Unknown\n  - role: Unknown\nRequest Context:\n  - method: POST\n  - path: /\n  - client_ip: 127.0.0.1\n  - headers: {}\n  - body: {}\n\nINFO     ThreadSafeLogger:logger.py:79 signup executed successfully.\nDEBUG    ThreadSafeLogger:logger.py:88 Exiting signup\n\n&#34;}], &#34;src/tests/controller_tests/test_user_controller.py::TestUserHandler::test_signup_user_exists&#34;: [{&#34;extras&#34;: [], &#34;result&#34;: &#34;Passed&#34;, &#34;testId&#34;: &#34;src/tests/controller_tests/test_user_controller.py::TestUserHandler::test_signup_user_exists&#34;, &#34;duration&#34;: &#34;19 ms&#34;, &#34;resultsTableRow&#34;: [&#34;&lt;td class=\&#34;col-result\&#34;&gt;Passed&lt;/td&gt;&#34;, &#34;&lt;td class=\&#34;col-testId\&#34;&gt;src/tests/controller_tests/test_user_controller.py::TestUserHandler::test_signup_user_exists&lt;/td&gt;&#34;, &#34;&lt;td class=\&#34;col-duration\&#34;&gt;19 ms&lt;/td&gt;&#34;, &#34;&lt;td class=\&#34;col-links\&#34;&gt;&lt;/td&gt;&#34;], &#34;log&#34;: &#34;------------------------------ Captured log call -------------------------------\nDEBUG    ThreadSafeLogger:logger.py:88 Entering signup\nUser Context:\n  - user_id: Unknown\n  - role: Unknown\nRequest Context:\n  - method: POST\n  - path: /\n  - client_ip: 127.0.0.1\n  - headers: {}\n  - body: {}\n\nINFO     ThreadSafeLogger:logger.py:79 signup executed successfully.\nDEBUG    ThreadSafeLogger:logger.py:88 Exiting signup\n\n&#34;}], &#34;src/tests/controller_tests/test_user_controller.py::TestUserHandler::test_signup_unexpected_error&#34;: [{&#34;extras&#34;: [], &#34;result&#34;: &#34;Passed&#34;, &#34;testId&#34;: &#34;src/tests/controller_tests/test_user_controller.py::TestUserHandler::test_signup_unexpected_error&#34;, &#34;duration&#34;: &#34;22 ms&#34;, &#34;resultsTableRow&#34;: [&#34;&lt;td class=\&#34;col-result\&#34;&gt;Passed&lt;/td&gt;&#34;, &#34;&lt;td class=\&#34;col-testId\&#34;&gt;src/tests/controller_tests/test_user_controller.py::TestUserHandler::test_signup_unexpected_error&lt;/td&gt;&#34;, &#34;&lt;td class=\&#34;col-duration\&#34;&gt;22 ms&lt;/td&gt;&#34;, &#34;&lt;td class=\&#34;col-links\&#34;&gt;&lt;/td&gt;&#34;], &#34;log&#34;: &#34;------------------------------ Captured log call -------------------------------\nDEBUG    ThreadSafeLogger:logger.py:88 Entering signup\nUser Context:\n  - user_id: Unknown\n  - role: Unknown\nRequest Context:\n  - method: POST\n  - path: /\n  - client_ip: 127.0.0.1\n  - headers: {}\n  - body: {}\n\nERROR    ThreadSafeLogger:logger.py:82 Unexpected error\nINFO     ThreadSafeLogger:logger.py:79 signup executed successfully.\nDEBUG    ThreadSafeLogger:logger.py:88 Exiting signup\n\n&#34;}], &#34;src/tests/middleware_tests/test_middleware.py::test_protected&#34;: [{&#34;extras&#34;: [], &#34;result&#34;: &#34;Skipped&#34;, &#34;testId&#34;: &#34;src/tests/middleware_tests/test_middleware.py::test_protected&#34;, &#34;duration&#34;: &#34;13 ms&#34;, &#34;resultsTableRow&#34;: [&#34;&lt;td class=\&#34;col-result\&#34;&gt;Skipped&lt;/td&gt;&#34;, &#34;&lt;td class=\&#34;col-testId\&#34;&gt;src/tests/middleware_tests/test_middleware.py::test_protected&lt;/td&gt;&#34;, &#34;&lt;td class=\&#34;col-duration\&#34;&gt;13 ms&lt;/td&gt;&#34;, &#34;&lt;td class=\&#34;col-links\&#34;&gt;&lt;/td&gt;&#34;], &#34;log&#34;: &#34;(&amp;#x27;C:\\\\Users\\\\bjain\\\\AppData\\\\Roaming\\\\Python\\\\Python313\\\\site-packages\\\\_pytest\\\\python.py&amp;#x27;, 149, &amp;#x27;Skipped: async def function and no async plugin installed (see warnings)&amp;#x27;)\n&#34;}], &#34;src/tests/middleware_tests/test_middleware.py::test_login&#34;: [{&#34;extras&#34;: [], &#34;result&#34;: &#34;Skipped&#34;, &#34;testId&#34;: &#34;src/tests/middleware_tests/test_middleware.py::test_login&#34;, &#34;duration&#34;: &#34;3 ms&#34;, &#34;resultsTableRow&#34;: [&#34;&lt;td class=\&#34;col-result\&#34;&gt;Skipped&lt;/td&gt;&#34;, &#34;&lt;td class=\&#34;col-testId\&#34;&gt;src/tests/middleware_tests/test_middleware.py::test_login&lt;/td&gt;&#34;, &#34;&lt;td class=\&#34;col-duration\&#34;&gt;3 ms&lt;/td&gt;&#34;, &#34;&lt;td class=\&#34;col-links\&#34;&gt;&lt;/td&gt;&#34;], &#34;log&#34;: &#34;(&amp;#x27;C:\\\\Users\\\\bjain\\\\AppData\\\\Roaming\\\\Python\\\\Python313\\\\site-packages\\\\_pytest\\\\python.py&amp;#x27;, 149, &amp;#x27;Skipped: async def function and no async plugin installed (see warnings)&amp;#x27;)\n&#34;}], &#34;src/tests/middleware_tests/test_middleware.py::test_signup&#34;: [{&#34;extras&#34;: [], &#34;result&#34;: &#34;Skipped&#34;, &#34;testId&#34;: &#34;src/tests/middleware_tests/test_middleware.py::test_signup&#34;, &#34;duration&#34;: &#34;3 ms&#34;, &#34;resultsTableRow&#34;: [&#34;&lt;td class=\&#34;col-result\&#34;&gt;Skipped&lt;/td&gt;&#34;, &#34;&lt;td class=\&#34;col-testId\&#34;&gt;src/tests/middleware_tests/test_middleware.py::test_signup&lt;/td&gt;&#34;, &#34;&lt;td class=\&#34;col-duration\&#34;&gt;3 ms&lt;/td&gt;&#34;, &#34;&lt;td class=\&#34;col-links\&#34;&gt;&lt;/td&gt;&#34;], &#34;log&#34;: &#34;(&amp;#x27;C:\\\\Users\\\\bjain\\\\AppData\\\\Roaming\\\\Python\\\\Python313\\\\site-packages\\\\_pytest\\\\python.py&amp;#x27;, 149, &amp;#x27;Skipped: async def function and no async plugin installed (see warnings)&amp;#x27;)\n&#34;}], &#34;src/tests/middleware_tests/test_middleware.py::TestAuthMiddleware::test_exempt_routes_login&#34;: [{&#34;extras&#34;: [], &#34;result&#34;: &#34;Passed&#34;, &#34;testId&#34;: &#34;src/tests/middleware_tests/test_middleware.py::TestAuthMiddleware::test_exempt_routes_login&#34;, &#34;duration&#34;: &#34;112 ms&#34;, &#34;resultsTableRow&#34;: [&#34;&lt;td class=\&#34;col-result\&#34;&gt;Passed&lt;/td&gt;&#34;, &#34;&lt;td class=\&#34;col-testId\&#34;&gt;src/tests/middleware_tests/test_middleware.py::TestAuthMiddleware::test_exempt_routes_login&lt;/td&gt;&#34;, &#34;&lt;td class=\&#34;col-duration\&#34;&gt;112 ms&lt;/td&gt;&#34;, &#34;&lt;td class=\&#34;col-links\&#34;&gt;&lt;/td&gt;&#34;], &#34;log&#34;: &#34;No log output captured.&#34;}], &#34;src/tests/middleware_tests/test_middleware.py::TestAuthMiddleware::test_exempt_routes_signup&#34;: [{&#34;extras&#34;: [], &#34;result&#34;: &#34;Passed&#34;, &#34;testId&#34;: &#34;src/tests/middleware_tests/test_middleware.py::TestAuthMiddleware::test_exempt_routes_signup&#34;, &#34;duration&#34;: &#34;23 ms&#34;, &#34;resultsTableRow&#34;: [&#34;&lt;td class=\&#34;col-result\&#34;&gt;Passed&lt;/td&gt;&#34;, &#34;&lt;td class=\&#34;col-testId\&#34;&gt;src/tests/middleware_tests/test_middleware.py::TestAuthMiddleware::test_exempt_routes_signup&lt;/td&gt;&#34;, &#34;&lt;td class=\&#34;col-duration\&#34;&gt;23 ms&lt;/td&gt;&#34;, &#34;&lt;td class=\&#34;col-links\&#34;&gt;&lt;/td&gt;&#34;], &#34;log&#34;: &#34;No log output captured.&#34;}], &#34;src/tests/middleware_tests/test_middleware.py::TestAuthMiddleware::test_missing_auth_header&#34;: [{&#34;extras&#34;: [], &#34;result&#34;: &#34;Failed&#34;, &#34;testId&#34;: &#34;src/tests/middleware_tests/test_middleware.py::TestAuthMiddleware::test_missing_auth_header&#34;, &#34;duration&#34;: &#34;21 ms&#34;, &#34;resultsTableRow&#34;: [&#34;&lt;td class=\&#34;col-result\&#34;&gt;Failed&lt;/td&gt;&#34;, &#34;&lt;td class=\&#34;col-testId\&#34;&gt;src/tests/middleware_tests/test_middleware.py::TestAuthMiddleware::test_missing_auth_header&lt;/td&gt;&#34;, &#34;&lt;td class=\&#34;col-duration\&#34;&gt;21 ms&lt;/td&gt;&#34;, &#34;&lt;td class=\&#34;col-links\&#34;&gt;&lt;/td&gt;&#34;], &#34;log&#34;: &#34;+ Exception Group Traceback (most recent call last):\n  |   File &amp;quot;C:\\Users\\bjain\\AppData\\Roaming\\Python\\Python313\\site-packages\\starlette\\_utils.py&amp;quot;, line 76, in collapse_excgroups\n  |     yield\n  |   File &amp;quot;C:\\Users\\bjain\\AppData\\Roaming\\Python\\Python313\\site-packages\\starlette\\middleware\\base.py&amp;quot;, line 186, in __call__\n  |     async with anyio.create_task_group() as task_group:\n  |                ~~~~~~~~~~~~~~~~~~~~~~~^^\n  |   File &amp;quot;C:\\Users\\bjain\\AppData\\Roaming\\Python\\Python313\\site-packages\\anyio\\_backends\\_asyncio.py&amp;quot;, line 815, in __aexit__\n  |     raise BaseExceptionGroup(\n  |         &amp;quot;unhandled errors in a TaskGroup&amp;quot;, self._exceptions\n  |     )\n  | ExceptionGroup: unhandled errors in a TaskGroup (1 sub-exception)\n  +-+---------------- 1 ----------------\n    | Traceback (most recent call last):\n    |   File &amp;quot;C:\\Users\\bjain\\AppData\\Roaming\\Python\\Python313\\site-packages\\_pytest\\runner.py&amp;quot;, line 341, in from_call\n    |     result: TResult | None = func()\n    |                              ~~~~^^\n    |   File &amp;quot;C:\\Users\\bjain\\AppData\\Roaming\\Python\\Python313\\site-packages\\_pytest\\runner.py&amp;quot;, line 242, in &amp;lt;lambda&amp;gt;\n    |     lambda: runtest_hook(item=item, **kwds), when=when, reraise=reraise\n    |             ~~~~~~~~~~~~^^^^^^^^^^^^^^^^^^^\n    |   File &amp;quot;C:\\Users\\bjain\\AppData\\Roaming\\Python\\Python313\\site-packages\\pluggy\\_hooks.py&amp;quot;, line 513, in __call__\n    |     return self._hookexec(self.name, self._hookimpls.copy(), kwargs, firstresult)\n    |            ~~~~~~~~~~~~~~^^^^^^^^^^^^^^^^^^^^^^^^^^^^^^^^^^^^^^^^^^^^^^^^^^^^^^^^\n    |   File &amp;quot;C:\\Users\\bjain\\AppData\\Roaming\\Python\\Python313\\site-packages\\pluggy\\_manager.py&amp;quot;, line 120, in _hookexec\n    |     return self._inner_hookexec(hook_name, methods, kwargs, firstresult)\n    |            ~~~~~~~~~~~~~~~~~~~~^^^^^^^^^^^^^^^^^^^^^^^^^^^^^^^^^^^^^^^^^\n    |   File &amp;quot;C:\\Users\\bjain\\AppData\\Roaming\\Python\\Python313\\site-packages\\pluggy\\_callers.py&amp;quot;, line 182, in _multicall\n    |     return outcome.get_result()\n    |            ~~~~~~~~~~~~~~~~~~^^\n    |   File &amp;quot;C:\\Users\\bjain\\AppData\\Roaming\\Python\\Python313\\site-packages\\pluggy\\_result.py&amp;quot;, line 100, in get_result\n    |     raise exc.with_traceback(exc.__traceback__)\n    |   File &amp;quot;C:\\Users\\bjain\\AppData\\Roaming\\Python\\Python313\\site-packages\\pluggy\\_callers.py&amp;quot;, line 167, in _multicall\n    |     teardown.throw(outcome._exception)\n    |     ~~~~~~~~~~~~~~^^^^^^^^^^^^^^^^^^^^\n    |   File &amp;quot;C:\\Users\\bjain\\AppData\\Roaming\\Python\\Python313\\site-packages\\_pytest\\threadexception.py&amp;quot;, line 92, in pytest_runtest_call\n    |     yield from thread_exception_runtest_hook()\n    |   File &amp;quot;C:\\Users\\bjain\\AppData\\Roaming\\Python\\Python313\\site-packages\\_pytest\\threadexception.py&amp;quot;, line 68, in thread_exception_runtest_hook\n    |     yield\n    |   File &amp;quot;C:\\Users\\bjain\\AppData\\Roaming\\Python\\Python313\\site-packages\\pluggy\\_callers.py&amp;quot;, line 167, in _multicall\n    |     teardown.throw(outcome._exception)\n    |     ~~~~~~~~~~~~~~^^^^^^^^^^^^^^^^^^^^\n    |   File &amp;quot;C:\\Users\\bjain\\AppData\\Roaming\\Python\\Python313\\site-packages\\_pytest\\unraisableexception.py&amp;quot;, line 95, in pytest_runtest_call\n    |     yield from unraisable_exception_runtest_hook()\n    |   File &amp;quot;C:\\Users\\bjain\\AppData\\Roaming\\Python\\Python313\\site-packages\\_pytest\\unraisableexception.py&amp;quot;, line 70, in unraisable_exception_runtest_hook\n    |     yield\n    |   File &amp;quot;C:\\Users\\bjain\\AppData\\Roaming\\Python\\Python313\\site-packages\\pluggy\\_callers.py&amp;quot;, line 167, in _multicall\n    |     teardown.throw(outcome._exception)\n    |     ~~~~~~~~~~~~~~^^^^^^^^^^^^^^^^^^^^\n    |   File &amp;quot;C:\\Users\\bjain\\AppData\\Roaming\\Python\\Python313\\site-packages\\_pytest\\logging.py&amp;quot;, line 846, in pytest_runtest_call\n    |     yield from self._runtest_for(item, &amp;quot;call&amp;quot;)\n    |   File &amp;quot;C:\\Users\\bjain\\AppData\\Roaming\\Python\\Python313\\site-packages\\_pytest\\logging.py&amp;quot;, line 829, in _runtest_for\n    |     yield\n    |   File &amp;quot;C:\\Users\\bjain\\AppData\\Roaming\\Python\\Python313\\site-packages\\pluggy\\_callers.py&amp;quot;, line 167, in _multicall\n    |     teardown.throw(outcome._exception)\n    |     ~~~~~~~~~~~~~~^^^^^^^^^^^^^^^^^^^^\n    |   File &amp;quot;C:\\Users\\bjain\\AppData\\Roaming\\Python\\Python313\\site-packages\\_pytest\\capture.py&amp;quot;, line 880, in pytest_runtest_call\n    |     return (yield)\n    |             ^^^^^\n    |   File &amp;quot;C:\\Users\\bjain\\AppData\\Roaming\\Python\\Python313\\site-packages\\pluggy\\_callers.py&amp;quot;, line 167, in _multicall\n    |     teardown.throw(outcome._exception)\n    |     ~~~~~~~~~~~~~~^^^^^^^^^^^^^^^^^^^^\n    |   File &amp;quot;C:\\Users\\bjain\\AppData\\Roaming\\Python\\Python313\\site-packages\\_pytest\\skipping.py&amp;quot;, line 257, in pytest_runtest_call\n    |     return (yield)\n    |             ^^^^^\n    |   File &amp;quot;C:\\Users\\bjain\\AppData\\Roaming\\Python\\Python313\\site-packages\\pluggy\\_callers.py&amp;quot;, line 103, in _multicall\n    |     res = hook_impl.function(*args)\n    |   File &amp;quot;C:\\Users\\bjain\\AppData\\Roaming\\Python\\Python313\\site-packages\\_pytest\\runner.py&amp;quot;, line 174, in pytest_runtest_call\n    |     item.runtest()\n    |     ~~~~~~~~~~~~^^\n    |   File &amp;quot;C:\\Users\\bjain\\AppData\\Roaming\\Python\\Python313\\site-packages\\_pytest\\python.py&amp;quot;, line 1627, in runtest\n    |     self.ihook.pytest_pyfunc_call(pyfuncitem=self)\n    |     ~~~~~~~~~~~~~~~~~~~~~~~~~~~~~^^^^^^^^^^^^^^^^^\n    |   File &amp;quot;C:\\Users\\bjain\\AppData\\Roaming\\Python\\Python313\\site-packages\\pluggy\\_hooks.py&amp;quot;, line 513, in __call__\n    |     return self._hookexec(self.name, self._hookimpls.copy(), kwargs, firstresult)\n    |            ~~~~~~~~~~~~~~^^^^^^^^^^^^^^^^^^^^^^^^^^^^^^^^^^^^^^^^^^^^^^^^^^^^^^^^\n    |   File &amp;quot;C:\\Users\\bjain\\AppData\\Roaming\\Python\\Python313\\site-packages\\pluggy\\_manager.py&amp;quot;, line 120, in _hookexec\n    |     return self._inner_hookexec(hook_name, methods, kwargs, firstresult)\n    |            ~~~~~~~~~~~~~~~~~~~~^^^^^^^^^^^^^^^^^^^^^^^^^^^^^^^^^^^^^^^^^\n    |   File &amp;quot;C:\\Users\\bjain\\AppData\\Roaming\\Python\\Python313\\site-packages\\pluggy\\_callers.py&amp;quot;, line 182, in _multicall\n    |     return outcome.get_result()\n    |            ~~~~~~~~~~~~~~~~~~^^\n    |   File &amp;quot;C:\\Users\\bjain\\AppData\\Roaming\\Python\\Python313\\site-packages\\pluggy\\_result.py&amp;quot;, line 100, in get_result\n    |     raise exc.with_traceback(exc.__traceback__)\n    |   File &amp;quot;C:\\Users\\bjain\\AppData\\Roaming\\Python\\Python313\\site-packages\\pluggy\\_callers.py&amp;quot;, line 103, in _multicall\n    |     res = hook_impl.function(*args)\n    |   File &amp;quot;C:\\Users\\bjain\\AppData\\Roaming\\Python\\Python313\\site-packages\\_pytest\\python.py&amp;quot;, line 159, in pytest_pyfunc_call\n    |     result = testfunction(**testargs)\n    |   File &amp;quot;C:\\Users\\bjain\\OneDrive - WatchGuard Technologies Inc\\Python\\Project\\Library_Management\\src\\tests\\middleware_tests\\test_middleware.py&amp;quot;, line 67, in test_missing_auth_header\n    |     response = self.client.get(&amp;quot;/test-protected&amp;quot;)\n    |   File &amp;quot;C:\\Users\\bjain\\AppData\\Roaming\\Python\\Python313\\site-packages\\starlette\\testclient.py&amp;quot;, line 514, in get\n    |     return super().get(\n    |            ~~~~~~~~~~~^\n    |         url,\n    |         ^^^^\n    |     ...&amp;lt;6 lines&amp;gt;...\n    |         extensions=extensions,\n    |         ^^^^^^^^^^^^^^^^^^^^^^\n    |     )\n    |     ^\n    |   File &amp;quot;C:\\Users\\bjain\\AppData\\Roaming\\Python\\Python313\\site-packages\\httpx\\_client.py&amp;quot;, line 1053, in get\n    |     return self.request(\n    |            ~~~~~~~~~~~~^\n    |         &amp;quot;GET&amp;quot;,\n    |         ^^^^^^\n    |     ...&amp;lt;7 lines&amp;gt;...\n    |         extensions=extensions,\n    |         ^^^^^^^^^^^^^^^^^^^^^^\n    |     )\n    |     ^\n    |   File &amp;quot;C:\\Users\\bjain\\AppData\\Roaming\\Python\\Python313\\site-packages\\starlette\\testclient.py&amp;quot;, line 484, in request\n    |     return super().request(\n    |            ~~~~~~~~~~~~~~~^\n    |         method,\n    |         ^^^^^^^\n    |     ...&amp;lt;11 lines&amp;gt;...\n    |         extensions=extensions,\n    |         ^^^^^^^^^^^^^^^^^^^^^^\n    |     )\n    |     ^\n    |   File &amp;quot;C:\\Users\\bjain\\AppData\\Roaming\\Python\\Python313\\site-packages\\httpx\\_client.py&amp;quot;, line 825, in request\n    |     return self.send(request, auth=auth, follow_redirects=follow_redirects)\n    |            ~~~~~~~~~^^^^^^^^^^^^^^^^^^^^^^^^^^^^^^^^^^^^^^^^^^^^^^^^^^^^^^^\n    |   File &amp;quot;C:\\Users\\bjain\\AppData\\Roaming\\Python\\Python313\\site-packages\\httpx\\_client.py&amp;quot;, line 914, in send\n    |     response = self._send_handling_auth(\n    |         request,\n    |     ...&amp;lt;2 lines&amp;gt;...\n    |         history=[],\n    |     )\n    |   File &amp;quot;C:\\Users\\bjain\\AppData\\Roaming\\Python\\Python313\\site-packages\\httpx\\_client.py&amp;quot;, line 942, in _send_handling_auth\n    |     response = self._send_handling_redirects(\n    |         request,\n    |         follow_redirects=follow_redirects,\n    |         history=history,\n    |     )\n    |   File &amp;quot;C:\\Users\\bjain\\AppData\\Roaming\\Python\\Python313\\site-packages\\httpx\\_client.py&amp;quot;, line 979, in _send_handling_redirects\n    |     response = self._send_single_request(request)\n    |   File &amp;quot;C:\\Users\\bjain\\AppData\\Roaming\\Python\\Python313\\site-packages\\httpx\\_client.py&amp;quot;, line 1014, in _send_single_request\n    |     response = transport.handle_request(request)\n    |   File &amp;quot;C:\\Users\\bjain\\AppData\\Roaming\\Python\\Python313\\site-packages\\starlette\\testclient.py&amp;quot;, line 377, in handle_request\n    |     raise exc\n    |   File &amp;quot;C:\\Users\\bjain\\AppData\\Roaming\\Python\\Python313\\site-packages\\starlette\\testclient.py&amp;quot;, line 374, in handle_request\n    |     portal.call(self.app, scope, receive, send)\n    |     ~~~~~~~~~~~^^^^^^^^^^^^^^^^^^^^^^^^^^^^^^^^\n    |   File &amp;quot;C:\\Users\\bjain\\AppData\\Roaming\\Python\\Python313\\site-packages\\anyio\\from_thread.py&amp;quot;, line 290, in call\n    |     return cast(T_Retval, self.start_task_soon(func, *args).result())\n    |                           ~~~~~~~~~~~~~~~~~~~~~~~~~~~~~~~~~~~~~~~~^^\n    |   File &amp;quot;C:\\Program Files\\Python313\\Lib\\concurrent\\futures\\_base.py&amp;quot;, line 456, in result\n    |     return self.__get_result()\n    |            ~~~~~~~~~~~~~~~~~^^\n    |   File &amp;quot;C:\\Program Files\\Python313\\Lib\\concurrent\\futures\\_base.py&amp;quot;, line 401, in __get_result\n    |     raise self._exception\n    |   File &amp;quot;C:\\Users\\bjain\\AppData\\Roaming\\Python\\Python313\\site-packages\\anyio\\from_thread.py&amp;quot;, line 221, in _call_func\n    |     retval = await retval_or_awaitable\n    |              ^^^^^^^^^^^^^^^^^^^^^^^^^\n    |   File &amp;quot;C:\\Users\\bjain\\AppData\\Roaming\\Python\\Python313\\site-packages\\fastapi\\applications.py&amp;quot;, line 1054, in __call__\n    |     await super().__call__(scope, receive, send)\n    |   File &amp;quot;C:\\Users\\bjain\\AppData\\Roaming\\Python\\Python313\\site-packages\\starlette\\applications.py&amp;quot;, line 113, in __call__\n    |     await self.middleware_stack(scope, receive, send)\n    |   File &amp;quot;C:\\Users\\bjain\\AppData\\Roaming\\Python\\Python313\\site-packages\\starlette\\middleware\\errors.py&amp;quot;, line 187, in __call__\n    |     raise exc\n    |   File &amp;quot;C:\\Users\\bjain\\AppData\\Roaming\\Python\\Python313\\site-packages\\starlette\\middleware\\errors.py&amp;quot;, line 165, in __call__\n    |     await self.app(scope, receive, _send)\n    |   File &amp;quot;C:\\Users\\bjain\\AppData\\Roaming\\Python\\Python313\\site-packages\\starlette\\middleware\\base.py&amp;quot;, line 185, in __call__\n    |     with collapse_excgroups():\n    |          ~~~~~~~~~~~~~~~~~~^^\n    |   File &amp;quot;C:\\Program Files\\Python313\\Lib\\contextlib.py&amp;quot;, line 162, in __exit__\n    |     self.gen.throw(value)\n    |     ~~~~~~~~~~~~~~^^^^^^^\n    |   File &amp;quot;C:\\Users\\bjain\\AppData\\Roaming\\Python\\Python313\\site-packages\\starlette\\_utils.py&amp;quot;, line 82, in collapse_excgroups\n    |     raise exc\n    |   File &amp;quot;C:\\Users\\bjain\\AppData\\Roaming\\Python\\Python313\\site-packages\\starlette\\middleware\\base.py&amp;quot;, line 187, in __call__\n    |     response = await self.dispatch_func(request, call_next)\n    |                ^^^^^^^^^^^^^^^^^^^^^^^^^^^^^^^^^^^^^^^^^^^^\n    |   File &amp;quot;C:\\Users\\bjain\\OneDrive - WatchGuard Technologies Inc\\Python\\Project\\Library_Management\\src\\app\\middleware\\middleware.py&amp;quot;, line 23, in dispatch\n    |     raise HTTPException(status_code=status.HTTP_401_UNAUTHORIZED,\n    |                         detail=Response.response(MISSING_OR_INVALID_TOKEN, Status.FAIL.value, TOKEN_MISSING))\n    | fastapi.exceptions.HTTPException: 401: {&amp;#x27;status&amp;#x27;: &amp;#x27;fail&amp;#x27;, &amp;#x27;message&amp;#x27;: &amp;#x27;Missing or invalid token&amp;#x27;, &amp;#x27;error_code&amp;#x27;: 4104}\n    +------------------------------------\n\nDuring handling of the above exception, another exception occurred:\n\nself = &amp;lt;src.tests.middleware_tests.test_middleware.TestAuthMiddleware object at 0x000002C155914050&amp;gt;\n\n    def test_missing_auth_header(self):\n        &amp;quot;&amp;quot;&amp;quot;Test request without Authorization header&amp;quot;&amp;quot;&amp;quot;\n&amp;gt;       response = self.client.get(&amp;quot;/test-protected&amp;quot;)\n\nself       = &amp;lt;src.tests.middleware_tests.test_middleware.TestAuthMiddleware object at 0x000002C155914050&amp;gt;\n\nsrc\\tests\\middleware_tests\\test_middleware.py:67: \n_ _ _ _ _ _ _ _ _ _ _ _ _ _ _ _ _ _ _ _ _ _ _ _ _ _ _ _ _ _ _ _ _ _ _ _ _ _ _ _ _ _ _ _ _ _ _ _ _ _ _ _ _ _ _ _ _ _ _ _ _ _ _ _ _ _ _ _ _ _ _ _ _ _ _ _ _ _ _ _ _ _ _ _ _ _ _ \n..\\..\\..\\..\\AppData\\Roaming\\Python\\Python313\\site-packages\\starlette\\testclient.py:514: in get\n    return super().get(\n        __class__  = &amp;lt;class &amp;#x27;starlette.testclient.TestClient&amp;#x27;&amp;gt;\n        allow_redirects = None\n        auth       = &amp;lt;httpx._client.UseClientDefault object at 0x000002C1557CD010&amp;gt;\n        cookies    = None\n        extensions = None\n        follow_redirects = None\n        headers    = None\n        params     = None\n        redirect   = &amp;lt;httpx._client.UseClientDefault object at 0x000002C1557CD010&amp;gt;\n        self       = &amp;lt;starlette.testclient.TestClient object at 0x000002C1558B9550&amp;gt;\n        timeout    = &amp;lt;httpx._client.UseClientDefault object at 0x000002C1557CD010&amp;gt;\n        url        = &amp;#x27;/test-protected&amp;#x27;\n..\\..\\..\\..\\AppData\\Roaming\\Python\\Python313\\site-packages\\httpx\\_client.py:1053: in get\n    return self.request(\n        auth       = &amp;lt;httpx._client.UseClientDefault object at 0x000002C1557CD010&amp;gt;\n        cookies    = None\n        extensions = None\n        follow_redirects = &amp;lt;httpx._client.UseClientDefault object at 0x000002C1557CD010&amp;gt;\n        headers    = None\n        params     = None\n        self       = &amp;lt;starlette.testclient.TestClient object at 0x000002C1558B9550&amp;gt;\n        timeout    = &amp;lt;httpx._client.UseClientDefault object at 0x000002C1557CD010&amp;gt;\n        url        = &amp;#x27;/test-protected&amp;#x27;\n..\\..\\..\\..\\AppData\\Roaming\\Python\\Python313\\site-packages\\starlette\\testclient.py:484: in request\n    return super().request(\n        __class__  = &amp;lt;class &amp;#x27;starlette.testclient.TestClient&amp;#x27;&amp;gt;\n        allow_redirects = None\n        auth       = &amp;lt;httpx._client.UseClientDefault object at 0x000002C1557CD010&amp;gt;\n        content    = None\n        cookies    = None\n        data       = None\n        extensions = None\n        files      = None\n        follow_redirects = &amp;lt;httpx._client.UseClientDefault object at 0x000002C1557CD010&amp;gt;\n        headers    = None\n        json       = None\n        method     = &amp;#x27;GET&amp;#x27;\n        params     = None\n        redirect   = &amp;lt;httpx._client.UseClientDefault object at 0x000002C1557CD010&amp;gt;\n        self       = &amp;lt;starlette.testclient.TestClient object at 0x000002C1558B9550&amp;gt;\n        timeout    = &amp;lt;httpx._client.UseClientDefault object at 0x000002C1557CD010&amp;gt;\n        url        = URL(&amp;#x27;http://testserver/test-protected&amp;#x27;)\n..\\..\\..\\..\\AppData\\Roaming\\Python\\Python313\\site-packages\\httpx\\_client.py:825: in request\n    return self.send(request, auth=auth, follow_redirects=follow_redirects)\n        auth       = &amp;lt;httpx._client.UseClientDefault object at 0x000002C1557CD010&amp;gt;\n        content    = None\n        cookies    = None\n        data       = None\n        extensions = None\n        files      = None\n        follow_redirects = &amp;lt;httpx._client.UseClientDefault object at 0x000002C1557CD010&amp;gt;\n        headers    = None\n        json       = None\n        method     = &amp;#x27;GET&amp;#x27;\n        params     = None\n        request    = &amp;lt;Request(&amp;#x27;GET&amp;#x27;, &amp;#x27;http://testserver/test-protected&amp;#x27;)&amp;gt;\n        self       = &amp;lt;starlette.testclient.TestClient object at 0x000002C1558B9550&amp;gt;\n        timeout    = &amp;lt;httpx._client.UseClientDefault object at 0x000002C1557CD010&amp;gt;\n        url        = URL(&amp;#x27;http://testserver/test-protected&amp;#x27;)\n..\\..\\..\\..\\AppData\\Roaming\\Python\\Python313\\site-packages\\httpx\\_client.py:914: in send\n    response = self._send_handling_auth(\n        auth       = &amp;lt;httpx.Auth object at 0x000002C155A7F390&amp;gt;\n        follow_redirects = True\n        request    = &amp;lt;Request(&amp;#x27;GET&amp;#x27;, &amp;#x27;http://testserver/test-protected&amp;#x27;)&amp;gt;\n        self       = &amp;lt;starlette.testclient.TestClient object at 0x000002C1558B9550&amp;gt;\n        stream     = False\n..\\..\\..\\..\\AppData\\Roaming\\Python\\Python313\\site-packages\\httpx\\_client.py:942: in _send_handling_auth\n    response = self._send_handling_redirects(\n        auth       = &amp;lt;httpx.Auth object at 0x000002C155A7F390&amp;gt;\n        auth_flow  = &amp;lt;generator object Auth.sync_auth_flow at 0x000002C155A93920&amp;gt;\n        follow_redirects = True\n        history    = []\n        request    = &amp;lt;Request(&amp;#x27;GET&amp;#x27;, &amp;#x27;http://testserver/test-protected&amp;#x27;)&amp;gt;\n        self       = &amp;lt;starlette.testclient.TestClient object at 0x000002C1558B9550&amp;gt;\n..\\..\\..\\..\\AppData\\Roaming\\Python\\Python313\\site-packages\\httpx\\_client.py:979: in _send_handling_redirects\n    response = self._send_single_request(request)\n        follow_redirects = True\n        history    = []\n        request    = &amp;lt;Request(&amp;#x27;GET&amp;#x27;, &amp;#x27;http://testserver/test-protected&amp;#x27;)&amp;gt;\n        self       = &amp;lt;starlette.testclient.TestClient object at 0x000002C1558B9550&amp;gt;\n..\\..\\..\\..\\AppData\\Roaming\\Python\\Python313\\site-packages\\httpx\\_client.py:1014: in _send_single_request\n    response = transport.handle_request(request)\n        request    = &amp;lt;Request(&amp;#x27;GET&amp;#x27;, &amp;#x27;http://testserver/test-protected&amp;#x27;)&amp;gt;\n        self       = &amp;lt;starlette.testclient.TestClient object at 0x000002C1558B9550&amp;gt;\n        start      = 277849.4352476\n        transport  = &amp;lt;starlette.testclient._TestClientTransport object at 0x000002C1558B96A0&amp;gt;\n..\\..\\..\\..\\AppData\\Roaming\\Python\\Python313\\site-packages\\starlette\\testclient.py:377: in handle_request\n    raise exc\n        context    = None\n        default_port = 80\n        headers    = [(b&amp;#x27;host&amp;#x27;, b&amp;#x27;testserver&amp;#x27;), (b&amp;#x27;accept&amp;#x27;, b&amp;#x27;*/*&amp;#x27;), (b&amp;#x27;accept-encoding&amp;#x27;, b&amp;#x27;gzip, deflate&amp;#x27;), (b&amp;#x27;connection&amp;#x27;, b&amp;#x27;keep-alive&amp;#x27;), (b&amp;#x27;user-agent&amp;#x27;, b&amp;#x27;testclient&amp;#x27;)]\n        host       = &amp;#x27;testserver&amp;#x27;\n        netloc     = &amp;#x27;testserver&amp;#x27;\n        path       = &amp;#x27;/test-protected&amp;#x27;\n        port       = 80\n        portal     = &amp;lt;anyio._backends._asyncio.BlockingPortal object at 0x000002C155A7FC50&amp;gt;\n        query      = &amp;#x27;&amp;#x27;\n        raw_kwargs = {&amp;#x27;headers&amp;#x27;: [(&amp;#x27;content-length&amp;#x27;, &amp;#x27;21&amp;#x27;), (&amp;#x27;content-type&amp;#x27;, &amp;#x27;text/plain; charset=utf-8&amp;#x27;)], &amp;#x27;status_code&amp;#x27;: 500, &amp;#x27;stream&amp;#x27;: &amp;lt;_io.BytesIO object at 0x000002C155AD9080&amp;gt;}\n        raw_path   = b&amp;#x27;/test-protected&amp;#x27;\n        receive    = &amp;lt;function _TestClientTransport.handle_request.&amp;lt;locals&amp;gt;.receive at 0x000002C155B2A660&amp;gt;\n        request    = &amp;lt;Request(&amp;#x27;GET&amp;#x27;, &amp;#x27;http://testserver/test-protected&amp;#x27;)&amp;gt;\n        request_complete = False\n        response_complete = &amp;lt;anyio._backends._asyncio.Event object at 0x000002C155B05570&amp;gt;\n        response_started = True\n        scheme     = &amp;#x27;http&amp;#x27;\n        scope      = {&amp;#x27;app&amp;#x27;: &amp;lt;fastapi.applications.FastAPI object at 0x000002C1558B8590&amp;gt;, &amp;#x27;client&amp;#x27;: [&amp;#x27;testclient&amp;#x27;, 50000], &amp;#x27;extensions&amp;#x27;: {&amp;#x27;... b&amp;#x27;*/*&amp;#x27;), (b&amp;#x27;accept-encoding&amp;#x27;, b&amp;#x27;gzip, deflate&amp;#x27;), (b&amp;#x27;connection&amp;#x27;, b&amp;#x27;keep-alive&amp;#x27;), (b&amp;#x27;user-agent&amp;#x27;, b&amp;#x27;testclient&amp;#x27;)], ...}\n        self       = &amp;lt;starlette.testclient._TestClientTransport object at 0x000002C1558B96A0&amp;gt;\n        send       = &amp;lt;function _TestClientTransport.handle_request.&amp;lt;locals&amp;gt;.send at 0x000002C155B298A0&amp;gt;\n        template   = None\n..\\..\\..\\..\\AppData\\Roaming\\Python\\Python313\\site-packages\\starlette\\testclient.py:374: in handle_request\n    portal.call(self.app, scope, receive, send)\n        context    = None\n        default_port = 80\n        headers    = [(b&amp;#x27;host&amp;#x27;, b&amp;#x27;testserver&amp;#x27;), (b&amp;#x27;accept&amp;#x27;, b&amp;#x27;*/*&amp;#x27;), (b&amp;#x27;accept-encoding&amp;#x27;, b&amp;#x27;gzip, deflate&amp;#x27;), (b&amp;#x27;connection&amp;#x27;, b&amp;#x27;keep-alive&amp;#x27;), (b&amp;#x27;user-agent&amp;#x27;, b&amp;#x27;testclient&amp;#x27;)]\n        host       = &amp;#x27;testserver&amp;#x27;\n        netloc     = &amp;#x27;testserver&amp;#x27;\n        path       = &amp;#x27;/test-protected&amp;#x27;\n        port       = 80\n        portal     = &amp;lt;anyio._backends._asyncio.BlockingPortal object at 0x000002C155A7FC50&amp;gt;\n        query      = &amp;#x27;&amp;#x27;\n        raw_kwargs = {&amp;#x27;headers&amp;#x27;: [(&amp;#x27;content-length&amp;#x27;, &amp;#x27;21&amp;#x27;), (&amp;#x27;content-type&amp;#x27;, &amp;#x27;text/plain; charset=utf-8&amp;#x27;)], &amp;#x27;status_code&amp;#x27;: 500, &amp;#x27;stream&amp;#x27;: &amp;lt;_io.BytesIO object at 0x000002C155AD9080&amp;gt;}\n        raw_path   = b&amp;#x27;/test-protected&amp;#x27;\n        receive    = &amp;lt;function _TestClientTransport.handle_request.&amp;lt;locals&amp;gt;.receive at 0x000002C155B2A660&amp;gt;\n        request    = &amp;lt;Request(&amp;#x27;GET&amp;#x27;, &amp;#x27;http://testserver/test-protected&amp;#x27;)&amp;gt;\n        request_complete = False\n        response_complete = &amp;lt;anyio._backends._asyncio.Event object at 0x000002C155B05570&amp;gt;\n        response_started = True\n        scheme     = &amp;#x27;http&amp;#x27;\n        scope      = {&amp;#x27;app&amp;#x27;: &amp;lt;fastapi.applications.FastAPI object at 0x000002C1558B8590&amp;gt;, &amp;#x27;client&amp;#x27;: [&amp;#x27;testclient&amp;#x27;, 50000], &amp;#x27;extensions&amp;#x27;: {&amp;#x27;... b&amp;#x27;*/*&amp;#x27;), (b&amp;#x27;accept-encoding&amp;#x27;, b&amp;#x27;gzip, deflate&amp;#x27;), (b&amp;#x27;connection&amp;#x27;, b&amp;#x27;keep-alive&amp;#x27;), (b&amp;#x27;user-agent&amp;#x27;, b&amp;#x27;testclient&amp;#x27;)], ...}\n        self       = &amp;lt;starlette.testclient._TestClientTransport object at 0x000002C1558B96A0&amp;gt;\n        send       = &amp;lt;function _TestClientTransport.handle_request.&amp;lt;locals&amp;gt;.send at 0x000002C155B298A0&amp;gt;\n        template   = None\n..\\..\\..\\..\\AppData\\Roaming\\Python\\Python313\\site-packages\\anyio\\from_thread.py:290: in call\n    return cast(T_Retval, self.start_task_soon(func, *args).result())\n        args       = ({&amp;#x27;app&amp;#x27;: &amp;lt;fastapi.applications.FastAPI object at 0x000002C1558B8590&amp;gt;, &amp;#x27;client&amp;#x27;: [&amp;#x27;testclient&amp;#x27;, 50000], &amp;#x27;extensions&amp;#x27;: {...ls&amp;gt;.receive at 0x000002C155B2A660&amp;gt;, &amp;lt;function _TestClientTransport.handle_request.&amp;lt;locals&amp;gt;.send at 0x000002C155B298A0&amp;gt;)\n        func       = &amp;lt;fastapi.applications.FastAPI object at 0x000002C1558B8590&amp;gt;\n        self       = &amp;lt;anyio._backends._asyncio.BlockingPortal object at 0x000002C155A7FC50&amp;gt;\nC:\\Program Files\\Python313\\Lib\\concurrent\\futures\\_base.py:456: in result\n    return self.__get_result()\n        self       = None\n        timeout    = None\nC:\\Program Files\\Python313\\Lib\\concurrent\\futures\\_base.py:401: in __get_result\n    raise self._exception\n        self       = None\n..\\..\\..\\..\\AppData\\Roaming\\Python\\Python313\\site-packages\\anyio\\from_thread.py:221: in _call_func\n    retval = await retval_or_awaitable\n        args       = ({&amp;#x27;app&amp;#x27;: &amp;lt;fastapi.applications.FastAPI object at 0x000002C1558B8590&amp;gt;, &amp;#x27;client&amp;#x27;: [&amp;#x27;testclient&amp;#x27;, 50000], &amp;#x27;extensions&amp;#x27;: {...ls&amp;gt;.receive at 0x000002C155B2A660&amp;gt;, &amp;lt;function _TestClientTransport.handle_request.&amp;lt;locals&amp;gt;.send at 0x000002C155B298A0&amp;gt;)\n        callback   = &amp;lt;function BlockingPortal._call_func.&amp;lt;locals&amp;gt;.callback at 0x000002C155B2A0C0&amp;gt;\n        func       = &amp;lt;fastapi.applications.FastAPI object at 0x000002C1558B8590&amp;gt;\n        future     = &amp;lt;Future at 0x2c155ad2830 state=finished raised HTTPException&amp;gt;\n        kwargs     = {}\n        retval_or_awaitable = &amp;lt;coroutine object FastAPI.__call__ at 0x000002C155B147C0&amp;gt;\n        scope      = None\n        self       = &amp;lt;anyio._backends._asyncio.BlockingPortal object at 0x000002C155A7FC50&amp;gt;\n..\\..\\..\\..\\AppData\\Roaming\\Python\\Python313\\site-packages\\fastapi\\applications.py:1054: in __call__\n    await super().__call__(scope, receive, send)\n        __class__  = &amp;lt;class &amp;#x27;fastapi.applications.FastAPI&amp;#x27;&amp;gt;\n        receive    = &amp;lt;function _TestClientTransport.handle_request.&amp;lt;locals&amp;gt;.receive at 0x000002C155B2A660&amp;gt;\n        scope      = {&amp;#x27;app&amp;#x27;: &amp;lt;fastapi.applications.FastAPI object at 0x000002C1558B8590&amp;gt;, &amp;#x27;client&amp;#x27;: [&amp;#x27;testclient&amp;#x27;, 50000], &amp;#x27;extensions&amp;#x27;: {&amp;#x27;... b&amp;#x27;*/*&amp;#x27;), (b&amp;#x27;accept-encoding&amp;#x27;, b&amp;#x27;gzip, deflate&amp;#x27;), (b&amp;#x27;connection&amp;#x27;, b&amp;#x27;keep-alive&amp;#x27;), (b&amp;#x27;user-agent&amp;#x27;, b&amp;#x27;testclient&amp;#x27;)], ...}\n        self       = &amp;lt;fastapi.applications.FastAPI object at 0x000002C1558B8590&amp;gt;\n        send       = &amp;lt;function _TestClientTransport.handle_request.&amp;lt;locals&amp;gt;.send at 0x000002C155B298A0&amp;gt;\n..\\..\\..\\..\\AppData\\Roaming\\Python\\Python313\\site-packages\\starlette\\applications.py:113: in __call__\n    await self.middleware_stack(scope, receive, send)\n        receive    = &amp;lt;function _TestClientTransport.handle_request.&amp;lt;locals&amp;gt;.receive at 0x000002C155B2A660&amp;gt;\n        scope      = {&amp;#x27;app&amp;#x27;: &amp;lt;fastapi.applications.FastAPI object at 0x000002C1558B8590&amp;gt;, &amp;#x27;client&amp;#x27;: [&amp;#x27;testclient&amp;#x27;, 50000], &amp;#x27;extensions&amp;#x27;: {&amp;#x27;... b&amp;#x27;*/*&amp;#x27;), (b&amp;#x27;accept-encoding&amp;#x27;, b&amp;#x27;gzip, deflate&amp;#x27;), (b&amp;#x27;connection&amp;#x27;, b&amp;#x27;keep-alive&amp;#x27;), (b&amp;#x27;user-agent&amp;#x27;, b&amp;#x27;testclient&amp;#x27;)], ...}\n        self       = &amp;lt;fastapi.applications.FastAPI object at 0x000002C1558B8590&amp;gt;\n        send       = &amp;lt;function _TestClientTransport.handle_request.&amp;lt;locals&amp;gt;.send at 0x000002C155B298A0&amp;gt;\n..\\..\\..\\..\\AppData\\Roaming\\Python\\Python313\\site-packages\\starlette\\middleware\\errors.py:187: in __call__\n    raise exc\n        _send      = &amp;lt;function ServerErrorMiddleware.__call__.&amp;lt;locals&amp;gt;._send at 0x000002C155B2A8E0&amp;gt;\n        receive    = &amp;lt;function _TestClientTransport.handle_request.&amp;lt;locals&amp;gt;.receive at 0x000002C155B2A660&amp;gt;\n        request    = &amp;lt;starlette.requests.Request object at 0x000002C155AD28E0&amp;gt;\n        response   = &amp;lt;starlette.responses.PlainTextResponse object at 0x000002C155A71BE0&amp;gt;\n        response_started = False\n        scope      = {&amp;#x27;app&amp;#x27;: &amp;lt;fastapi.applications.FastAPI object at 0x000002C1558B8590&amp;gt;, &amp;#x27;client&amp;#x27;: [&amp;#x27;testclient&amp;#x27;, 50000], &amp;#x27;extensions&amp;#x27;: {&amp;#x27;... b&amp;#x27;*/*&amp;#x27;), (b&amp;#x27;accept-encoding&amp;#x27;, b&amp;#x27;gzip, deflate&amp;#x27;), (b&amp;#x27;connection&amp;#x27;, b&amp;#x27;keep-alive&amp;#x27;), (b&amp;#x27;user-agent&amp;#x27;, b&amp;#x27;testclient&amp;#x27;)], ...}\n        self       = &amp;lt;starlette.middleware.errors.ServerErrorMiddleware object at 0x000002C155A73CB0&amp;gt;\n        send       = &amp;lt;function _TestClientTransport.handle_request.&amp;lt;locals&amp;gt;.send at 0x000002C155B298A0&amp;gt;\n..\\..\\..\\..\\AppData\\Roaming\\Python\\Python313\\site-packages\\starlette\\middleware\\errors.py:165: in __call__\n    await self.app(scope, receive, _send)\n        _send      = &amp;lt;function ServerErrorMiddleware.__call__.&amp;lt;locals&amp;gt;._send at 0x000002C155B2A8E0&amp;gt;\n        receive    = &amp;lt;function _TestClientTransport.handle_request.&amp;lt;locals&amp;gt;.receive at 0x000002C155B2A660&amp;gt;\n        request    = &amp;lt;starlette.requests.Request object at 0x000002C155AD28E0&amp;gt;\n        response   = &amp;lt;starlette.responses.PlainTextResponse object at 0x000002C155A71BE0&amp;gt;\n        response_started = False\n        scope      = {&amp;#x27;app&amp;#x27;: &amp;lt;fastapi.applications.FastAPI object at 0x000002C1558B8590&amp;gt;, &amp;#x27;client&amp;#x27;: [&amp;#x27;testclient&amp;#x27;, 50000], &amp;#x27;extensions&amp;#x27;: {&amp;#x27;... b&amp;#x27;*/*&amp;#x27;), (b&amp;#x27;accept-encoding&amp;#x27;, b&amp;#x27;gzip, deflate&amp;#x27;), (b&amp;#x27;connection&amp;#x27;, b&amp;#x27;keep-alive&amp;#x27;), (b&amp;#x27;user-agent&amp;#x27;, b&amp;#x27;testclient&amp;#x27;)], ...}\n        self       = &amp;lt;starlette.middleware.errors.ServerErrorMiddleware object at 0x000002C155A73CB0&amp;gt;\n        send       = &amp;lt;function _TestClientTransport.handle_request.&amp;lt;locals&amp;gt;.send at 0x000002C155B298A0&amp;gt;\n..\\..\\..\\..\\AppData\\Roaming\\Python\\Python313\\site-packages\\starlette\\middleware\\base.py:185: in __call__\n    with collapse_excgroups():\n        call_next  = &amp;lt;function BaseHTTPMiddleware.__call__.&amp;lt;locals&amp;gt;.call_next at 0x000002C155B29D00&amp;gt;\n        receive    = &amp;lt;function _TestClientTransport.handle_request.&amp;lt;locals&amp;gt;.receive at 0x000002C155B2A660&amp;gt;\n        request    = &amp;lt;starlette.middleware.base._CachedRequest object at 0x000002C155A7FED0&amp;gt;\n        response_sent = &amp;lt;anyio._backends._asyncio.Event object at 0x000002C155ADDC10&amp;gt;\n        scope      = {&amp;#x27;app&amp;#x27;: &amp;lt;fastapi.applications.FastAPI object at 0x000002C1558B8590&amp;gt;, &amp;#x27;client&amp;#x27;: [&amp;#x27;testclient&amp;#x27;, 50000], &amp;#x27;extensions&amp;#x27;: {&amp;#x27;... b&amp;#x27;*/*&amp;#x27;), (b&amp;#x27;accept-encoding&amp;#x27;, b&amp;#x27;gzip, deflate&amp;#x27;), (b&amp;#x27;connection&amp;#x27;, b&amp;#x27;keep-alive&amp;#x27;), (b&amp;#x27;user-agent&amp;#x27;, b&amp;#x27;testclient&amp;#x27;)], ...}\n        self       = &amp;lt;src.app.middleware.middleware.AuthMiddleware object at 0x000002C155A73B60&amp;gt;\n        send       = &amp;lt;function ServerErrorMiddleware.__call__.&amp;lt;locals&amp;gt;._send at 0x000002C155B2A8E0&amp;gt;\n        task_group = &amp;lt;anyio._backends._asyncio.TaskGroup object at 0x000002C155AF9E50&amp;gt;\n        wrapped_receive = &amp;lt;bound method _CachedRequest.wrapped_receive of &amp;lt;starlette.middleware.base._CachedRequest object at 0x000002C155A7FED0&amp;gt;&amp;gt;\nC:\\Program Files\\Python313\\Lib\\contextlib.py:162: in __exit__\n    self.gen.throw(value)\n        self       = &amp;lt;contextlib._GeneratorContextManager object at 0x000002C155AEF3F0&amp;gt;\n        traceback  = &amp;lt;traceback object at 0x000002C155B3EB00&amp;gt;\n        typ        = &amp;lt;class &amp;#x27;ExceptionGroup&amp;#x27;&amp;gt;\n        value      = ExceptionGroup(&amp;#x27;unhandled errors in a TaskGroup&amp;#x27;, [HTTPException(status_code=401, detail={&amp;#x27;status&amp;#x27;: &amp;#x27;fail&amp;#x27;, &amp;#x27;message&amp;#x27;: &amp;#x27;Missing or invalid token&amp;#x27;, &amp;#x27;error_code&amp;#x27;: 4104})])\n..\\..\\..\\..\\AppData\\Roaming\\Python\\Python313\\site-packages\\starlette\\_utils.py:82: in collapse_excgroups\n    raise exc\n..\\..\\..\\..\\AppData\\Roaming\\Python\\Python313\\site-packages\\starlette\\middleware\\base.py:187: in __call__\n    response = await self.dispatch_func(request, call_next)\n        call_next  = &amp;lt;function BaseHTTPMiddleware.__call__.&amp;lt;locals&amp;gt;.call_next at 0x000002C155B29D00&amp;gt;\n        receive    = &amp;lt;function _TestClientTransport.handle_request.&amp;lt;locals&amp;gt;.receive at 0x000002C155B2A660&amp;gt;\n        request    = &amp;lt;starlette.middleware.base._CachedRequest object at 0x000002C155A7FED0&amp;gt;\n        response_sent = &amp;lt;anyio._backends._asyncio.Event object at 0x000002C155ADDC10&amp;gt;\n        scope      = {&amp;#x27;app&amp;#x27;: &amp;lt;fastapi.applications.FastAPI object at 0x000002C1558B8590&amp;gt;, &amp;#x27;client&amp;#x27;: [&amp;#x27;testclient&amp;#x27;, 50000], &amp;#x27;extensions&amp;#x27;: {&amp;#x27;... b&amp;#x27;*/*&amp;#x27;), (b&amp;#x27;accept-encoding&amp;#x27;, b&amp;#x27;gzip, deflate&amp;#x27;), (b&amp;#x27;connection&amp;#x27;, b&amp;#x27;keep-alive&amp;#x27;), (b&amp;#x27;user-agent&amp;#x27;, b&amp;#x27;testclient&amp;#x27;)], ...}\n        self       = &amp;lt;src.app.middleware.middleware.AuthMiddleware object at 0x000002C155A73B60&amp;gt;\n        send       = &amp;lt;function ServerErrorMiddleware.__call__.&amp;lt;locals&amp;gt;._send at 0x000002C155B2A8E0&amp;gt;\n        task_group = &amp;lt;anyio._backends._asyncio.TaskGroup object at 0x000002C155AF9E50&amp;gt;\n        wrapped_receive = &amp;lt;bound method _CachedRequest.wrapped_receive of &amp;lt;starlette.middleware.base._CachedRequest object at 0x000002C155A7FED0&amp;gt;&amp;gt;\n_ _ _ _ _ _ _ _ _ _ _ _ _ _ _ _ _ _ _ _ _ _ _ _ _ _ _ _ _ _ _ _ _ _ _ _ _ _ _ _ _ _ _ _ _ _ _ _ _ _ _ _ _ _ _ _ _ _ _ _ _ _ _ _ _ _ _ _ _ _ _ _ _ _ _ _ _ _ _ _ _ _ _ _ _ _ _ \n\nself = &amp;lt;src.app.middleware.middleware.AuthMiddleware object at 0x000002C155A73B60&amp;gt;, request = &amp;lt;starlette.middleware.base._CachedRequest object at 0x000002C155A7FED0&amp;gt;\ncall_next = &amp;lt;function BaseHTTPMiddleware.__call__.&amp;lt;locals&amp;gt;.call_next at 0x000002C155B29D00&amp;gt;\n\n    async def dispatch(self, request: Request, call_next):\n      if any(request.url.path.startswith(route) for route in EXEMPT_ROUTES):\n          return await call_next(request)\n    \n      # Extract the Authorization header\n      auth_token = request.headers.get(&amp;#x27;Authorization&amp;#x27;)\n      if not auth_token or not auth_token.startswith(&amp;#x27;Bearer &amp;#x27;):\n&amp;gt;         raise HTTPException(status_code=status.HTTP_401_UNAUTHORIZED,\n                              detail=Response.response(MISSING_OR_INVALID_TOKEN, Status.FAIL.value, TOKEN_MISSING))\nE         fastapi.exceptions.HTTPException: 401: {&amp;#x27;status&amp;#x27;: &amp;#x27;fail&amp;#x27;, &amp;#x27;message&amp;#x27;: &amp;#x27;Missing or invalid token&amp;#x27;, &amp;#x27;error_code&amp;#x27;: 4104}\n\nauth_token = None\ncall_next  = &amp;lt;function BaseHTTPMiddleware.__call__.&amp;lt;locals&amp;gt;.call_next at 0x000002C155B29D00&amp;gt;\nrequest    = &amp;lt;starlette.middleware.base._CachedRequest object at 0x000002C155A7FED0&amp;gt;\nself       = &amp;lt;src.app.middleware.middleware.AuthMiddleware object at 0x000002C155A73B60&amp;gt;\n\nsrc\\app\\middleware\\middleware.py:23: HTTPException\n&#34;}], &#34;src/tests/middleware_tests/test_middleware.py::TestAuthMiddleware::test_invalid_auth_header_format&#34;: [{&#34;extras&#34;: [], &#34;result&#34;: &#34;Passed&#34;, &#34;testId&#34;: &#34;src/tests/middleware_tests/test_middleware.py::TestAuthMiddleware::test_invalid_auth_header_format&#34;, &#34;duration&#34;: &#34;22 ms&#34;, &#34;resultsTableRow&#34;: [&#34;&lt;td class=\&#34;col-result\&#34;&gt;Passed&lt;/td&gt;&#34;, &#34;&lt;td class=\&#34;col-testId\&#34;&gt;src/tests/middleware_tests/test_middleware.py::TestAuthMiddleware::test_invalid_auth_header_format&lt;/td&gt;&#34;, &#34;&lt;td class=\&#34;col-duration\&#34;&gt;22 ms&lt;/td&gt;&#34;, &#34;&lt;td class=\&#34;col-links\&#34;&gt;&lt;/td&gt;&#34;], &#34;log&#34;: &#34;No log output captured.&#34;}], &#34;src/tests/middleware_tests/test_middleware.py::TestAuthMiddleware::test_valid_token&#34;: [{&#34;extras&#34;: [], &#34;result&#34;: &#34;Passed&#34;, &#34;testId&#34;: &#34;src/tests/middleware_tests/test_middleware.py::TestAuthMiddleware::test_valid_token&#34;, &#34;duration&#34;: &#34;29 ms&#34;, &#34;resultsTableRow&#34;: [&#34;&lt;td class=\&#34;col-result\&#34;&gt;Passed&lt;/td&gt;&#34;, &#34;&lt;td class=\&#34;col-testId\&#34;&gt;src/tests/middleware_tests/test_middleware.py::TestAuthMiddleware::test_valid_token&lt;/td&gt;&#34;, &#34;&lt;td class=\&#34;col-duration\&#34;&gt;29 ms&lt;/td&gt;&#34;, &#34;&lt;td class=\&#34;col-links\&#34;&gt;&lt;/td&gt;&#34;], &#34;log&#34;: &#34;No log output captured.&#34;}], &#34;src/tests/middleware_tests/test_middleware.py::TestAuthMiddleware::test_expired_token&#34;: [{&#34;extras&#34;: [], &#34;result&#34;: &#34;Failed&#34;, &#34;testId&#34;: &#34;src/tests/middleware_tests/test_middleware.py::TestAuthMiddleware::test_expired_token&#34;, &#34;duration&#34;: &#34;30 ms&#34;, &#34;resultsTableRow&#34;: [&#34;&lt;td class=\&#34;col-result\&#34;&gt;Failed&lt;/td&gt;&#34;, &#34;&lt;td class=\&#34;col-testId\&#34;&gt;src/tests/middleware_tests/test_middleware.py::TestAuthMiddleware::test_expired_token&lt;/td&gt;&#34;, &#34;&lt;td class=\&#34;col-duration\&#34;&gt;30 ms&lt;/td&gt;&#34;, &#34;&lt;td class=\&#34;col-links\&#34;&gt;&lt;/td&gt;&#34;], &#34;log&#34;: &#34;self = &amp;lt;src.tests.middleware_tests.test_middleware.TestAuthMiddleware object at 0x000002C15586EF10&amp;gt;\n\n    def test_expired_token(self):\n        &amp;quot;&amp;quot;&amp;quot;Test request with expired token&amp;quot;&amp;quot;&amp;quot;\n        token = create_token(expired=True)\n        response = self.client.get(\n            &amp;quot;/test-protected&amp;quot;,\n            headers={&amp;quot;Authorization&amp;quot;: f&amp;quot;Bearer {token}&amp;quot;}\n        )\n&amp;gt;       assert response.status_code == 401\nE       assert 200 == 401\nE        +  where 200 = &amp;lt;Response [200 OK]&amp;gt;.status_code\n\nresponse   = &amp;lt;Response [200 OK]&amp;gt;\nself       = &amp;lt;src.tests.middleware_tests.test_middleware.TestAuthMiddleware object at 0x000002C15586EF10&amp;gt;\ntoken      = &amp;#x27;eyJhbGciOiJIUzI1NiIsInR5cCI6IkpXVCJ9.eyJ1c2VyX2lkIjoidGVzdC11c2VyIiwicm9sZSI6InVzZXIiLCJleHAiOjE3MzUyMjE1MzUsImlhdCI6MTczNTIxNzkzNSwibmJmIjoxNzM1MjE3OTM1fQ.CNuIRBGaIjC3HdCPY6O-WA0LomxeK3eB7Hpi9wh1UA4&amp;#x27;\n\nsrc\\tests\\middleware_tests\\test_middleware.py:98: AssertionError\n&#34;}], &#34;src/tests/middleware_tests/test_middleware.py::TestAuthMiddleware::test_invalid_token&#34;: [{&#34;extras&#34;: [], &#34;result&#34;: &#34;Passed&#34;, &#34;testId&#34;: &#34;src/tests/middleware_tests/test_middleware.py::TestAuthMiddleware::test_invalid_token&#34;, &#34;duration&#34;: &#34;27 ms&#34;, &#34;resultsTableRow&#34;: [&#34;&lt;td class=\&#34;col-result\&#34;&gt;Passed&lt;/td&gt;&#34;, &#34;&lt;td class=\&#34;col-testId\&#34;&gt;src/tests/middleware_tests/test_middleware.py::TestAuthMiddleware::test_invalid_token&lt;/td&gt;&#34;, &#34;&lt;td class=\&#34;col-duration\&#34;&gt;27 ms&lt;/td&gt;&#34;, &#34;&lt;td class=\&#34;col-links\&#34;&gt;&lt;/td&gt;&#34;], &#34;log&#34;: &#34;No log output captured.&#34;}], &#34;src/tests/middleware_tests/test_middleware.py::TestAuthMiddleware::test_missing_user_id_in_token&#34;: [{&#34;extras&#34;: [], &#34;result&#34;: &#34;Failed&#34;, &#34;testId&#34;: &#34;src/tests/middleware_tests/test_middleware.py::TestAuthMiddleware::test_missing_user_id_in_token&#34;, &#34;duration&#34;: &#34;8 ms&#34;, &#34;resultsTableRow&#34;: [&#34;&lt;td class=\&#34;col-result\&#34;&gt;Failed&lt;/td&gt;&#34;, &#34;&lt;td class=\&#34;col-testId\&#34;&gt;src/tests/middleware_tests/test_middleware.py::TestAuthMiddleware::test_missing_user_id_in_token&lt;/td&gt;&#34;, &#34;&lt;td class=\&#34;col-duration\&#34;&gt;8 ms&lt;/td&gt;&#34;, &#34;&lt;td class=\&#34;col-links\&#34;&gt;&lt;/td&gt;&#34;], &#34;log&#34;: &#34;self = &amp;lt;src.tests.middleware_tests.test_middleware.TestAuthMiddleware object at 0x000002C1558DCB50&amp;gt;\n\n    def test_missing_user_id_in_token(self):\n        &amp;quot;&amp;quot;&amp;quot;Test token without user_id claim&amp;quot;&amp;quot;&amp;quot;\n        payload = {\n            &amp;quot;role&amp;quot;: Role.USER.value,\n&amp;gt;           &amp;quot;exp&amp;quot;: datetime.utcnow() + timedelta(days=1)\n        }\nE       AttributeError: module &amp;#x27;datetime&amp;#x27; has no attribute &amp;#x27;utcnow&amp;#x27;\n\nself       = &amp;lt;src.tests.middleware_tests.test_middleware.TestAuthMiddleware object at 0x000002C1558DCB50&amp;gt;\n\nsrc\\tests\\middleware_tests\\test_middleware.py:116: AttributeError\n&#34;}], &#34;src/tests/middleware_tests/test_middleware.py::TestAuthMiddleware::test_missing_role_in_token&#34;: [{&#34;extras&#34;: [], &#34;result&#34;: &#34;Failed&#34;, &#34;testId&#34;: &#34;src/tests/middleware_tests/test_middleware.py::TestAuthMiddleware::test_missing_role_in_token&#34;, &#34;duration&#34;: &#34;5 ms&#34;, &#34;resultsTableRow&#34;: [&#34;&lt;td class=\&#34;col-result\&#34;&gt;Failed&lt;/td&gt;&#34;, &#34;&lt;td class=\&#34;col-testId\&#34;&gt;src/tests/middleware_tests/test_middleware.py::TestAuthMiddleware::test_missing_role_in_token&lt;/td&gt;&#34;, &#34;&lt;td class=\&#34;col-duration\&#34;&gt;5 ms&lt;/td&gt;&#34;, &#34;&lt;td class=\&#34;col-links\&#34;&gt;&lt;/td&gt;&#34;], &#34;log&#34;: &#34;self = &amp;lt;src.tests.middleware_tests.test_middleware.TestAuthMiddleware object at 0x000002C1558DCC50&amp;gt;\n\n    def test_missing_role_in_token(self):\n        &amp;quot;&amp;quot;&amp;quot;Test token without role claim&amp;quot;&amp;quot;&amp;quot;\n        payload = {\n            &amp;quot;user_id&amp;quot;: &amp;quot;test-user&amp;quot;,\n&amp;gt;           &amp;quot;exp&amp;quot;: datetime.utcnow() + timedelta(days=1)\n        }\nE       AttributeError: module &amp;#x27;datetime&amp;#x27; has no attribute &amp;#x27;utcnow&amp;#x27;\n\nself       = &amp;lt;src.tests.middleware_tests.test_middleware.TestAuthMiddleware object at 0x000002C1558DCC50&amp;gt;\n\nsrc\\tests\\middleware_tests\\test_middleware.py:131: AttributeError\n&#34;}], &#34;src/tests/middleware_tests/test_middleware.py::TestAuthMiddleware::test_user_context_setting&#34;: [{&#34;extras&#34;: [], &#34;result&#34;: &#34;Failed&#34;, &#34;testId&#34;: &#34;src/tests/middleware_tests/test_middleware.py::TestAuthMiddleware::test_user_context_setting&#34;, &#34;duration&#34;: &#34;47 ms&#34;, &#34;resultsTableRow&#34;: [&#34;&lt;td class=\&#34;col-result\&#34;&gt;Failed&lt;/td&gt;&#34;, &#34;&lt;td class=\&#34;col-testId\&#34;&gt;src/tests/middleware_tests/test_middleware.py::TestAuthMiddleware::test_user_context_setting&lt;/td&gt;&#34;, &#34;&lt;td class=\&#34;col-duration\&#34;&gt;47 ms&lt;/td&gt;&#34;, &#34;&lt;td class=\&#34;col-links\&#34;&gt;&lt;/td&gt;&#34;], &#34;log&#34;: &#34;self = &amp;lt;src.tests.middleware_tests.test_middleware.TestAuthMiddleware object at 0x000002C15585EA80&amp;gt;\nmock_set_context = &amp;lt;MagicMock name=&amp;#x27;set_user_to_context&amp;#x27; id=&amp;#x27;3029389738736&amp;#x27;&amp;gt;\n\n    @patch(&amp;#x27;src.app.utils.context.set_user_to_context&amp;#x27;)\n    def test_user_context_setting(self, mock_set_context):\n        &amp;quot;&amp;quot;&amp;quot;Test that user context is properly set&amp;quot;&amp;quot;&amp;quot;\n        token = create_token()\n        response = self.client.get(\n            &amp;quot;/test-protected&amp;quot;,\n            headers={&amp;quot;Authorization&amp;quot;: f&amp;quot;Bearer {token}&amp;quot;}\n        )\n    \n&amp;gt;       mock_set_context.assert_called_once()\n\nmock_set_context = &amp;lt;MagicMock name=&amp;#x27;set_user_to_context&amp;#x27; id=&amp;#x27;3029389738736&amp;#x27;&amp;gt;\nresponse   = &amp;lt;Response [200 OK]&amp;gt;\nself       = &amp;lt;src.tests.middleware_tests.test_middleware.TestAuthMiddleware object at 0x000002C15585EA80&amp;gt;\ntoken      = &amp;#x27;eyJhbGciOiJIUzI1NiIsInR5cCI6IkpXVCJ9.eyJ1c2VyX2lkIjoidGVzdC11c2VyIiwicm9sZSI6InVzZXIiLCJleHAiOjE3MzUyMjE1MzYsImlhdCI6MTczNTIxNzkzNiwibmJmIjoxNzM1MjE3OTM2fQ.CW075ZXCNWiQ6gyAJYJDQW93-VC4MgnWf3XGv_Qy7-U&amp;#x27;\n\nsrc\\tests\\middleware_tests\\test_middleware.py:151: \n_ _ _ _ _ _ _ _ _ _ _ _ _ _ _ _ _ _ _ _ _ _ _ _ _ _ _ _ _ _ _ _ _ _ _ _ _ _ _ _ _ _ _ _ _ _ _ _ _ _ _ _ _ _ _ _ _ _ _ _ _ _ _ _ _ _ _ _ _ _ _ _ _ _ _ _ _ _ _ _ _ _ _ _ _ _ _ \n\nself = &amp;lt;MagicMock name=&amp;#x27;set_user_to_context&amp;#x27; id=&amp;#x27;3029389738736&amp;#x27;&amp;gt;\n\n    def assert_called_once(self):\n        &amp;quot;&amp;quot;&amp;quot;assert that the mock was called only once.\n        &amp;quot;&amp;quot;&amp;quot;\n        if not self.call_count == 1:\n            msg = (&amp;quot;Expected &amp;#x27;%s&amp;#x27; to have been called once. Called %s times.%s&amp;quot;\n                   % (self._mock_name or &amp;#x27;mock&amp;#x27;,\n                      self.call_count,\n                      self._calls_repr()))\n&amp;gt;           raise AssertionError(msg)\nE           AssertionError: Expected &amp;#x27;set_user_to_context&amp;#x27; to have been called once. Called 0 times.\n\nmsg        = &amp;quot;Expected &amp;#x27;set_user_to_context&amp;#x27; to have been called once. Called 0 times.&amp;quot;\nself       = &amp;lt;MagicMock name=&amp;#x27;set_user_to_context&amp;#x27; id=&amp;#x27;3029389738736&amp;#x27;&amp;gt;\n\nC:\\Program Files\\Python313\\Lib\\unittest\\mock.py:956: AssertionError\n&#34;}], &#34;src/tests/middleware_tests/test_middleware.py::TestAuthMiddleware::test_different_user_roles&#34;: [{&#34;extras&#34;: [], &#34;result&#34;: &#34;Passed&#34;, &#34;testId&#34;: &#34;src/tests/middleware_tests/test_middleware.py::TestAuthMiddleware::test_different_user_roles&#34;, &#34;duration&#34;: &#34;53 ms&#34;, &#34;resultsTableRow&#34;: [&#34;&lt;td class=\&#34;col-result\&#34;&gt;Passed&lt;/td&gt;&#34;, &#34;&lt;td class=\&#34;col-testId\&#34;&gt;src/tests/middleware_tests/test_middleware.py::TestAuthMiddleware::test_different_user_roles&lt;/td&gt;&#34;, &#34;&lt;td class=\&#34;col-duration\&#34;&gt;53 ms&lt;/td&gt;&#34;, &#34;&lt;td class=\&#34;col-links\&#34;&gt;&lt;/td&gt;&#34;], &#34;log&#34;: &#34;No log output captured.&#34;}], &#34;src/tests/repository_tests/test_books_repository.py::TestBooksRepository::test_add_book_raises_database_error&#34;: [{&#34;extras&#34;: [], &#34;result&#34;: &#34;Passed&#34;, &#34;testId&#34;: &#34;src/tests/repository_tests/test_books_repository.py::TestBooksRepository::test_add_book_raises_database_error&#34;, &#34;duration&#34;: &#34;21 ms&#34;, &#34;resultsTableRow&#34;: [&#34;&lt;td class=\&#34;col-result\&#34;&gt;Passed&lt;/td&gt;&#34;, &#34;&lt;td class=\&#34;col-testId\&#34;&gt;src/tests/repository_tests/test_books_repository.py::TestBooksRepository::test_add_book_raises_database_error&lt;/td&gt;&#34;, &#34;&lt;td class=\&#34;col-duration\&#34;&gt;21 ms&lt;/td&gt;&#34;, &#34;&lt;td class=\&#34;col-links\&#34;&gt;&lt;/td&gt;&#34;], &#34;log&#34;: &#34;No log output captured.&#34;}], &#34;src/tests/repository_tests/test_books_repository.py::TestBooksRepository::test_add_book_success&#34;: [{&#34;extras&#34;: [], &#34;result&#34;: &#34;Passed&#34;, &#34;testId&#34;: &#34;src/tests/repository_tests/test_books_repository.py::TestBooksRepository::test_add_book_success&#34;, &#34;duration&#34;: &#34;23 ms&#34;, &#34;resultsTableRow&#34;: [&#34;&lt;td class=\&#34;col-result\&#34;&gt;Passed&lt;/td&gt;&#34;, &#34;&lt;td class=\&#34;col-testId\&#34;&gt;src/tests/repository_tests/test_books_repository.py::TestBooksRepository::test_add_book_success&lt;/td&gt;&#34;, &#34;&lt;td class=\&#34;col-duration\&#34;&gt;23 ms&lt;/td&gt;&#34;, &#34;&lt;td class=\&#34;col-links\&#34;&gt;&lt;/td&gt;&#34;], &#34;log&#34;: &#34;No log output captured.&#34;}], &#34;src/tests/repository_tests/test_books_repository.py::TestBooksRepository::test_delete_book_raises_database_error&#34;: [{&#34;extras&#34;: [], &#34;result&#34;: &#34;Passed&#34;, &#34;testId&#34;: &#34;src/tests/repository_tests/test_books_repository.py::TestBooksRepository::test_delete_book_raises_database_error&#34;, &#34;duration&#34;: &#34;12 ms&#34;, &#34;resultsTableRow&#34;: [&#34;&lt;td class=\&#34;col-result\&#34;&gt;Passed&lt;/td&gt;&#34;, &#34;&lt;td class=\&#34;col-testId\&#34;&gt;src/tests/repository_tests/test_books_repository.py::TestBooksRepository::test_delete_book_raises_database_error&lt;/td&gt;&#34;, &#34;&lt;td class=\&#34;col-duration\&#34;&gt;12 ms&lt;/td&gt;&#34;, &#34;&lt;td class=\&#34;col-links\&#34;&gt;&lt;/td&gt;&#34;], &#34;log&#34;: &#34;No log output captured.&#34;}], &#34;src/tests/repository_tests/test_books_repository.py::TestBooksRepository::test_delete_book_success&#34;: [{&#34;extras&#34;: [], &#34;result&#34;: &#34;Passed&#34;, &#34;testId&#34;: &#34;src/tests/repository_tests/test_books_repository.py::TestBooksRepository::test_delete_book_success&#34;, &#34;duration&#34;: &#34;14 ms&#34;, &#34;resultsTableRow&#34;: [&#34;&lt;td class=\&#34;col-result\&#34;&gt;Passed&lt;/td&gt;&#34;, &#34;&lt;td class=\&#34;col-testId\&#34;&gt;src/tests/repository_tests/test_books_repository.py::TestBooksRepository::test_delete_book_success&lt;/td&gt;&#34;, &#34;&lt;td class=\&#34;col-duration\&#34;&gt;14 ms&lt;/td&gt;&#34;, &#34;&lt;td class=\&#34;col-links\&#34;&gt;&lt;/td&gt;&#34;], &#34;log&#34;: &#34;No log output captured.&#34;}], &#34;src/tests/repository_tests/test_books_repository.py::TestBooksRepository::test_get_book_by_id_not_found&#34;: [{&#34;extras&#34;: [], &#34;result&#34;: &#34;Passed&#34;, &#34;testId&#34;: &#34;src/tests/repository_tests/test_books_repository.py::TestBooksRepository::test_get_book_by_id_not_found&#34;, &#34;duration&#34;: &#34;17 ms&#34;, &#34;resultsTableRow&#34;: [&#34;&lt;td class=\&#34;col-result\&#34;&gt;Passed&lt;/td&gt;&#34;, &#34;&lt;td class=\&#34;col-testId\&#34;&gt;src/tests/repository_tests/test_books_repository.py::TestBooksRepository::test_get_book_by_id_not_found&lt;/td&gt;&#34;, &#34;&lt;td class=\&#34;col-duration\&#34;&gt;17 ms&lt;/td&gt;&#34;, &#34;&lt;td class=\&#34;col-links\&#34;&gt;&lt;/td&gt;&#34;], &#34;log&#34;: &#34;No log output captured.&#34;}], &#34;src/tests/repository_tests/test_books_repository.py::TestBooksRepository::test_get_book_by_id_success&#34;: [{&#34;extras&#34;: [], &#34;result&#34;: &#34;Passed&#34;, &#34;testId&#34;: &#34;src/tests/repository_tests/test_books_repository.py::TestBooksRepository::test_get_book_by_id_success&#34;, &#34;duration&#34;: &#34;19 ms&#34;, &#34;resultsTableRow&#34;: [&#34;&lt;td class=\&#34;col-result\&#34;&gt;Passed&lt;/td&gt;&#34;, &#34;&lt;td class=\&#34;col-testId\&#34;&gt;src/tests/repository_tests/test_books_repository.py::TestBooksRepository::test_get_book_by_id_success&lt;/td&gt;&#34;, &#34;&lt;td class=\&#34;col-duration\&#34;&gt;19 ms&lt;/td&gt;&#34;, &#34;&lt;td class=\&#34;col-links\&#34;&gt;&lt;/td&gt;&#34;], &#34;log&#34;: &#34;No log output captured.&#34;}], &#34;src/tests/repository_tests/test_books_repository.py::TestBooksRepository::test_get_book_by_title_not_found&#34;: [{&#34;extras&#34;: [], &#34;result&#34;: &#34;Passed&#34;, &#34;testId&#34;: &#34;src/tests/repository_tests/test_books_repository.py::TestBooksRepository::test_get_book_by_title_not_found&#34;, &#34;duration&#34;: &#34;27 ms&#34;, &#34;resultsTableRow&#34;: [&#34;&lt;td class=\&#34;col-result\&#34;&gt;Passed&lt;/td&gt;&#34;, &#34;&lt;td class=\&#34;col-testId\&#34;&gt;src/tests/repository_tests/test_books_repository.py::TestBooksRepository::test_get_book_by_title_not_found&lt;/td&gt;&#34;, &#34;&lt;td class=\&#34;col-duration\&#34;&gt;27 ms&lt;/td&gt;&#34;, &#34;&lt;td class=\&#34;col-links\&#34;&gt;&lt;/td&gt;&#34;], &#34;log&#34;: &#34;No log output captured.&#34;}], &#34;src/tests/repository_tests/test_books_repository.py::TestBooksRepository::test_get_book_by_title_success&#34;: [{&#34;extras&#34;: [], &#34;result&#34;: &#34;Passed&#34;, &#34;testId&#34;: &#34;src/tests/repository_tests/test_books_repository.py::TestBooksRepository::test_get_book_by_title_success&#34;, &#34;duration&#34;: &#34;20 ms&#34;, &#34;resultsTableRow&#34;: [&#34;&lt;td class=\&#34;col-result\&#34;&gt;Passed&lt;/td&gt;&#34;, &#34;&lt;td class=\&#34;col-testId\&#34;&gt;src/tests/repository_tests/test_books_repository.py::TestBooksRepository::test_get_book_by_title_success&lt;/td&gt;&#34;, &#34;&lt;td class=\&#34;col-duration\&#34;&gt;20 ms&lt;/td&gt;&#34;, &#34;&lt;td class=\&#34;col-links\&#34;&gt;&lt;/td&gt;&#34;], &#34;log&#34;: &#34;No log output captured.&#34;}], &#34;src/tests/repository_tests/test_books_repository.py::TestBooksRepository::test_get_books_empty&#34;: [{&#34;extras&#34;: [], &#34;result&#34;: &#34;Passed&#34;, &#34;testId&#34;: &#34;src/tests/repository_tests/test_books_repository.py::TestBooksRepository::test_get_books_empty&#34;, &#34;duration&#34;: &#34;15 ms&#34;, &#34;resultsTableRow&#34;: [&#34;&lt;td class=\&#34;col-result\&#34;&gt;Passed&lt;/td&gt;&#34;, &#34;&lt;td class=\&#34;col-testId\&#34;&gt;src/tests/repository_tests/test_books_repository.py::TestBooksRepository::test_get_books_empty&lt;/td&gt;&#34;, &#34;&lt;td class=\&#34;col-duration\&#34;&gt;15 ms&lt;/td&gt;&#34;, &#34;&lt;td class=\&#34;col-links\&#34;&gt;&lt;/td&gt;&#34;], &#34;log&#34;: &#34;No log output captured.&#34;}], &#34;src/tests/repository_tests/test_books_repository.py::TestBooksRepository::test_get_books_success&#34;: [{&#34;extras&#34;: [], &#34;result&#34;: &#34;Passed&#34;, &#34;testId&#34;: &#34;src/tests/repository_tests/test_books_repository.py::TestBooksRepository::test_get_books_success&#34;, &#34;duration&#34;: &#34;26 ms&#34;, &#34;resultsTableRow&#34;: [&#34;&lt;td class=\&#34;col-result\&#34;&gt;Passed&lt;/td&gt;&#34;, &#34;&lt;td class=\&#34;col-testId\&#34;&gt;src/tests/repository_tests/test_books_repository.py::TestBooksRepository::test_get_books_success&lt;/td&gt;&#34;, &#34;&lt;td class=\&#34;col-duration\&#34;&gt;26 ms&lt;/td&gt;&#34;, &#34;&lt;td class=\&#34;col-links\&#34;&gt;&lt;/td&gt;&#34;], &#34;log&#34;: &#34;No log output captured.&#34;}], &#34;src/tests/repository_tests/test_books_repository.py::TestBooksRepository::test_update_book_availability_raises_database_error&#34;: [{&#34;extras&#34;: [], &#34;result&#34;: &#34;Passed&#34;, &#34;testId&#34;: &#34;src/tests/repository_tests/test_books_repository.py::TestBooksRepository::test_update_book_availability_raises_database_error&#34;, &#34;duration&#34;: &#34;24 ms&#34;, &#34;resultsTableRow&#34;: [&#34;&lt;td class=\&#34;col-result\&#34;&gt;Passed&lt;/td&gt;&#34;, &#34;&lt;td class=\&#34;col-testId\&#34;&gt;src/tests/repository_tests/test_books_repository.py::TestBooksRepository::test_update_book_availability_raises_database_error&lt;/td&gt;&#34;, &#34;&lt;td class=\&#34;col-duration\&#34;&gt;24 ms&lt;/td&gt;&#34;, &#34;&lt;td class=\&#34;col-links\&#34;&gt;&lt;/td&gt;&#34;], &#34;log&#34;: &#34;No log output captured.&#34;}], &#34;src/tests/repository_tests/test_books_repository.py::TestBooksRepository::test_update_book_availability_success&#34;: [{&#34;extras&#34;: [], &#34;result&#34;: &#34;Passed&#34;, &#34;testId&#34;: &#34;src/tests/repository_tests/test_books_repository.py::TestBooksRepository::test_update_book_availability_success&#34;, &#34;duration&#34;: &#34;14 ms&#34;, &#34;resultsTableRow&#34;: [&#34;&lt;td class=\&#34;col-result\&#34;&gt;Passed&lt;/td&gt;&#34;, &#34;&lt;td class=\&#34;col-testId\&#34;&gt;src/tests/repository_tests/test_books_repository.py::TestBooksRepository::test_update_book_availability_success&lt;/td&gt;&#34;, &#34;&lt;td class=\&#34;col-duration\&#34;&gt;14 ms&lt;/td&gt;&#34;, &#34;&lt;td class=\&#34;col-links\&#34;&gt;&lt;/td&gt;&#34;], &#34;log&#34;: &#34;No log output captured.&#34;}], &#34;src/tests/repository_tests/test_books_repository.py::TestBooksRepository::test_update_book_raises_database_error&#34;: [{&#34;extras&#34;: [], &#34;result&#34;: &#34;Passed&#34;, &#34;testId&#34;: &#34;src/tests/repository_tests/test_books_repository.py::TestBooksRepository::test_update_book_raises_database_error&#34;, &#34;duration&#34;: &#34;14 ms&#34;, &#34;resultsTableRow&#34;: [&#34;&lt;td class=\&#34;col-result\&#34;&gt;Passed&lt;/td&gt;&#34;, &#34;&lt;td class=\&#34;col-testId\&#34;&gt;src/tests/repository_tests/test_books_repository.py::TestBooksRepository::test_update_book_raises_database_error&lt;/td&gt;&#34;, &#34;&lt;td class=\&#34;col-duration\&#34;&gt;14 ms&lt;/td&gt;&#34;, &#34;&lt;td class=\&#34;col-links\&#34;&gt;&lt;/td&gt;&#34;], &#34;log&#34;: &#34;No log output captured.&#34;}], &#34;src/tests/repository_tests/test_books_repository.py::TestBooksRepository::test_update_book_success&#34;: [{&#34;extras&#34;: [], &#34;result&#34;: &#34;Passed&#34;, &#34;testId&#34;: &#34;src/tests/repository_tests/test_books_repository.py::TestBooksRepository::test_update_book_success&#34;, &#34;duration&#34;: &#34;13 ms&#34;, &#34;resultsTableRow&#34;: [&#34;&lt;td class=\&#34;col-result\&#34;&gt;Passed&lt;/td&gt;&#34;, &#34;&lt;td class=\&#34;col-testId\&#34;&gt;src/tests/repository_tests/test_books_repository.py::TestBooksRepository::test_update_book_success&lt;/td&gt;&#34;, &#34;&lt;td class=\&#34;col-duration\&#34;&gt;13 ms&lt;/td&gt;&#34;, &#34;&lt;td class=\&#34;col-links\&#34;&gt;&lt;/td&gt;&#34;], &#34;log&#34;: &#34;No log output captured.&#34;}], &#34;src/tests/repository_tests/test_issued_book_repository.py::TestIssuedBookRepository::test_get_issue_book_by_user_id_empty&#34;: [{&#34;extras&#34;: [], &#34;result&#34;: &#34;Passed&#34;, &#34;testId&#34;: &#34;src/tests/repository_tests/test_issued_book_repository.py::TestIssuedBookRepository::test_get_issue_book_by_user_id_empty&#34;, &#34;duration&#34;: &#34;17 ms&#34;, &#34;resultsTableRow&#34;: [&#34;&lt;td class=\&#34;col-result\&#34;&gt;Passed&lt;/td&gt;&#34;, &#34;&lt;td class=\&#34;col-testId\&#34;&gt;src/tests/repository_tests/test_issued_book_repository.py::TestIssuedBookRepository::test_get_issue_book_by_user_id_empty&lt;/td&gt;&#34;, &#34;&lt;td class=\&#34;col-duration\&#34;&gt;17 ms&lt;/td&gt;&#34;, &#34;&lt;td class=\&#34;col-links\&#34;&gt;&lt;/td&gt;&#34;], &#34;log&#34;: &#34;No log output captured.&#34;}], &#34;src/tests/repository_tests/test_issued_book_repository.py::TestIssuedBookRepository::test_get_issue_book_by_user_id_success&#34;: [{&#34;extras&#34;: [], &#34;result&#34;: &#34;Passed&#34;, &#34;testId&#34;: &#34;src/tests/repository_tests/test_issued_book_repository.py::TestIssuedBookRepository::test_get_issue_book_by_user_id_success&#34;, &#34;duration&#34;: &#34;30 ms&#34;, &#34;resultsTableRow&#34;: [&#34;&lt;td class=\&#34;col-result\&#34;&gt;Passed&lt;/td&gt;&#34;, &#34;&lt;td class=\&#34;col-testId\&#34;&gt;src/tests/repository_tests/test_issued_book_repository.py::TestIssuedBookRepository::test_get_issue_book_by_user_id_success&lt;/td&gt;&#34;, &#34;&lt;td class=\&#34;col-duration\&#34;&gt;30 ms&lt;/td&gt;&#34;, &#34;&lt;td class=\&#34;col-links\&#34;&gt;&lt;/td&gt;&#34;], &#34;log&#34;: &#34;No log output captured.&#34;}], &#34;src/tests/repository_tests/test_issued_book_repository.py::TestIssuedBookRepository::test_get_issue_books_empty&#34;: [{&#34;extras&#34;: [], &#34;result&#34;: &#34;Passed&#34;, &#34;testId&#34;: &#34;src/tests/repository_tests/test_issued_book_repository.py::TestIssuedBookRepository::test_get_issue_books_empty&#34;, &#34;duration&#34;: &#34;15 ms&#34;, &#34;resultsTableRow&#34;: [&#34;&lt;td class=\&#34;col-result\&#34;&gt;Passed&lt;/td&gt;&#34;, &#34;&lt;td class=\&#34;col-testId\&#34;&gt;src/tests/repository_tests/test_issued_book_repository.py::TestIssuedBookRepository::test_get_issue_books_empty&lt;/td&gt;&#34;, &#34;&lt;td class=\&#34;col-duration\&#34;&gt;15 ms&lt;/td&gt;&#34;, &#34;&lt;td class=\&#34;col-links\&#34;&gt;&lt;/td&gt;&#34;], &#34;log&#34;: &#34;No log output captured.&#34;}], &#34;src/tests/repository_tests/test_issued_book_repository.py::TestIssuedBookRepository::test_get_issue_books_error&#34;: [{&#34;extras&#34;: [], &#34;result&#34;: &#34;Passed&#34;, &#34;testId&#34;: &#34;src/tests/repository_tests/test_issued_book_repository.py::TestIssuedBookRepository::test_get_issue_books_error&#34;, &#34;duration&#34;: &#34;14 ms&#34;, &#34;resultsTableRow&#34;: [&#34;&lt;td class=\&#34;col-result\&#34;&gt;Passed&lt;/td&gt;&#34;, &#34;&lt;td class=\&#34;col-testId\&#34;&gt;src/tests/repository_tests/test_issued_book_repository.py::TestIssuedBookRepository::test_get_issue_books_error&lt;/td&gt;&#34;, &#34;&lt;td class=\&#34;col-duration\&#34;&gt;14 ms&lt;/td&gt;&#34;, &#34;&lt;td class=\&#34;col-links\&#34;&gt;&lt;/td&gt;&#34;], &#34;log&#34;: &#34;No log output captured.&#34;}], &#34;src/tests/repository_tests/test_issued_book_repository.py::TestIssuedBookRepository::test_get_issue_books_success&#34;: [{&#34;extras&#34;: [], &#34;result&#34;: &#34;Passed&#34;, &#34;testId&#34;: &#34;src/tests/repository_tests/test_issued_book_repository.py::TestIssuedBookRepository::test_get_issue_books_success&#34;, &#34;duration&#34;: &#34;15 ms&#34;, &#34;resultsTableRow&#34;: [&#34;&lt;td class=\&#34;col-result\&#34;&gt;Passed&lt;/td&gt;&#34;, &#34;&lt;td class=\&#34;col-testId\&#34;&gt;src/tests/repository_tests/test_issued_book_repository.py::TestIssuedBookRepository::test_get_issue_books_success&lt;/td&gt;&#34;, &#34;&lt;td class=\&#34;col-duration\&#34;&gt;15 ms&lt;/td&gt;&#34;, &#34;&lt;td class=\&#34;col-links\&#34;&gt;&lt;/td&gt;&#34;], &#34;log&#34;: &#34;No log output captured.&#34;}], &#34;src/tests/repository_tests/test_issued_book_repository.py::TestIssuedBookRepository::test_remove_issue_book_raises_database_error&#34;: [{&#34;extras&#34;: [], &#34;result&#34;: &#34;Passed&#34;, &#34;testId&#34;: &#34;src/tests/repository_tests/test_issued_book_repository.py::TestIssuedBookRepository::test_remove_issue_book_raises_database_error&#34;, &#34;duration&#34;: &#34;12 ms&#34;, &#34;resultsTableRow&#34;: [&#34;&lt;td class=\&#34;col-result\&#34;&gt;Passed&lt;/td&gt;&#34;, &#34;&lt;td class=\&#34;col-testId\&#34;&gt;src/tests/repository_tests/test_issued_book_repository.py::TestIssuedBookRepository::test_remove_issue_book_raises_database_error&lt;/td&gt;&#34;, &#34;&lt;td class=\&#34;col-duration\&#34;&gt;12 ms&lt;/td&gt;&#34;, &#34;&lt;td class=\&#34;col-links\&#34;&gt;&lt;/td&gt;&#34;], &#34;log&#34;: &#34;No log output captured.&#34;}], &#34;src/tests/repository_tests/test_issued_book_repository.py::TestIssuedBookRepository::test_remove_issue_book_success&#34;: [{&#34;extras&#34;: [], &#34;result&#34;: &#34;Passed&#34;, &#34;testId&#34;: &#34;src/tests/repository_tests/test_issued_book_repository.py::TestIssuedBookRepository::test_remove_issue_book_success&#34;, &#34;duration&#34;: &#34;13 ms&#34;, &#34;resultsTableRow&#34;: [&#34;&lt;td class=\&#34;col-result\&#34;&gt;Passed&lt;/td&gt;&#34;, &#34;&lt;td class=\&#34;col-testId\&#34;&gt;src/tests/repository_tests/test_issued_book_repository.py::TestIssuedBookRepository::test_remove_issue_book_success&lt;/td&gt;&#34;, &#34;&lt;td class=\&#34;col-duration\&#34;&gt;13 ms&lt;/td&gt;&#34;, &#34;&lt;td class=\&#34;col-links\&#34;&gt;&lt;/td&gt;&#34;], &#34;log&#34;: &#34;No log output captured.&#34;}], &#34;src/tests/repository_tests/test_issued_book_repository.py::TestIssuedBookRepository::test_save_issue_book_raises_database_error&#34;: [{&#34;extras&#34;: [], &#34;result&#34;: &#34;Passed&#34;, &#34;testId&#34;: &#34;src/tests/repository_tests/test_issued_book_repository.py::TestIssuedBookRepository::test_save_issue_book_raises_database_error&#34;, &#34;duration&#34;: &#34;14 ms&#34;, &#34;resultsTableRow&#34;: [&#34;&lt;td class=\&#34;col-result\&#34;&gt;Passed&lt;/td&gt;&#34;, &#34;&lt;td class=\&#34;col-testId\&#34;&gt;src/tests/repository_tests/test_issued_book_repository.py::TestIssuedBookRepository::test_save_issue_book_raises_database_error&lt;/td&gt;&#34;, &#34;&lt;td class=\&#34;col-duration\&#34;&gt;14 ms&lt;/td&gt;&#34;, &#34;&lt;td class=\&#34;col-links\&#34;&gt;&lt;/td&gt;&#34;], &#34;log&#34;: &#34;No log output captured.&#34;}], &#34;src/tests/repository_tests/test_issued_book_repository.py::TestIssuedBookRepository::test_save_issue_book_success&#34;: [{&#34;extras&#34;: [], &#34;result&#34;: &#34;Passed&#34;, &#34;testId&#34;: &#34;src/tests/repository_tests/test_issued_book_repository.py::TestIssuedBookRepository::test_save_issue_book_success&#34;, &#34;duration&#34;: &#34;18 ms&#34;, &#34;resultsTableRow&#34;: [&#34;&lt;td class=\&#34;col-result\&#34;&gt;Passed&lt;/td&gt;&#34;, &#34;&lt;td class=\&#34;col-testId\&#34;&gt;src/tests/repository_tests/test_issued_book_repository.py::TestIssuedBookRepository::test_save_issue_book_success&lt;/td&gt;&#34;, &#34;&lt;td class=\&#34;col-duration\&#34;&gt;18 ms&lt;/td&gt;&#34;, &#34;&lt;td class=\&#34;col-links\&#34;&gt;&lt;/td&gt;&#34;], &#34;log&#34;: &#34;No log output captured.&#34;}], &#34;src/tests/repository_tests/test_user_repository.py::TestUserRepository::test_fetch_user_by_email_not_found&#34;: [{&#34;extras&#34;: [], &#34;result&#34;: &#34;Passed&#34;, &#34;testId&#34;: &#34;src/tests/repository_tests/test_user_repository.py::TestUserRepository::test_fetch_user_by_email_not_found&#34;, &#34;duration&#34;: &#34;18 ms&#34;, &#34;resultsTableRow&#34;: [&#34;&lt;td class=\&#34;col-result\&#34;&gt;Passed&lt;/td&gt;&#34;, &#34;&lt;td class=\&#34;col-testId\&#34;&gt;src/tests/repository_tests/test_user_repository.py::TestUserRepository::test_fetch_user_by_email_not_found&lt;/td&gt;&#34;, &#34;&lt;td class=\&#34;col-duration\&#34;&gt;18 ms&lt;/td&gt;&#34;, &#34;&lt;td class=\&#34;col-links\&#34;&gt;&lt;/td&gt;&#34;], &#34;log&#34;: &#34;No log output captured.&#34;}], &#34;src/tests/repository_tests/test_user_repository.py::TestUserRepository::test_fetch_user_by_email_success&#34;: [{&#34;extras&#34;: [], &#34;result&#34;: &#34;Passed&#34;, &#34;testId&#34;: &#34;src/tests/repository_tests/test_user_repository.py::TestUserRepository::test_fetch_user_by_email_success&#34;, &#34;duration&#34;: &#34;26 ms&#34;, &#34;resultsTableRow&#34;: [&#34;&lt;td class=\&#34;col-result\&#34;&gt;Passed&lt;/td&gt;&#34;, &#34;&lt;td class=\&#34;col-testId\&#34;&gt;src/tests/repository_tests/test_user_repository.py::TestUserRepository::test_fetch_user_by_email_success&lt;/td&gt;&#34;, &#34;&lt;td class=\&#34;col-duration\&#34;&gt;26 ms&lt;/td&gt;&#34;, &#34;&lt;td class=\&#34;col-links\&#34;&gt;&lt;/td&gt;&#34;], &#34;log&#34;: &#34;No log output captured.&#34;}], &#34;src/tests/repository_tests/test_user_repository.py::TestUserRepository::test_save_user_duplicate_entry_error&#34;: [{&#34;extras&#34;: [], &#34;result&#34;: &#34;Passed&#34;, &#34;testId&#34;: &#34;src/tests/repository_tests/test_user_repository.py::TestUserRepository::test_save_user_duplicate_entry_error&#34;, &#34;duration&#34;: &#34;16 ms&#34;, &#34;resultsTableRow&#34;: [&#34;&lt;td class=\&#34;col-result\&#34;&gt;Passed&lt;/td&gt;&#34;, &#34;&lt;td class=\&#34;col-testId\&#34;&gt;src/tests/repository_tests/test_user_repository.py::TestUserRepository::test_save_user_duplicate_entry_error&lt;/td&gt;&#34;, &#34;&lt;td class=\&#34;col-duration\&#34;&gt;16 ms&lt;/td&gt;&#34;, &#34;&lt;td class=\&#34;col-links\&#34;&gt;&lt;/td&gt;&#34;], &#34;log&#34;: &#34;No log output captured.&#34;}], &#34;src/tests/repository_tests/test_user_repository.py::TestUserRepository::test_save_user_raises_database_error&#34;: [{&#34;extras&#34;: [], &#34;result&#34;: &#34;Passed&#34;, &#34;testId&#34;: &#34;src/tests/repository_tests/test_user_repository.py::TestUserRepository::test_save_user_raises_database_error&#34;, &#34;duration&#34;: &#34;29 ms&#34;, &#34;resultsTableRow&#34;: [&#34;&lt;td class=\&#34;col-result\&#34;&gt;Passed&lt;/td&gt;&#34;, &#34;&lt;td class=\&#34;col-testId\&#34;&gt;src/tests/repository_tests/test_user_repository.py::TestUserRepository::test_save_user_raises_database_error&lt;/td&gt;&#34;, &#34;&lt;td class=\&#34;col-duration\&#34;&gt;29 ms&lt;/td&gt;&#34;, &#34;&lt;td class=\&#34;col-links\&#34;&gt;&lt;/td&gt;&#34;], &#34;log&#34;: &#34;No log output captured.&#34;}], &#34;src/tests/repository_tests/test_user_repository.py::TestUserRepository::test_save_user_success&#34;: [{&#34;extras&#34;: [], &#34;result&#34;: &#34;Passed&#34;, &#34;testId&#34;: &#34;src/tests/repository_tests/test_user_repository.py::TestUserRepository::test_save_user_success&#34;, &#34;duration&#34;: &#34;16 ms&#34;, &#34;resultsTableRow&#34;: [&#34;&lt;td class=\&#34;col-result\&#34;&gt;Passed&lt;/td&gt;&#34;, &#34;&lt;td class=\&#34;col-testId\&#34;&gt;src/tests/repository_tests/test_user_repository.py::TestUserRepository::test_save_user_success&lt;/td&gt;&#34;, &#34;&lt;td class=\&#34;col-duration\&#34;&gt;16 ms&lt;/td&gt;&#34;, &#34;&lt;td class=\&#34;col-links\&#34;&gt;&lt;/td&gt;&#34;], &#34;log&#34;: &#34;No log output captured.&#34;}], &#34;src/tests/services_test/test_book_service.py::TestBookService::test_add_book_existing_book&#34;: [{&#34;extras&#34;: [], &#34;result&#34;: &#34;Passed&#34;, &#34;testId&#34;: &#34;src/tests/services_test/test_book_service.py::TestBookService::test_add_book_existing_book&#34;, &#34;duration&#34;: &#34;14 ms&#34;, &#34;resultsTableRow&#34;: [&#34;&lt;td class=\&#34;col-result\&#34;&gt;Passed&lt;/td&gt;&#34;, &#34;&lt;td class=\&#34;col-testId\&#34;&gt;src/tests/services_test/test_book_service.py::TestBookService::test_add_book_existing_book&lt;/td&gt;&#34;, &#34;&lt;td class=\&#34;col-duration\&#34;&gt;14 ms&lt;/td&gt;&#34;, &#34;&lt;td class=\&#34;col-links\&#34;&gt;&lt;/td&gt;&#34;], &#34;log&#34;: &#34;No log output captured.&#34;}], &#34;src/tests/services_test/test_book_service.py::TestBookService::test_add_book_new_book&#34;: [{&#34;extras&#34;: [], &#34;result&#34;: &#34;Passed&#34;, &#34;testId&#34;: &#34;src/tests/services_test/test_book_service.py::TestBookService::test_add_book_new_book&#34;, &#34;duration&#34;: &#34;7 ms&#34;, &#34;resultsTableRow&#34;: [&#34;&lt;td class=\&#34;col-result\&#34;&gt;Passed&lt;/td&gt;&#34;, &#34;&lt;td class=\&#34;col-testId\&#34;&gt;src/tests/services_test/test_book_service.py::TestBookService::test_add_book_new_book&lt;/td&gt;&#34;, &#34;&lt;td class=\&#34;col-duration\&#34;&gt;7 ms&lt;/td&gt;&#34;, &#34;&lt;td class=\&#34;col-links\&#34;&gt;&lt;/td&gt;&#34;], &#34;log&#34;: &#34;No log output captured.&#34;}], &#34;src/tests/services_test/test_book_service.py::TestBookService::test_get_all_books&#34;: [{&#34;extras&#34;: [], &#34;result&#34;: &#34;Passed&#34;, &#34;testId&#34;: &#34;src/tests/services_test/test_book_service.py::TestBookService::test_get_all_books&#34;, &#34;duration&#34;: &#34;6 ms&#34;, &#34;resultsTableRow&#34;: [&#34;&lt;td class=\&#34;col-result\&#34;&gt;Passed&lt;/td&gt;&#34;, &#34;&lt;td class=\&#34;col-testId\&#34;&gt;src/tests/services_test/test_book_service.py::TestBookService::test_get_all_books&lt;/td&gt;&#34;, &#34;&lt;td class=\&#34;col-duration\&#34;&gt;6 ms&lt;/td&gt;&#34;, &#34;&lt;td class=\&#34;col-links\&#34;&gt;&lt;/td&gt;&#34;], &#34;log&#34;: &#34;No log output captured.&#34;}], &#34;src/tests/services_test/test_book_service.py::TestBookService::test_get_book_by_title_not_exist&#34;: [{&#34;extras&#34;: [], &#34;result&#34;: &#34;Passed&#34;, &#34;testId&#34;: &#34;src/tests/services_test/test_book_service.py::TestBookService::test_get_book_by_title_not_exist&#34;, &#34;duration&#34;: &#34;11 ms&#34;, &#34;resultsTableRow&#34;: [&#34;&lt;td class=\&#34;col-result\&#34;&gt;Passed&lt;/td&gt;&#34;, &#34;&lt;td class=\&#34;col-testId\&#34;&gt;src/tests/services_test/test_book_service.py::TestBookService::test_get_book_by_title_not_exist&lt;/td&gt;&#34;, &#34;&lt;td class=\&#34;col-duration\&#34;&gt;11 ms&lt;/td&gt;&#34;, &#34;&lt;td class=\&#34;col-links\&#34;&gt;&lt;/td&gt;&#34;], &#34;log&#34;: &#34;No log output captured.&#34;}], &#34;src/tests/services_test/test_book_service.py::TestBookService::test_get_book_by_title_success&#34;: [{&#34;extras&#34;: [], &#34;result&#34;: &#34;Passed&#34;, &#34;testId&#34;: &#34;src/tests/services_test/test_book_service.py::TestBookService::test_get_book_by_title_success&#34;, &#34;duration&#34;: &#34;5 ms&#34;, &#34;resultsTableRow&#34;: [&#34;&lt;td class=\&#34;col-result\&#34;&gt;Passed&lt;/td&gt;&#34;, &#34;&lt;td class=\&#34;col-testId\&#34;&gt;src/tests/services_test/test_book_service.py::TestBookService::test_get_book_by_title_success&lt;/td&gt;&#34;, &#34;&lt;td class=\&#34;col-duration\&#34;&gt;5 ms&lt;/td&gt;&#34;, &#34;&lt;td class=\&#34;col-links\&#34;&gt;&lt;/td&gt;&#34;], &#34;log&#34;: &#34;No log output captured.&#34;}], &#34;src/tests/services_test/test_book_service.py::TestBookService::test_remove_all_book_by_id_not_exist&#34;: [{&#34;extras&#34;: [], &#34;result&#34;: &#34;Passed&#34;, &#34;testId&#34;: &#34;src/tests/services_test/test_book_service.py::TestBookService::test_remove_all_book_by_id_not_exist&#34;, &#34;duration&#34;: &#34;6 ms&#34;, &#34;resultsTableRow&#34;: [&#34;&lt;td class=\&#34;col-result\&#34;&gt;Passed&lt;/td&gt;&#34;, &#34;&lt;td class=\&#34;col-testId\&#34;&gt;src/tests/services_test/test_book_service.py::TestBookService::test_remove_all_book_by_id_not_exist&lt;/td&gt;&#34;, &#34;&lt;td class=\&#34;col-duration\&#34;&gt;6 ms&lt;/td&gt;&#34;, &#34;&lt;td class=\&#34;col-links\&#34;&gt;&lt;/td&gt;&#34;], &#34;log&#34;: &#34;No log output captured.&#34;}], &#34;src/tests/services_test/test_book_service.py::TestBookService::test_remove_all_book_by_id_success&#34;: [{&#34;extras&#34;: [], &#34;result&#34;: &#34;Passed&#34;, &#34;testId&#34;: &#34;src/tests/services_test/test_book_service.py::TestBookService::test_remove_all_book_by_id_success&#34;, &#34;duration&#34;: &#34;7 ms&#34;, &#34;resultsTableRow&#34;: [&#34;&lt;td class=\&#34;col-result\&#34;&gt;Passed&lt;/td&gt;&#34;, &#34;&lt;td class=\&#34;col-testId\&#34;&gt;src/tests/services_test/test_book_service.py::TestBookService::test_remove_all_book_by_id_success&lt;/td&gt;&#34;, &#34;&lt;td class=\&#34;col-duration\&#34;&gt;7 ms&lt;/td&gt;&#34;, &#34;&lt;td class=\&#34;col-links\&#34;&gt;&lt;/td&gt;&#34;], &#34;log&#34;: &#34;No log output captured.&#34;}], &#34;src/tests/services_test/test_book_service.py::TestBookService::test_remove_book_by_id_not_exist&#34;: [{&#34;extras&#34;: [], &#34;result&#34;: &#34;Passed&#34;, &#34;testId&#34;: &#34;src/tests/services_test/test_book_service.py::TestBookService::test_remove_book_by_id_not_exist&#34;, &#34;duration&#34;: &#34;7 ms&#34;, &#34;resultsTableRow&#34;: [&#34;&lt;td class=\&#34;col-result\&#34;&gt;Passed&lt;/td&gt;&#34;, &#34;&lt;td class=\&#34;col-testId\&#34;&gt;src/tests/services_test/test_book_service.py::TestBookService::test_remove_book_by_id_not_exist&lt;/td&gt;&#34;, &#34;&lt;td class=\&#34;col-duration\&#34;&gt;7 ms&lt;/td&gt;&#34;, &#34;&lt;td class=\&#34;col-links\&#34;&gt;&lt;/td&gt;&#34;], &#34;log&#34;: &#34;No log output captured.&#34;}], &#34;src/tests/services_test/test_book_service.py::TestBookService::test_remove_book_by_id_success&#34;: [{&#34;extras&#34;: [], &#34;result&#34;: &#34;Passed&#34;, &#34;testId&#34;: &#34;src/tests/services_test/test_book_service.py::TestBookService::test_remove_book_by_id_success&#34;, &#34;duration&#34;: &#34;7 ms&#34;, &#34;resultsTableRow&#34;: [&#34;&lt;td class=\&#34;col-result\&#34;&gt;Passed&lt;/td&gt;&#34;, &#34;&lt;td class=\&#34;col-testId\&#34;&gt;src/tests/services_test/test_book_service.py::TestBookService::test_remove_book_by_id_success&lt;/td&gt;&#34;, &#34;&lt;td class=\&#34;col-duration\&#34;&gt;7 ms&lt;/td&gt;&#34;, &#34;&lt;td class=\&#34;col-links\&#34;&gt;&lt;/td&gt;&#34;], &#34;log&#34;: &#34;No log output captured.&#34;}], &#34;src/tests/services_test/test_book_service.py::TestBookService::test_update_book_by_id_not_exist&#34;: [{&#34;extras&#34;: [], &#34;result&#34;: &#34;Passed&#34;, &#34;testId&#34;: &#34;src/tests/services_test/test_book_service.py::TestBookService::test_update_book_by_id_not_exist&#34;, &#34;duration&#34;: &#34;9 ms&#34;, &#34;resultsTableRow&#34;: [&#34;&lt;td class=\&#34;col-result\&#34;&gt;Passed&lt;/td&gt;&#34;, &#34;&lt;td class=\&#34;col-testId\&#34;&gt;src/tests/services_test/test_book_service.py::TestBookService::test_update_book_by_id_not_exist&lt;/td&gt;&#34;, &#34;&lt;td class=\&#34;col-duration\&#34;&gt;9 ms&lt;/td&gt;&#34;, &#34;&lt;td class=\&#34;col-links\&#34;&gt;&lt;/td&gt;&#34;], &#34;log&#34;: &#34;No log output captured.&#34;}], &#34;src/tests/services_test/test_book_service.py::TestBookService::test_update_book_by_id_success&#34;: [{&#34;extras&#34;: [], &#34;result&#34;: &#34;Passed&#34;, &#34;testId&#34;: &#34;src/tests/services_test/test_book_service.py::TestBookService::test_update_book_by_id_success&#34;, &#34;duration&#34;: &#34;7 ms&#34;, &#34;resultsTableRow&#34;: [&#34;&lt;td class=\&#34;col-result\&#34;&gt;Passed&lt;/td&gt;&#34;, &#34;&lt;td class=\&#34;col-testId\&#34;&gt;src/tests/services_test/test_book_service.py::TestBookService::test_update_book_by_id_success&lt;/td&gt;&#34;, &#34;&lt;td class=\&#34;col-duration\&#34;&gt;7 ms&lt;/td&gt;&#34;, &#34;&lt;td class=\&#34;col-links\&#34;&gt;&lt;/td&gt;&#34;], &#34;log&#34;: &#34;No log output captured.&#34;}], &#34;src/tests/services_test/test_issue_book_service.py::TestIssueBookService::test_get_all_issued_books&#34;: [{&#34;extras&#34;: [], &#34;result&#34;: &#34;Passed&#34;, &#34;testId&#34;: &#34;src/tests/services_test/test_issue_book_service.py::TestIssueBookService::test_get_all_issued_books&#34;, &#34;duration&#34;: &#34;7 ms&#34;, &#34;resultsTableRow&#34;: [&#34;&lt;td class=\&#34;col-result\&#34;&gt;Passed&lt;/td&gt;&#34;, &#34;&lt;td class=\&#34;col-testId\&#34;&gt;src/tests/services_test/test_issue_book_service.py::TestIssueBookService::test_get_all_issued_books&lt;/td&gt;&#34;, &#34;&lt;td class=\&#34;col-duration\&#34;&gt;7 ms&lt;/td&gt;&#34;, &#34;&lt;td class=\&#34;col-links\&#34;&gt;&lt;/td&gt;&#34;], &#34;log&#34;: &#34;No log output captured.&#34;}], &#34;src/tests/services_test/test_issue_book_service.py::TestIssueBookService::test_get_issue_book_by_user_id&#34;: [{&#34;extras&#34;: [], &#34;result&#34;: &#34;Passed&#34;, &#34;testId&#34;: &#34;src/tests/services_test/test_issue_book_service.py::TestIssueBookService::test_get_issue_book_by_user_id&#34;, &#34;duration&#34;: &#34;6 ms&#34;, &#34;resultsTableRow&#34;: [&#34;&lt;td class=\&#34;col-result\&#34;&gt;Passed&lt;/td&gt;&#34;, &#34;&lt;td class=\&#34;col-testId\&#34;&gt;src/tests/services_test/test_issue_book_service.py::TestIssueBookService::test_get_issue_book_by_user_id&lt;/td&gt;&#34;, &#34;&lt;td class=\&#34;col-duration\&#34;&gt;6 ms&lt;/td&gt;&#34;, &#34;&lt;td class=\&#34;col-links\&#34;&gt;&lt;/td&gt;&#34;], &#34;log&#34;: &#34;No log output captured.&#34;}], &#34;src/tests/services_test/test_issue_book_service.py::TestIssueBookService::test_issue_book_not_available&#34;: [{&#34;extras&#34;: [], &#34;result&#34;: &#34;Passed&#34;, &#34;testId&#34;: &#34;src/tests/services_test/test_issue_book_service.py::TestIssueBookService::test_issue_book_not_available&#34;, &#34;duration&#34;: &#34;6 ms&#34;, &#34;resultsTableRow&#34;: [&#34;&lt;td class=\&#34;col-result\&#34;&gt;Passed&lt;/td&gt;&#34;, &#34;&lt;td class=\&#34;col-testId\&#34;&gt;src/tests/services_test/test_issue_book_service.py::TestIssueBookService::test_issue_book_not_available&lt;/td&gt;&#34;, &#34;&lt;td class=\&#34;col-duration\&#34;&gt;6 ms&lt;/td&gt;&#34;, &#34;&lt;td class=\&#34;col-links\&#34;&gt;&lt;/td&gt;&#34;], &#34;log&#34;: &#34;No log output captured.&#34;}], &#34;src/tests/services_test/test_issue_book_service.py::TestIssueBookService::test_issue_book_not_exists&#34;: [{&#34;extras&#34;: [], &#34;result&#34;: &#34;Passed&#34;, &#34;testId&#34;: &#34;src/tests/services_test/test_issue_book_service.py::TestIssueBookService::test_issue_book_not_exists&#34;, &#34;duration&#34;: &#34;6 ms&#34;, &#34;resultsTableRow&#34;: [&#34;&lt;td class=\&#34;col-result\&#34;&gt;Passed&lt;/td&gt;&#34;, &#34;&lt;td class=\&#34;col-testId\&#34;&gt;src/tests/services_test/test_issue_book_service.py::TestIssueBookService::test_issue_book_not_exists&lt;/td&gt;&#34;, &#34;&lt;td class=\&#34;col-duration\&#34;&gt;6 ms&lt;/td&gt;&#34;, &#34;&lt;td class=\&#34;col-links\&#34;&gt;&lt;/td&gt;&#34;], &#34;log&#34;: &#34;No log output captured.&#34;}], &#34;src/tests/services_test/test_issue_book_service.py::TestIssueBookService::test_issue_book_successfully&#34;: [{&#34;extras&#34;: [], &#34;result&#34;: &#34;Passed&#34;, &#34;testId&#34;: &#34;src/tests/services_test/test_issue_book_service.py::TestIssueBookService::test_issue_book_successfully&#34;, &#34;duration&#34;: &#34;11 ms&#34;, &#34;resultsTableRow&#34;: [&#34;&lt;td class=\&#34;col-result\&#34;&gt;Passed&lt;/td&gt;&#34;, &#34;&lt;td class=\&#34;col-testId\&#34;&gt;src/tests/services_test/test_issue_book_service.py::TestIssueBookService::test_issue_book_successfully&lt;/td&gt;&#34;, &#34;&lt;td class=\&#34;col-duration\&#34;&gt;11 ms&lt;/td&gt;&#34;, &#34;&lt;td class=\&#34;col-links\&#34;&gt;&lt;/td&gt;&#34;], &#34;log&#34;: &#34;No log output captured.&#34;}], &#34;src/tests/services_test/test_issue_book_service.py::TestIssueBookService::test_return_issue_book_not_exists&#34;: [{&#34;extras&#34;: [], &#34;result&#34;: &#34;Passed&#34;, &#34;testId&#34;: &#34;src/tests/services_test/test_issue_book_service.py::TestIssueBookService::test_return_issue_book_not_exists&#34;, &#34;duration&#34;: &#34;12 ms&#34;, &#34;resultsTableRow&#34;: [&#34;&lt;td class=\&#34;col-result\&#34;&gt;Passed&lt;/td&gt;&#34;, &#34;&lt;td class=\&#34;col-testId\&#34;&gt;src/tests/services_test/test_issue_book_service.py::TestIssueBookService::test_return_issue_book_not_exists&lt;/td&gt;&#34;, &#34;&lt;td class=\&#34;col-duration\&#34;&gt;12 ms&lt;/td&gt;&#34;, &#34;&lt;td class=\&#34;col-links\&#34;&gt;&lt;/td&gt;&#34;], &#34;log&#34;: &#34;No log output captured.&#34;}], &#34;src/tests/services_test/test_issue_book_service.py::TestIssueBookService::test_return_issue_book_successfully&#34;: [{&#34;extras&#34;: [], &#34;result&#34;: &#34;Passed&#34;, &#34;testId&#34;: &#34;src/tests/services_test/test_issue_book_service.py::TestIssueBookService::test_return_issue_book_successfully&#34;, &#34;duration&#34;: &#34;9 ms&#34;, &#34;resultsTableRow&#34;: [&#34;&lt;td class=\&#34;col-result\&#34;&gt;Passed&lt;/td&gt;&#34;, &#34;&lt;td class=\&#34;col-testId\&#34;&gt;src/tests/services_test/test_issue_book_service.py::TestIssueBookService::test_return_issue_book_successfully&lt;/td&gt;&#34;, &#34;&lt;td class=\&#34;col-duration\&#34;&gt;9 ms&lt;/td&gt;&#34;, &#34;&lt;td class=\&#34;col-links\&#34;&gt;&lt;/td&gt;&#34;], &#34;log&#34;: &#34;No log output captured.&#34;}], &#34;src/tests/services_test/test_user_service.py::TestUserService::test_login_user_invalid_password&#34;: [{&#34;extras&#34;: [], &#34;result&#34;: &#34;Passed&#34;, &#34;testId&#34;: &#34;src/tests/services_test/test_user_service.py::TestUserService::test_login_user_invalid_password&#34;, &#34;duration&#34;: &#34;7 ms&#34;, &#34;resultsTableRow&#34;: [&#34;&lt;td class=\&#34;col-result\&#34;&gt;Passed&lt;/td&gt;&#34;, &#34;&lt;td class=\&#34;col-testId\&#34;&gt;src/tests/services_test/test_user_service.py::TestUserService::test_login_user_invalid_password&lt;/td&gt;&#34;, &#34;&lt;td class=\&#34;col-duration\&#34;&gt;7 ms&lt;/td&gt;&#34;, &#34;&lt;td class=\&#34;col-links\&#34;&gt;&lt;/td&gt;&#34;], &#34;log&#34;: &#34;No log output captured.&#34;}], &#34;src/tests/services_test/test_user_service.py::TestUserService::test_login_user_not_found&#34;: [{&#34;extras&#34;: [], &#34;result&#34;: &#34;Passed&#34;, &#34;testId&#34;: &#34;src/tests/services_test/test_user_service.py::TestUserService::test_login_user_not_found&#34;, &#34;duration&#34;: &#34;6 ms&#34;, &#34;resultsTableRow&#34;: [&#34;&lt;td class=\&#34;col-result\&#34;&gt;Passed&lt;/td&gt;&#34;, &#34;&lt;td class=\&#34;col-testId\&#34;&gt;src/tests/services_test/test_user_service.py::TestUserService::test_login_user_not_found&lt;/td&gt;&#34;, &#34;&lt;td class=\&#34;col-duration\&#34;&gt;6 ms&lt;/td&gt;&#34;, &#34;&lt;td class=\&#34;col-links\&#34;&gt;&lt;/td&gt;&#34;], &#34;log&#34;: &#34;No log output captured.&#34;}], &#34;src/tests/services_test/test_user_service.py::TestUserService::test_login_user_successfully&#34;: [{&#34;extras&#34;: [], &#34;result&#34;: &#34;Passed&#34;, &#34;testId&#34;: &#34;src/tests/services_test/test_user_service.py::TestUserService::test_login_user_successfully&#34;, &#34;duration&#34;: &#34;8 ms&#34;, &#34;resultsTableRow&#34;: [&#34;&lt;td class=\&#34;col-result\&#34;&gt;Passed&lt;/td&gt;&#34;, &#34;&lt;td class=\&#34;col-testId\&#34;&gt;src/tests/services_test/test_user_service.py::TestUserService::test_login_user_successfully&lt;/td&gt;&#34;, &#34;&lt;td class=\&#34;col-duration\&#34;&gt;8 ms&lt;/td&gt;&#34;, &#34;&lt;td class=\&#34;col-links\&#34;&gt;&lt;/td&gt;&#34;], &#34;log&#34;: &#34;No log output captured.&#34;}], &#34;src/tests/services_test/test_user_service.py::TestUserService::test_signup_user_already_exists&#34;: [{&#34;extras&#34;: [], &#34;result&#34;: &#34;Passed&#34;, &#34;testId&#34;: &#34;src/tests/services_test/test_user_service.py::TestUserService::test_signup_user_already_exists&#34;, &#34;duration&#34;: &#34;6 ms&#34;, &#34;resultsTableRow&#34;: [&#34;&lt;td class=\&#34;col-result\&#34;&gt;Passed&lt;/td&gt;&#34;, &#34;&lt;td class=\&#34;col-testId\&#34;&gt;src/tests/services_test/test_user_service.py::TestUserService::test_signup_user_already_exists&lt;/td&gt;&#34;, &#34;&lt;td class=\&#34;col-duration\&#34;&gt;6 ms&lt;/td&gt;&#34;, &#34;&lt;td class=\&#34;col-links\&#34;&gt;&lt;/td&gt;&#34;], &#34;log&#34;: &#34;No log output captured.&#34;}], &#34;src/tests/services_test/test_user_service.py::TestUserService::test_signup_user_successfully&#34;: [{&#34;extras&#34;: [], &#34;result&#34;: &#34;Passed&#34;, &#34;testId&#34;: &#34;src/tests/services_test/test_user_service.py::TestUserService::test_signup_user_successfully&#34;, &#34;duration&#34;: &#34;8 ms&#34;, &#34;resultsTableRow&#34;: [&#34;&lt;td class=\&#34;col-result\&#34;&gt;Passed&lt;/td&gt;&#34;, &#34;&lt;td class=\&#34;col-testId\&#34;&gt;src/tests/services_test/test_user_service.py::TestUserService::test_signup_user_successfully&lt;/td&gt;&#34;, &#34;&lt;td class=\&#34;col-duration\&#34;&gt;8 ms&lt;/td&gt;&#34;, &#34;&lt;td class=\&#34;col-links\&#34;&gt;&lt;/td&gt;&#34;], &#34;log&#34;: &#34;No log output captured.&#34;}], &#34;src/tests/utils/db/test_db.py::test_db_connection&#34;: [{&#34;extras&#34;: [], &#34;result&#34;: &#34;Passed&#34;, &#34;testId&#34;: &#34;src/tests/utils/db/test_db.py::test_db_connection&#34;, &#34;duration&#34;: &#34;22 ms&#34;, &#34;resultsTableRow&#34;: [&#34;&lt;td class=\&#34;col-result\&#34;&gt;Passed&lt;/td&gt;&#34;, &#34;&lt;td class=\&#34;col-testId\&#34;&gt;src/tests/utils/db/test_db.py::test_db_connection&lt;/td&gt;&#34;, &#34;&lt;td class=\&#34;col-duration\&#34;&gt;22 ms&lt;/td&gt;&#34;, &#34;&lt;td class=\&#34;col-links\&#34;&gt;&lt;/td&gt;&#34;], &#34;log&#34;: &#34;No log output captured.&#34;}], &#34;src/tests/utils/db/test_query.py::TestGenericQueryBuilder::test_delete&#34;: [{&#34;extras&#34;: [], &#34;result&#34;: &#34;Passed&#34;, &#34;testId&#34;: &#34;src/tests/utils/db/test_query.py::TestGenericQueryBuilder::test_delete&#34;, &#34;duration&#34;: &#34;6 ms&#34;, &#34;resultsTableRow&#34;: [&#34;&lt;td class=\&#34;col-result\&#34;&gt;Passed&lt;/td&gt;&#34;, &#34;&lt;td class=\&#34;col-testId\&#34;&gt;src/tests/utils/db/test_query.py::TestGenericQueryBuilder::test_delete&lt;/td&gt;&#34;, &#34;&lt;td class=\&#34;col-duration\&#34;&gt;6 ms&lt;/td&gt;&#34;, &#34;&lt;td class=\&#34;col-links\&#34;&gt;&lt;/td&gt;&#34;], &#34;log&#34;: &#34;No log output captured.&#34;}], &#34;src/tests/utils/db/test_query.py::TestGenericQueryBuilder::test_insert&#34;: [{&#34;extras&#34;: [], &#34;result&#34;: &#34;Passed&#34;, &#34;testId&#34;: &#34;src/tests/utils/db/test_query.py::TestGenericQueryBuilder::test_insert&#34;, &#34;duration&#34;: &#34;3 ms&#34;, &#34;resultsTableRow&#34;: [&#34;&lt;td class=\&#34;col-result\&#34;&gt;Passed&lt;/td&gt;&#34;, &#34;&lt;td class=\&#34;col-testId\&#34;&gt;src/tests/utils/db/test_query.py::TestGenericQueryBuilder::test_insert&lt;/td&gt;&#34;, &#34;&lt;td class=\&#34;col-duration\&#34;&gt;3 ms&lt;/td&gt;&#34;, &#34;&lt;td class=\&#34;col-links\&#34;&gt;&lt;/td&gt;&#34;], &#34;log&#34;: &#34;No log output captured.&#34;}], &#34;src/tests/utils/db/test_query.py::TestGenericQueryBuilder::test_select_with_all_parameters&#34;: [{&#34;extras&#34;: [], &#34;result&#34;: &#34;Passed&#34;, &#34;testId&#34;: &#34;src/tests/utils/db/test_query.py::TestGenericQueryBuilder::test_select_with_all_parameters&#34;, &#34;duration&#34;: &#34;5 ms&#34;, &#34;resultsTableRow&#34;: [&#34;&lt;td class=\&#34;col-result\&#34;&gt;Passed&lt;/td&gt;&#34;, &#34;&lt;td class=\&#34;col-testId\&#34;&gt;src/tests/utils/db/test_query.py::TestGenericQueryBuilder::test_select_with_all_parameters&lt;/td&gt;&#34;, &#34;&lt;td class=\&#34;col-duration\&#34;&gt;5 ms&lt;/td&gt;&#34;, &#34;&lt;td class=\&#34;col-links\&#34;&gt;&lt;/td&gt;&#34;], &#34;log&#34;: &#34;No log output captured.&#34;}], &#34;src/tests/utils/db/test_query.py::TestGenericQueryBuilder::test_select_with_minimum_parameters&#34;: [{&#34;extras&#34;: [], &#34;result&#34;: &#34;Passed&#34;, &#34;testId&#34;: &#34;src/tests/utils/db/test_query.py::TestGenericQueryBuilder::test_select_with_minimum_parameters&#34;, &#34;duration&#34;: &#34;3 ms&#34;, &#34;resultsTableRow&#34;: [&#34;&lt;td class=\&#34;col-result\&#34;&gt;Passed&lt;/td&gt;&#34;, &#34;&lt;td class=\&#34;col-testId\&#34;&gt;src/tests/utils/db/test_query.py::TestGenericQueryBuilder::test_select_with_minimum_parameters&lt;/td&gt;&#34;, &#34;&lt;td class=\&#34;col-duration\&#34;&gt;3 ms&lt;/td&gt;&#34;, &#34;&lt;td class=\&#34;col-links\&#34;&gt;&lt;/td&gt;&#34;], &#34;log&#34;: &#34;No log output captured.&#34;}], &#34;src/tests/utils/db/test_query.py::TestGenericQueryBuilder::test_select_with_where_clause&#34;: [{&#34;extras&#34;: [], &#34;result&#34;: &#34;Passed&#34;, &#34;testId&#34;: &#34;src/tests/utils/db/test_query.py::TestGenericQueryBuilder::test_select_with_where_clause&#34;, &#34;duration&#34;: &#34;3 ms&#34;, &#34;resultsTableRow&#34;: [&#34;&lt;td class=\&#34;col-result\&#34;&gt;Passed&lt;/td&gt;&#34;, &#34;&lt;td class=\&#34;col-testId\&#34;&gt;src/tests/utils/db/test_query.py::TestGenericQueryBuilder::test_select_with_where_clause&lt;/td&gt;&#34;, &#34;&lt;td class=\&#34;col-duration\&#34;&gt;3 ms&lt;/td&gt;&#34;, &#34;&lt;td class=\&#34;col-links\&#34;&gt;&lt;/td&gt;&#34;], &#34;log&#34;: &#34;No log output captured.&#34;}], &#34;src/tests/utils/db/test_query.py::TestGenericQueryBuilder::test_update&#34;: [{&#34;extras&#34;: [], &#34;result&#34;: &#34;Passed&#34;, &#34;testId&#34;: &#34;src/tests/utils/db/test_query.py::TestGenericQueryBuilder::test_update&#34;, &#34;duration&#34;: &#34;3 ms&#34;, &#34;resultsTableRow&#34;: [&#34;&lt;td class=\&#34;col-result\&#34;&gt;Passed&lt;/td&gt;&#34;, &#34;&lt;td class=\&#34;col-testId\&#34;&gt;src/tests/utils/db/test_query.py::TestGenericQueryBuilder::test_update&lt;/td&gt;&#34;, &#34;&lt;td class=\&#34;col-duration\&#34;&gt;3 ms&lt;/td&gt;&#34;, &#34;&lt;td class=\&#34;col-links\&#34;&gt;&lt;/td&gt;&#34;], &#34;log&#34;: &#34;No log output captured.&#34;}], &#34;src/tests/utils/db/test_query.py::TestGenericQueryBuilder::test_update_single_column&#34;: [{&#34;extras&#34;: [], &#34;result&#34;: &#34;Passed&#34;, &#34;testId&#34;: &#34;src/tests/utils/db/test_query.py::TestGenericQueryBuilder::test_update_single_column&#34;, &#34;duration&#34;: &#34;4 ms&#34;, &#34;resultsTableRow&#34;: [&#34;&lt;td class=\&#34;col-result\&#34;&gt;Passed&lt;/td&gt;&#34;, &#34;&lt;td class=\&#34;col-testId\&#34;&gt;src/tests/utils/db/test_query.py::TestGenericQueryBuilder::test_update_single_column&lt;/td&gt;&#34;, &#34;&lt;td class=\&#34;col-duration\&#34;&gt;4 ms&lt;/td&gt;&#34;, &#34;&lt;td class=\&#34;col-links\&#34;&gt;&lt;/td&gt;&#34;], &#34;log&#34;: &#34;No log output captured.&#34;}], &#34;src/tests/utils/test_utils.py::TestUtils::test_admin_decorator_with_admin_role&#34;: [{&#34;extras&#34;: [], &#34;result&#34;: &#34;Passed&#34;, &#34;testId&#34;: &#34;src/tests/utils/test_utils.py::TestUtils::test_admin_decorator_with_admin_role&#34;, &#34;duration&#34;: &#34;5 ms&#34;, &#34;resultsTableRow&#34;: [&#34;&lt;td class=\&#34;col-result\&#34;&gt;Passed&lt;/td&gt;&#34;, &#34;&lt;td class=\&#34;col-testId\&#34;&gt;src/tests/utils/test_utils.py::TestUtils::test_admin_decorator_with_admin_role&lt;/td&gt;&#34;, &#34;&lt;td class=\&#34;col-duration\&#34;&gt;5 ms&lt;/td&gt;&#34;, &#34;&lt;td class=\&#34;col-links\&#34;&gt;&lt;/td&gt;&#34;], &#34;log&#34;: &#34;No log output captured.&#34;}], &#34;src/tests/utils/test_utils.py::TestUtils::test_admin_decorator_with_non_admin_role&#34;: [{&#34;extras&#34;: [], &#34;result&#34;: &#34;Passed&#34;, &#34;testId&#34;: &#34;src/tests/utils/test_utils.py::TestUtils::test_admin_decorator_with_non_admin_role&#34;, &#34;duration&#34;: &#34;3 ms&#34;, &#34;resultsTableRow&#34;: [&#34;&lt;td class=\&#34;col-result\&#34;&gt;Passed&lt;/td&gt;&#34;, &#34;&lt;td class=\&#34;col-testId\&#34;&gt;src/tests/utils/test_utils.py::TestUtils::test_admin_decorator_with_non_admin_role&lt;/td&gt;&#34;, &#34;&lt;td class=\&#34;col-duration\&#34;&gt;3 ms&lt;/td&gt;&#34;, &#34;&lt;td class=\&#34;col-links\&#34;&gt;&lt;/td&gt;&#34;], &#34;log&#34;: &#34;No log output captured.&#34;}], &#34;src/tests/utils/test_utils.py::TestUtils::test_check_password&#34;: [{&#34;extras&#34;: [], &#34;result&#34;: &#34;Passed&#34;, &#34;testId&#34;: &#34;src/tests/utils/test_utils.py::TestUtils::test_check_password&#34;, &#34;duration&#34;: &#34;00:00:03&#34;, &#34;resultsTableRow&#34;: [&#34;&lt;td class=\&#34;col-result\&#34;&gt;Passed&lt;/td&gt;&#34;, &#34;&lt;td class=\&#34;col-testId\&#34;&gt;src/tests/utils/test_utils.py::TestUtils::test_check_password&lt;/td&gt;&#34;, &#34;&lt;td class=\&#34;col-duration\&#34;&gt;00:00:03&lt;/td&gt;&#34;, &#34;&lt;td class=\&#34;col-links\&#34;&gt;&lt;/td&gt;&#34;], &#34;log&#34;: &#34;No log output captured.&#34;}], &#34;src/tests/utils/test_utils.py::TestUtils::test_create_jwt_token&#34;: [{&#34;extras&#34;: [], &#34;result&#34;: &#34;Passed&#34;, &#34;testId&#34;: &#34;src/tests/utils/test_utils.py::TestUtils::test_create_jwt_token&#34;, &#34;duration&#34;: &#34;3 ms&#34;, &#34;resultsTableRow&#34;: [&#34;&lt;td class=\&#34;col-result\&#34;&gt;Passed&lt;/td&gt;&#34;, &#34;&lt;td class=\&#34;col-testId\&#34;&gt;src/tests/utils/test_utils.py::TestUtils::test_create_jwt_token&lt;/td&gt;&#34;, &#34;&lt;td class=\&#34;col-duration\&#34;&gt;3 ms&lt;/td&gt;&#34;, &#34;&lt;td class=\&#34;col-links\&#34;&gt;&lt;/td&gt;&#34;], &#34;log&#34;: &#34;No log output captured.&#34;}], &#34;src/tests/utils/test_utils.py::TestUtils::test_decode_jwt_token&#34;: [{&#34;extras&#34;: [], &#34;result&#34;: &#34;Passed&#34;, &#34;testId&#34;: &#34;src/tests/utils/test_utils.py::TestUtils::test_decode_jwt_token&#34;, &#34;duration&#34;: &#34;4 ms&#34;, &#34;resultsTableRow&#34;: [&#34;&lt;td class=\&#34;col-result\&#34;&gt;Passed&lt;/td&gt;&#34;, &#34;&lt;td class=\&#34;col-testId\&#34;&gt;src/tests/utils/test_utils.py::TestUtils::test_decode_jwt_token&lt;/td&gt;&#34;, &#34;&lt;td class=\&#34;col-duration\&#34;&gt;4 ms&lt;/td&gt;&#34;, &#34;&lt;td class=\&#34;col-links\&#34;&gt;&lt;/td&gt;&#34;], &#34;log&#34;: &#34;No log output captured.&#34;}], &#34;src/tests/utils/test_utils.py::TestUtils::test_hash_password&#34;: [{&#34;extras&#34;: [], &#34;result&#34;: &#34;Passed&#34;, &#34;testId&#34;: &#34;src/tests/utils/test_utils.py::TestUtils::test_hash_password&#34;, &#34;duration&#34;: &#34;00:00:01&#34;, &#34;resultsTableRow&#34;: [&#34;&lt;td class=\&#34;col-result\&#34;&gt;Passed&lt;/td&gt;&#34;, &#34;&lt;td class=\&#34;col-testId\&#34;&gt;src/tests/utils/test_utils.py::TestUtils::test_hash_password&lt;/td&gt;&#34;, &#34;&lt;td class=\&#34;col-duration\&#34;&gt;00:00:01&lt;/td&gt;&#34;, &#34;&lt;td class=\&#34;col-links\&#34;&gt;&lt;/td&gt;&#34;], &#34;log&#34;: &#34;No log output captured.&#34;}], &#34;src/tests/utils/test_utils.py::TestUtils::test_user_decorator_with_non_user_role&#34;: [{&#34;extras&#34;: [], &#34;result&#34;: &#34;Passed&#34;, &#34;testId&#34;: &#34;src/tests/utils/test_utils.py::TestUtils::test_user_decorator_with_non_user_role&#34;, &#34;duration&#34;: &#34;4 ms&#34;, &#34;resultsTableRow&#34;: [&#34;&lt;td class=\&#34;col-result\&#34;&gt;Passed&lt;/td&gt;&#34;, &#34;&lt;td class=\&#34;col-testId\&#34;&gt;src/tests/utils/test_utils.py::TestUtils::test_user_decorator_with_non_user_role&lt;/td&gt;&#34;, &#34;&lt;td class=\&#34;col-duration\&#34;&gt;4 ms&lt;/td&gt;&#34;, &#34;&lt;td class=\&#34;col-links\&#34;&gt;&lt;/td&gt;&#34;], &#34;log&#34;: &#34;No log output captured.&#34;}], &#34;src/tests/utils/test_utils.py::TestUtils::test_user_decorator_with_user_role&#34;: [{&#34;extras&#34;: [], &#34;result&#34;: &#34;Passed&#34;, &#34;testId&#34;: &#34;src/tests/utils/test_utils.py::TestUtils::test_user_decorator_with_user_role&#34;, &#34;duration&#34;: &#34;4 ms&#34;, &#34;resultsTableRow&#34;: [&#34;&lt;td class=\&#34;col-result\&#34;&gt;Passed&lt;/td&gt;&#34;, &#34;&lt;td class=\&#34;col-testId\&#34;&gt;src/tests/utils/test_utils.py::TestUtils::test_user_decorator_with_user_role&lt;/td&gt;&#34;, &#34;&lt;td class=\&#34;col-duration\&#34;&gt;4 ms&lt;/td&gt;&#34;, &#34;&lt;td class=\&#34;col-links\&#34;&gt;&lt;/td&gt;&#34;], &#34;log&#34;: &#34;No log output captured.&#34;}], &#34;src/tests/utils/validators/test_validators.py::TestValidators::test_is_email_valid&#34;: [{&#34;extras&#34;: [], &#34;result&#34;: &#34;Passed&#34;, &#34;testId&#34;: &#34;src/tests/utils/validators/test_validators.py::TestValidators::test_is_email_valid&#34;, &#34;duration&#34;: &#34;13 ms&#34;, &#34;resultsTableRow&#34;: [&#34;&lt;td class=\&#34;col-result\&#34;&gt;Passed&lt;/td&gt;&#34;, &#34;&lt;td class=\&#34;col-testId\&#34;&gt;src/tests/utils/validators/test_validators.py::TestValidators::test_is_email_valid&lt;/td&gt;&#34;, &#34;&lt;td class=\&#34;col-duration\&#34;&gt;13 ms&lt;/td&gt;&#34;, &#34;&lt;td class=\&#34;col-links\&#34;&gt;&lt;/td&gt;&#34;], &#34;log&#34;: &#34;No log output captured.&#34;}], &#34;src/tests/utils/validators/test_validators.py::TestValidators::test_is_name_valid&#34;: [{&#34;extras&#34;: [], &#34;result&#34;: &#34;Passed&#34;, &#34;testId&#34;: &#34;src/tests/utils/validators/test_validators.py::TestValidators::test_is_name_valid&#34;, &#34;duration&#34;: &#34;4 ms&#34;, &#34;resultsTableRow&#34;: [&#34;&lt;td class=\&#34;col-result\&#34;&gt;Passed&lt;/td&gt;&#34;, &#34;&lt;td class=\&#34;col-testId\&#34;&gt;src/tests/utils/validators/test_validators.py::TestValidators::test_is_name_valid&lt;/td&gt;&#34;, &#34;&lt;td class=\&#34;col-duration\&#34;&gt;4 ms&lt;/td&gt;&#34;, &#34;&lt;td class=\&#34;col-links\&#34;&gt;&lt;/td&gt;&#34;], &#34;log&#34;: &#34;No log output captured.&#34;}], &#34;src/tests/utils/validators/test_validators.py::TestValidators::test_is_password_valid&#34;: [{&#34;extras&#34;: [], &#34;result&#34;: &#34;Passed&#34;, &#34;testId&#34;: &#34;src/tests/utils/validators/test_validators.py::TestValidators::test_is_password_valid&#34;, &#34;duration&#34;: &#34;3 ms&#34;, &#34;resultsTableRow&#34;: [&#34;&lt;td class=\&#34;col-result\&#34;&gt;Passed&lt;/td&gt;&#34;, &#34;&lt;td class=\&#34;col-testId\&#34;&gt;src/tests/utils/validators/test_validators.py::TestValidators::test_is_password_valid&lt;/td&gt;&#34;, &#34;&lt;td class=\&#34;col-duration\&#34;&gt;3 ms&lt;/td&gt;&#34;, &#34;&lt;td class=\&#34;col-links\&#34;&gt;&lt;/td&gt;&#34;], &#34;log&#34;: &#34;No log output captured.&#34;}], &#34;src/tests/utils/validators/test_validators.py::TestValidators::test_is_year_valid&#34;: [{&#34;extras&#34;: [], &#34;result&#34;: &#34;Passed&#34;, &#34;testId&#34;: &#34;src/tests/utils/validators/test_validators.py::TestValidators::test_is_year_valid&#34;, &#34;duration&#34;: &#34;6 ms&#34;, &#34;resultsTableRow&#34;: [&#34;&lt;td class=\&#34;col-result\&#34;&gt;Passed&lt;/td&gt;&#34;, &#34;&lt;td class=\&#34;col-testId\&#34;&gt;src/tests/utils/validators/test_validators.py::TestValidators::test_is_year_valid&lt;/td&gt;&#34;, &#34;&lt;td class=\&#34;col-duration\&#34;&gt;6 ms&lt;/td&gt;&#34;, &#34;&lt;td class=\&#34;col-links\&#34;&gt;&lt;/td&gt;&#34;], &#34;log&#34;: &#34;No log output captured.&#34;}]}, &#34;renderCollapsed&#34;: [&#34;passed&#34;], &#34;initialSort&#34;: &#34;result&#34;, &#34;title&#34;: &#34;report.html&#34;}"></div>
    <script>
      (function(){function r(e,n,t){function o(i,f){if(!n[i]){if(!e[i]){var c="function"==typeof require&&require;if(!f&&c)return c(i,!0);if(u)return u(i,!0);var a=new Error("Cannot find module '"+i+"'");throw a.code="MODULE_NOT_FOUND",a}var p=n[i]={exports:{}};e[i][0].call(p.exports,function(r){var n=e[i][1][r];return o(n||r)},p,p.exports,r,e,n,t)}return n[i].exports}for(var u="function"==typeof require&&require,i=0;i<t.length;i++)o(t[i]);return o}return r})()({1:[function(require,module,exports){
const { getCollapsedCategory, setCollapsedIds } = require('./storage.js')

class DataManager {
    setManager(data) {
        const collapsedCategories = [...getCollapsedCategory(data.renderCollapsed)]
        const collapsedIds = []
        const tests = Object.values(data.tests).flat().map((test, index) => {
            const collapsed = collapsedCategories.includes(test.result.toLowerCase())
            const id = `test_${index}`
            if (collapsed) {
                collapsedIds.push(id)
            }
            return {
                ...test,
                id,
                collapsed,
            }
        })
        const dataBlob = { ...data, tests }
        this.data = { ...dataBlob }
        this.renderData = { ...dataBlob }
        setCollapsedIds(collapsedIds)
    }

    get allData() {
        return { ...this.data }
    }

    resetRender() {
        this.renderData = { ...this.data }
    }

    setRender(data) {
        this.renderData.tests = [...data]
    }

    toggleCollapsedItem(id) {
        this.renderData.tests = this.renderData.tests.map((test) =>
            test.id === id ? { ...test, collapsed: !test.collapsed } : test,
        )
    }

    set allCollapsed(collapsed) {
        this.renderData = { ...this.renderData, tests: [...this.renderData.tests.map((test) => (
            { ...test, collapsed }
        ))] }
    }

    get testSubset() {
        return [...this.renderData.tests]
    }

    get environment() {
        return this.renderData.environment
    }

    get initialSort() {
        return this.data.initialSort
    }
}

module.exports = {
    manager: new DataManager(),
}

},{"./storage.js":8}],2:[function(require,module,exports){
const mediaViewer = require('./mediaviewer.js')
const templateEnvRow = document.getElementById('template_environment_row')
const templateResult = document.getElementById('template_results-table__tbody')

function htmlToElements(html) {
    const temp = document.createElement('template')
    temp.innerHTML = html
    return temp.content.childNodes
}

const find = (selector, elem) => {
    if (!elem) {
        elem = document
    }
    return elem.querySelector(selector)
}

const findAll = (selector, elem) => {
    if (!elem) {
        elem = document
    }
    return [...elem.querySelectorAll(selector)]
}

const dom = {
    getStaticRow: (key, value) => {
        const envRow = templateEnvRow.content.cloneNode(true)
        const isObj = typeof value === 'object' && value !== null
        const values = isObj ? Object.keys(value).map((k) => `${k}: ${value[k]}`) : null

        const valuesElement = htmlToElements(
            values ? `<ul>${values.map((val) => `<li>${val}</li>`).join('')}<ul>` : `<div>${value}</div>`)[0]
        const td = findAll('td', envRow)
        td[0].textContent = key
        td[1].appendChild(valuesElement)

        return envRow
    },
    getResultTBody: ({ testId, id, log, extras, resultsTableRow, tableHtml, result, collapsed }) => {
        const resultBody = templateResult.content.cloneNode(true)
        resultBody.querySelector('tbody').classList.add(result.toLowerCase())
        resultBody.querySelector('tbody').id = testId
        resultBody.querySelector('.collapsible').dataset.id = id

        resultsTableRow.forEach((html) => {
            const t = document.createElement('template')
            t.innerHTML = html
            resultBody.querySelector('.collapsible').appendChild(t.content)
        })

        if (log) {
            // Wrap lines starting with "E" with span.error to color those lines red
            const wrappedLog = log.replace(/^E.*$/gm, (match) => `<span class="error">${match}</span>`)
            resultBody.querySelector('.log').innerHTML = wrappedLog
        } else {
            resultBody.querySelector('.log').remove()
        }

        if (collapsed) {
            resultBody.querySelector('.collapsible > td')?.classList.add('collapsed')
            resultBody.querySelector('.extras-row').classList.add('hidden')
        } else {
            resultBody.querySelector('.collapsible > td')?.classList.remove('collapsed')
        }

        const media = []
        extras?.forEach(({ name, format_type, content }) => {
            if (['image', 'video'].includes(format_type)) {
                media.push({ path: content, name, format_type })
            }

            if (format_type === 'html') {
                resultBody.querySelector('.extraHTML').insertAdjacentHTML('beforeend', `<div>${content}</div>`)
            }
        })
        mediaViewer.setup(resultBody, media)

        // Add custom html from the pytest_html_results_table_html hook
        tableHtml?.forEach((item) => {
            resultBody.querySelector('td[class="extra"]').insertAdjacentHTML('beforeend', item)
        })

        return resultBody
    },
}

module.exports = {
    dom,
    htmlToElements,
    find,
    findAll,
}

},{"./mediaviewer.js":6}],3:[function(require,module,exports){
const { manager } = require('./datamanager.js')
const { doSort } = require('./sort.js')
const storageModule = require('./storage.js')

const getFilteredSubSet = (filter) =>
    manager.allData.tests.filter(({ result }) => filter.includes(result.toLowerCase()))

const doInitFilter = () => {
    const currentFilter = storageModule.getVisible()
    const filteredSubset = getFilteredSubSet(currentFilter)
    manager.setRender(filteredSubset)
}

const doFilter = (type, show) => {
    if (show) {
        storageModule.showCategory(type)
    } else {
        storageModule.hideCategory(type)
    }

    const currentFilter = storageModule.getVisible()
    const filteredSubset = getFilteredSubSet(currentFilter)
    manager.setRender(filteredSubset)

    const sortColumn = storageModule.getSort()
    doSort(sortColumn, true)
}

module.exports = {
    doFilter,
    doInitFilter,
}

},{"./datamanager.js":1,"./sort.js":7,"./storage.js":8}],4:[function(require,module,exports){
const { redraw, bindEvents, renderStatic } = require('./main.js')
const { doInitFilter } = require('./filter.js')
const { doInitSort } = require('./sort.js')
const { manager } = require('./datamanager.js')
const data = JSON.parse(document.getElementById('data-container').dataset.jsonblob)

function init() {
    manager.setManager(data)
    doInitFilter()
    doInitSort()
    renderStatic()
    redraw()
    bindEvents()
}

init()

},{"./datamanager.js":1,"./filter.js":3,"./main.js":5,"./sort.js":7}],5:[function(require,module,exports){
const { dom, find, findAll } = require('./dom.js')
const { manager } = require('./datamanager.js')
const { doSort } = require('./sort.js')
const { doFilter } = require('./filter.js')
const {
    getVisible,
    getCollapsedIds,
    setCollapsedIds,
    getSort,
    getSortDirection,
    possibleFilters,
} = require('./storage.js')

const removeChildren = (node) => {
    while (node.firstChild) {
        node.removeChild(node.firstChild)
    }
}

const renderStatic = () => {
    const renderEnvironmentTable = () => {
        const environment = manager.environment
        const rows = Object.keys(environment).map((key) => dom.getStaticRow(key, environment[key]))
        const table = document.getElementById('environment')
        removeChildren(table)
        rows.forEach((row) => table.appendChild(row))
    }
    renderEnvironmentTable()
}

const addItemToggleListener = (elem) => {
    elem.addEventListener('click', ({ target }) => {
        const id = target.parentElement.dataset.id
        manager.toggleCollapsedItem(id)

        const collapsedIds = getCollapsedIds()
        if (collapsedIds.includes(id)) {
            const updated = collapsedIds.filter((item) => item !== id)
            setCollapsedIds(updated)
        } else {
            collapsedIds.push(id)
            setCollapsedIds(collapsedIds)
        }
        redraw()
    })
}

const renderContent = (tests) => {
    const sortAttr = getSort(manager.initialSort)
    const sortAsc = JSON.parse(getSortDirection())
    const rows = tests.map(dom.getResultTBody)
    const table = document.getElementById('results-table')
    const tableHeader = document.getElementById('results-table-head')

    const newTable = document.createElement('table')
    newTable.id = 'results-table'

    // remove all sorting classes and set the relevant
    findAll('.sortable', tableHeader).forEach((elem) => elem.classList.remove('asc', 'desc'))
    tableHeader.querySelector(`.sortable[data-column-type="${sortAttr}"]`)?.classList.add(sortAsc ? 'desc' : 'asc')
    newTable.appendChild(tableHeader)

    if (!rows.length) {
        const emptyTable = document.getElementById('template_results-table__body--empty').content.cloneNode(true)
        newTable.appendChild(emptyTable)
    } else {
        rows.forEach((row) => {
            if (!!row) {
                findAll('.collapsible td:not(.col-links', row).forEach(addItemToggleListener)
                find('.logexpander', row).addEventListener('click',
                    (evt) => evt.target.parentNode.classList.toggle('expanded'),
                )
                newTable.appendChild(row)
            }
        })
    }

    table.replaceWith(newTable)
}

const renderDerived = () => {
    const currentFilter = getVisible()
    possibleFilters.forEach((result) => {
        const input = document.querySelector(`input[data-test-result="${result}"]`)
        input.checked = currentFilter.includes(result)
    })
}

const bindEvents = () => {
    const filterColumn = (evt) => {
        const { target: element } = evt
        const { testResult } = element.dataset

        doFilter(testResult, element.checked)
        const collapsedIds = getCollapsedIds()
        const updated = manager.renderData.tests.map((test) => {
            return {
                ...test,
                collapsed: collapsedIds.includes(test.id),
            }
        })
        manager.setRender(updated)
        redraw()
    }

    const header = document.getElementById('environment-header')
    header.addEventListener('click', () => {
        const table = document.getElementById('environment')
        table.classList.toggle('hidden')
        header.classList.toggle('collapsed')
    })

    findAll('input[name="filter_checkbox"]').forEach((elem) => {
        elem.addEventListener('click', filterColumn)
    })

    findAll('.sortable').forEach((elem) => {
        elem.addEventListener('click', (evt) => {
            const { target: element } = evt
            const { columnType } = element.dataset
            doSort(columnType)
            redraw()
        })
    })

    document.getElementById('show_all_details').addEventListener('click', () => {
        manager.allCollapsed = false
        setCollapsedIds([])
        redraw()
    })
    document.getElementById('hide_all_details').addEventListener('click', () => {
        manager.allCollapsed = true
        const allIds = manager.renderData.tests.map((test) => test.id)
        setCollapsedIds(allIds)
        redraw()
    })
}

const redraw = () => {
    const { testSubset } = manager

    renderContent(testSubset)
    renderDerived()
}

module.exports = {
    redraw,
    bindEvents,
    renderStatic,
}

},{"./datamanager.js":1,"./dom.js":2,"./filter.js":3,"./sort.js":7,"./storage.js":8}],6:[function(require,module,exports){
class MediaViewer {
    constructor(assets) {
        this.assets = assets
        this.index = 0
    }

    nextActive() {
        this.index = this.index === this.assets.length - 1 ? 0 : this.index + 1
        return [this.activeFile, this.index]
    }

    prevActive() {
        this.index = this.index === 0 ? this.assets.length - 1 : this.index -1
        return [this.activeFile, this.index]
    }

    get currentIndex() {
        return this.index
    }

    get activeFile() {
        return this.assets[this.index]
    }
}


const setup = (resultBody, assets) => {
    if (!assets.length) {
        resultBody.querySelector('.media').classList.add('hidden')
        return
    }

    const mediaViewer = new MediaViewer(assets)
    const container = resultBody.querySelector('.media-container')
    const leftArrow = resultBody.querySelector('.media-container__nav--left')
    const rightArrow = resultBody.querySelector('.media-container__nav--right')
    const mediaName = resultBody.querySelector('.media__name')
    const counter = resultBody.querySelector('.media__counter')
    const imageEl = resultBody.querySelector('img')
    const sourceEl = resultBody.querySelector('source')
    const videoEl = resultBody.querySelector('video')

    const setImg = (media, index) => {
        if (media?.format_type === 'image') {
            imageEl.src = media.path

            imageEl.classList.remove('hidden')
            videoEl.classList.add('hidden')
        } else if (media?.format_type === 'video') {
            sourceEl.src = media.path

            videoEl.classList.remove('hidden')
            imageEl.classList.add('hidden')
        }

        mediaName.innerText = media?.name
        counter.innerText = `${index + 1} / ${assets.length}`
    }
    setImg(mediaViewer.activeFile, mediaViewer.currentIndex)

    const moveLeft = () => {
        const [media, index] = mediaViewer.prevActive()
        setImg(media, index)
    }
    const doRight = () => {
        const [media, index] = mediaViewer.nextActive()
        setImg(media, index)
    }
    const openImg = () => {
        window.open(mediaViewer.activeFile.path, '_blank')
    }
    if (assets.length === 1) {
        container.classList.add('media-container--fullscreen')
    } else {
        leftArrow.addEventListener('click', moveLeft)
        rightArrow.addEventListener('click', doRight)
    }
    imageEl.addEventListener('click', openImg)
}

module.exports = {
    setup,
}

},{}],7:[function(require,module,exports){
const { manager } = require('./datamanager.js')
const storageModule = require('./storage.js')

const genericSort = (list, key, ascending, customOrder) => {
    let sorted
    if (customOrder) {
        sorted = list.sort((a, b) => {
            const aValue = a.result.toLowerCase()
            const bValue = b.result.toLowerCase()

            const aIndex = customOrder.findIndex((item) => item.toLowerCase() === aValue)
            const bIndex = customOrder.findIndex((item) => item.toLowerCase() === bValue)

            // Compare the indices to determine the sort order
            return aIndex - bIndex
        })
    } else {
        sorted = list.sort((a, b) => a[key] === b[key] ? 0 : a[key] > b[key] ? 1 : -1)
    }

    if (ascending) {
        sorted.reverse()
    }
    return sorted
}

const durationSort = (list, ascending) => {
    const parseDuration = (duration) => {
        if (duration.includes(':')) {
            // If it's in the format "HH:mm:ss"
            const [hours, minutes, seconds] = duration.split(':').map(Number)
            return (hours * 3600 + minutes * 60 + seconds) * 1000
        } else {
            // If it's in the format "nnn ms"
            return parseInt(duration)
        }
    }
    const sorted = list.sort((a, b) => parseDuration(a['duration']) - parseDuration(b['duration']))
    if (ascending) {
        sorted.reverse()
    }
    return sorted
}

const doInitSort = () => {
    const type = storageModule.getSort(manager.initialSort)
    const ascending = storageModule.getSortDirection()
    const list = manager.testSubset
    const initialOrder = ['Error', 'Failed', 'Rerun', 'XFailed', 'XPassed', 'Skipped', 'Passed']

    storageModule.setSort(type)
    storageModule.setSortDirection(ascending)

    if (type?.toLowerCase() === 'original') {
        manager.setRender(list)
    } else {
        let sortedList
        switch (type) {
        case 'duration':
            sortedList = durationSort(list, ascending)
            break
        case 'result':
            sortedList = genericSort(list, type, ascending, initialOrder)
            break
        default:
            sortedList = genericSort(list, type, ascending)
            break
        }
        manager.setRender(sortedList)
    }
}

const doSort = (type, skipDirection) => {
    const newSortType = storageModule.getSort(manager.initialSort) !== type
    const currentAsc = storageModule.getSortDirection()
    let ascending
    if (skipDirection) {
        ascending = currentAsc
    } else {
        ascending = newSortType ? false : !currentAsc
    }
    storageModule.setSort(type)
    storageModule.setSortDirection(ascending)

    const list = manager.testSubset
    const sortedList = type === 'duration' ? durationSort(list, ascending) : genericSort(list, type, ascending)
    manager.setRender(sortedList)
}

module.exports = {
    doInitSort,
    doSort,
}

},{"./datamanager.js":1,"./storage.js":8}],8:[function(require,module,exports){
const possibleFilters = [
    'passed',
    'skipped',
    'failed',
    'error',
    'xfailed',
    'xpassed',
    'rerun',
]

const getVisible = () => {
    const url = new URL(window.location.href)
    const settings = new URLSearchParams(url.search).get('visible')
    const lower = (item) => {
        const lowerItem = item.toLowerCase()
        if (possibleFilters.includes(lowerItem)) {
            return lowerItem
        }
        return null
    }
    return settings === null ?
        possibleFilters :
        [...new Set(settings?.split(',').map(lower).filter((item) => item))]
}

const hideCategory = (categoryToHide) => {
    const url = new URL(window.location.href)
    const visibleParams = new URLSearchParams(url.search).get('visible')
    const currentVisible = visibleParams ? visibleParams.split(',') : [...possibleFilters]
    const settings = [...new Set(currentVisible)].filter((f) => f !== categoryToHide).join(',')

    url.searchParams.set('visible', settings)
    window.history.pushState({}, null, unescape(url.href))
}

const showCategory = (categoryToShow) => {
    if (typeof window === 'undefined') {
        return
    }
    const url = new URL(window.location.href)
    const currentVisible = new URLSearchParams(url.search).get('visible')?.split(',').filter(Boolean) ||
        [...possibleFilters]
    const settings = [...new Set([categoryToShow, ...currentVisible])]
    const noFilter = possibleFilters.length === settings.length || !settings.length

    noFilter ? url.searchParams.delete('visible') : url.searchParams.set('visible', settings.join(','))
    window.history.pushState({}, null, unescape(url.href))
}

const getSort = (initialSort) => {
    const url = new URL(window.location.href)
    let sort = new URLSearchParams(url.search).get('sort')
    if (!sort) {
        sort = initialSort || 'result'
    }
    return sort
}

const setSort = (type) => {
    const url = new URL(window.location.href)
    url.searchParams.set('sort', type)
    window.history.pushState({}, null, unescape(url.href))
}

const getCollapsedCategory = (renderCollapsed) => {
    let categories
    if (typeof window !== 'undefined') {
        const url = new URL(window.location.href)
        const collapsedItems = new URLSearchParams(url.search).get('collapsed')
        switch (true) {
        case !renderCollapsed && collapsedItems === null:
            categories = ['passed']
            break
        case collapsedItems?.length === 0 || /^["']{2}$/.test(collapsedItems):
            categories = []
            break
        case /^all$/.test(collapsedItems) || collapsedItems === null && /^all$/.test(renderCollapsed):
            categories = [...possibleFilters]
            break
        default:
            categories = collapsedItems?.split(',').map((item) => item.toLowerCase()) || renderCollapsed
            break
        }
    } else {
        categories = []
    }
    return categories
}

const getSortDirection = () => JSON.parse(sessionStorage.getItem('sortAsc')) || false
const setSortDirection = (ascending) => sessionStorage.setItem('sortAsc', ascending)

const getCollapsedIds = () => JSON.parse(sessionStorage.getItem('collapsedIds')) || []
const setCollapsedIds = (list) => sessionStorage.setItem('collapsedIds', JSON.stringify(list))

module.exports = {
    getVisible,
    hideCategory,
    showCategory,
    getCollapsedIds,
    setCollapsedIds,
    getSort,
    setSort,
    getSortDirection,
    setSortDirection,
    getCollapsedCategory,
    possibleFilters,
}

},{}]},{},[4]);
    </script>
  </footer>
</html>